  main.cpp
E:\Ziqi\shared\cmake\..\..\external\nanogui\include\nanogui/layout.h(275): warning C4996: '_snprintf': This function or variable may be unsafe. Consider using _snprintf_s instead. To disable deprecation, use _CRT_SECURE_NO_WARNINGS. See online help for details.
  C:\Program Files (x86)\Windows Kits\10\Include\10.0.10240.0\ucrt\stdio.h(1952): note: 参见“_snprintf”的声明
e:\ziqi\src\menu_function.h : warning C4819: 该文件包含不能在当前代码页(936)中表示的字符。请将该文件保存为 Unicode 格式以防止数据丢失
e:\ziqi\include\igl\viewer\OpenGL_shader.cpp(114): warning C4244: “参数”: 从“__int64”转换到“GLint”，可能丢失数据
E:\Ziqi\shared\cmake\..\..\include\igl/material_colors.h(16): warning C4838: 从“double”转换到“const float”需要收缩转换
E:\Ziqi\shared\cmake\..\..\include\igl/material_colors.h(16): warning C4305: “初始化”: 从“double”到“const float”截断
E:\Ziqi\shared\cmake\..\..\include\igl/material_colors.h(17): warning C4838: 从“double”转换到“const float”需要收缩转换
E:\Ziqi\shared\cmake\..\..\include\igl/material_colors.h(17): warning C4305: “初始化”: 从“double”到“const float”截断
E:\Ziqi\shared\cmake\..\..\include\igl/material_colors.h(18): warning C4838: 从“double”转换到“const float”需要收缩转换
E:\Ziqi\shared\cmake\..\..\include\igl/material_colors.h(18): warning C4305: “初始化”: 从“double”到“const float”截断
E:\Ziqi\shared\cmake\..\..\include\igl/material_colors.h(23): warning C4838: 从“double”转换到“const float”需要收缩转换
E:\Ziqi\shared\cmake\..\..\include\igl/material_colors.h(23): warning C4305: “初始化”: 从“double”到“const float”截断
E:\Ziqi\shared\cmake\..\..\include\igl/material_colors.h(24): warning C4838: 从“double”转换到“const float”需要收缩转换
E:\Ziqi\shared\cmake\..\..\include\igl/material_colors.h(24): warning C4305: “初始化”: 从“double”到“const float”截断
E:\Ziqi\shared\cmake\..\..\include\igl/material_colors.h(25): warning C4838: 从“double”转换到“const float”需要收缩转换
E:\Ziqi\shared\cmake\..\..\include\igl/material_colors.h(25): warning C4305: “初始化”: 从“double”到“const float”截断
E:\Ziqi\shared\cmake\..\..\include\igl/material_colors.h(26): warning C4838: 从“double”转换到“const float”需要收缩转换
E:\Ziqi\shared\cmake\..\..\include\igl/material_colors.h(26): warning C4305: “初始化”: 从“double”到“const float”截断
E:\Ziqi\shared\cmake\..\..\include\igl/material_colors.h(39): warning C4838: 从“double”转换到“const float”需要收缩转换
E:\Ziqi\shared\cmake\..\..\include\igl/material_colors.h(39): warning C4305: “初始化”: 从“double”到“const float”截断
E:\Ziqi\shared\cmake\..\..\include\igl/material_colors.h(40): warning C4838: 从“double”转换到“const float”需要收缩转换
E:\Ziqi\shared\cmake\..\..\include\igl/material_colors.h(40): warning C4305: “初始化”: 从“double”到“const float”截断
E:\Ziqi\shared\cmake\..\..\include\igl/material_colors.h(43): warning C4838: 从“double”转换到“const float”需要收缩转换
E:\Ziqi\shared\cmake\..\..\include\igl/material_colors.h(43): warning C4305: “初始化”: 从“double”到“const float”截断
E:\Ziqi\shared\cmake\..\..\include\igl/material_colors.h(44): warning C4838: 从“double”转换到“const float”需要收缩转换
E:\Ziqi\shared\cmake\..\..\include\igl/material_colors.h(44): warning C4305: “初始化”: 从“double”到“const float”截断
E:\Ziqi\shared\cmake\..\..\include\igl/material_colors.h(45): warning C4838: 从“double”转换到“const float”需要收缩转换
E:\Ziqi\shared\cmake\..\..\include\igl/material_colors.h(45): warning C4305: “初始化”: 从“double”到“const float”截断
E:\Ziqi\shared\cmake\..\..\include\igl/material_colors.h(47): warning C4305: “参数”: 从“double”到“const float”截断
E:\Ziqi\shared\cmake\..\..\include\igl/material_colors.h(48): warning C4305: “参数”: 从“double”到“const float”截断
E:\Ziqi\shared\cmake\..\..\include\igl/material_colors.h(49): warning C4305: “参数”: 从“double”到“const float”截断
E:\Ziqi\shared\cmake\..\..\include\igl/material_colors.h(50): warning C4305: “参数”: 从“double”到“const float”截断
E:\Ziqi\shared\cmake\..\..\include\igl/material_colors.h(51): warning C4305: “参数”: 从“double”到“const float”截断
E:\Ziqi\shared\cmake\..\..\include\igl/material_colors.h(52): warning C4305: “参数”: 从“double”到“const float”截断
E:\Ziqi\shared\cmake\..\..\include\igl/material_colors.h(54): warning C4305: “参数”: 从“double”到“const float”截断
E:\Ziqi\shared\cmake\..\..\include\igl/material_colors.h(55): warning C4305: “参数”: 从“double”到“const float”截断
E:\Ziqi\shared\cmake\..\..\include\igl/parula.h(57): warning C4305: “参数”: 从“double”到“const float”截断
e:\ziqi\include\igl\internal_angles.h : warning C4819: 该文件包含不能在当前代码页(936)中表示的字符。请将该文件保存为 Unicode 格式以防止数据丢失
e:\ziqi\include\igl\internal_angles.h : warning C4819: 该文件包含不能在当前代码页(936)中表示的字符。请将该文件保存为 Unicode 格式以防止数据丢失
e:\ziqi\include\igl\viewer\ViewerData.cpp(237): warning C4244: “初始化”: 从“__int64”转换到“int”，可能丢失数据
e:\ziqi\include\igl\viewer\ViewerData.cpp(286): warning C4244: “初始化”: 从“__int64”转换到“int”，可能丢失数据
e:\ziqi\include\igl\viewer\ViewerData.cpp(307): warning C4244: “初始化”: 从“__int64”转换到“int”，可能丢失数据
e:\ziqi\include\igl\viewer\OpenGL_state.cpp(233): warning C4244: “=”: 从“__int64”转换到“int”，可能丢失数据
e:\ziqi\include\igl\viewer\OpenGL_state.cpp(234): warning C4244: “=”: 从“__int64”转换到“int”，可能丢失数据
e:\ziqi\include\igl\viewer\OpenGL_state.cpp(280): warning C4800: “uint32_t”: 将值强制为布尔值“true”或“false”(性能警告)
e:\ziqi\include\igl\viewer\OpenGL_state.cpp(281): warning C4800: “uint32_t”: 将值强制为布尔值“true”或“false”(性能警告)
e:\ziqi\include\igl\viewer\OpenGL_state.cpp(282): warning C4800: “uint32_t”: 将值强制为布尔值“true”或“false”(性能警告)
e:\ziqi\include\igl\viewer\OpenGL_state.cpp(283): warning C4800: “uint32_t”: 将值强制为布尔值“true”或“false”(性能警告)
e:\ziqi\include\igl\viewer\OpenGL_state.cpp(284): warning C4800: “uint32_t”: 将值强制为布尔值“true”或“false”(性能警告)
e:\ziqi\include\igl\viewer\OpenGL_state.cpp(307): warning C4800: “uint32_t”: 将值强制为布尔值“true”或“false”(性能警告)
e:\ziqi\include\igl\viewer\OpenGL_state.cpp(323): warning C4800: “uint32_t”: 将值强制为布尔值“true”或“false”(性能警告)
e:\ziqi\include\igl\viewer\OpenGL_state.cpp(347): warning C4244: “参数”: 从“__int64”转换到“GLsizei”，可能丢失数据
e:\ziqi\include\igl\viewer\OpenGL_state.cpp(355): warning C4244: “参数”: 从“__int64”转换到“GLsizei”，可能丢失数据
e:\ziqi\include\igl\viewer\OpenGL_state.cpp(360): warning C4244: “参数”: 从“__int64”转换到“GLsizei”，可能丢失数据
e:\ziqi\include\igl\viewer\TextRenderer.cpp(85): warning C4244: “参数”: 从“double”转换到“const float”，可能丢失数据
e:\ziqi\include\igl\viewer\ViewerCore.cpp(31): warning C4244: “=”: 从“double”转换到“float”，可能丢失数据
e:\ziqi\include\igl\viewer\ViewerCore.cpp(65): warning C4244: “=”: 从“double”转换到“float”，可能丢失数据
e:\ziqi\include\igl\viewer\ViewerCore.cpp(82): warning C4244: “=”: 从“double”转换到“float”，可能丢失数据
e:\ziqi\include\igl\viewer\ViewerCore.cpp(120): warning C4244: “参数”: 从“float”转换到“GLsizei”，可能丢失数据
e:\ziqi\include\igl\viewer\ViewerCore.cpp(120): warning C4244: “参数”: 从“float”转换到“GLint”，可能丢失数据
e:\ziqi\include\igl\viewer\ViewerCore.cpp(138): warning C4244: “初始化”: 从“double”转换到“float”，可能丢失数据
e:\ziqi\include\igl\viewer\ViewerCore.cpp(143): warning C4244: “初始化”: 从“double”转换到“float”，可能丢失数据
e:\ziqi\include\igl\viewer\ViewerCore.cpp(144): warning C4244: “初始化”: 从“double”转换到“float”，可能丢失数据
e:\ziqi\include\igl\viewer\ViewerCore.cpp(223): warning C4244: “参数”: 从“__int64”转换到“const double”，可能丢失数据
e:\ziqi\include\igl\viewer\ViewerCore.cpp(298): warning C4244: “初始化”: 从“__int64”转换到“unsigned int”，可能丢失数据
e:\ziqi\include\igl\viewer\ViewerCore.cpp(299): warning C4244: “初始化”: 从“__int64”转换到“unsigned int”，可能丢失数据
e:\ziqi\include\igl\viewer\ViewerCore.cpp(335): warning C4244: “参数”: 从“unsigned int”转换到“const float”，可能丢失数据
E:\Ziqi\shared\cmake\..\..\include\igl/viewer/Viewer.h(39): warning C4099: “GLFWwindow”: 类型名称以前使用“struct”现在使用的是“class”
  E:\Ziqi\shared\cmake\..\..\external\nanogui\ext\glfw\include\GLFW/glfw3.h(786): note: 参见“GLFWwindow”的声明
e:\ziqi\include\igl\writeOFF.cpp(70): warning C4003: “RGB”宏的实参不足
e:\ziqi\include\igl\file_dialog_open.cpp(44): warning C4101: “szFile”: 未引用的局部变量
e:\ziqi\include\igl\file_dialog_save.cpp(43): warning C4101: “szFile”: 未引用的局部变量
e:\ziqi\include\igl\EPS.h(16): warning C4305: “初始化”: 从“double”到“float”截断
e:\ziqi\include\igl\EPS.h(17): warning C4305: “初始化”: 从“double”到“float”截断
e:\ziqi\include\igl\viewer\Viewer.cpp(154): warning C4244: “初始化”: 从“double”转换到“int”，可能丢失数据
e:\ziqi\include\igl\viewer\Viewer.cpp(155): warning C4244: “初始化”: 从“double”转换到“int”，可能丢失数据
e:\ziqi\include\igl\viewer\Viewer.cpp(171): warning C4244: “参数”: 从“double”转换到“int”，可能丢失数据
e:\ziqi\include\igl\viewer\Viewer.cpp(185): warning C4244: “参数”: 从“double”转换到“float”，可能丢失数据
e:\ziqi\include\igl\viewer\Viewer.cpp(612): warning C4244: “参数”: 从“__int64”转换到“const double”，可能丢失数据
e:\ziqi\include\igl\viewer\Viewer.cpp(617): warning C4244: “参数”: 从“double”转换到“const float”，可能丢失数据
e:\ziqi\include\igl\viewer\Viewer.cpp(708): warning C4244: “参数”: 从“float”转换到“const int”，可能丢失数据
e:\ziqi\include\igl\viewer\Viewer.cpp(719): warning C4244: “参数”: 从“int”转换到“const float”，可能丢失数据
e:\ziqi\include\igl\viewer\Viewer.cpp(720): warning C4244: “参数”: 从“int”转换到“const float”，可能丢失数据
e:\ziqi\include\igl\viewer\Viewer.cpp(758): warning C4244: “初始化”: 从“double”转换到“float”，可能丢失数据
e:\ziqi\include\igl\viewer\Viewer.cpp(845): warning C4244: “参数”: 从“int”转换到“const float”，可能丢失数据
e:\ziqi\include\igl\ply.h(482): warning C4996: 'strdup': The POSIX name for this item is deprecated. Instead, use the ISO C and C++ conformant name: _strdup. See online help for details.
  C:\Program Files (x86)\Windows Kits\10\Include\10.0.10240.0\ucrt\string.h(552): note: 参见“strdup”的声明
e:\ziqi\include\igl\ply.h(520): warning C4267: “参数”: 从“size_t”转换到“int”，可能丢失数据
e:\ziqi\include\igl\ply.h(521): warning C4996: 'strcpy': This function or variable may be unsafe. Consider using strcpy_s instead. To disable deprecation, use _CRT_SECURE_NO_WARNINGS. See online help for details.
  C:\Program Files (x86)\Windows Kits\10\Include\10.0.10240.0\ucrt\string.h(119): note: 参见“strcpy”的声明
e:\ziqi\include\igl\ply.h(524): warning C4996: 'strcat': This function or variable may be unsafe. Consider using strcat_s instead. To disable deprecation, use _CRT_SECURE_NO_WARNINGS. See online help for details.
  C:\Program Files (x86)\Windows Kits\10\Include\10.0.10240.0\ucrt\string.h(90): note: 参见“strcat”的声明
e:\ziqi\include\igl\ply.h(528): warning C4996: 'fopen': This function or variable may be unsafe. Consider using fopen_s instead. To disable deprecation, use _CRT_SECURE_NO_WARNINGS. See online help for details.
  C:\Program Files (x86)\Windows Kits\10\Include\10.0.10240.0\ucrt\stdio.h(205): note: 参见“fopen”的声明
e:\ziqi\include\igl\ply.h(957): warning C4996: 'strdup': The POSIX name for this item is deprecated. Instead, use the ISO C and C++ conformant name: _strdup. See online help for details.
  C:\Program Files (x86)\Windows Kits\10\Include\10.0.10240.0\ucrt\string.h(552): note: 参见“strdup”的声明
e:\ziqi\include\igl\ply.h(981): warning C4996: 'strdup': The POSIX name for this item is deprecated. Instead, use the ISO C and C++ conformant name: _strdup. See online help for details.
  C:\Program Files (x86)\Windows Kits\10\Include\10.0.10240.0\ucrt\string.h(552): note: 参见“strdup”的声明
e:\ziqi\include\igl\ply.h(1070): warning C4244: “=”: 从“double”转换到“float”，可能丢失数据
e:\ziqi\include\igl\ply.h(1106): warning C4996: 'strdup': The POSIX name for this item is deprecated. Instead, use the ISO C and C++ conformant name: _strdup. See online help for details.
  C:\Program Files (x86)\Windows Kits\10\Include\10.0.10240.0\ucrt\string.h(552): note: 参见“strdup”的声明
e:\ziqi\include\igl\ply.h(1159): warning C4996: 'fopen': This function or variable may be unsafe. Consider using fopen_s instead. To disable deprecation, use _CRT_SECURE_NO_WARNINGS. See online help for details.
  C:\Program Files (x86)\Windows Kits\10\Include\10.0.10240.0\ucrt\stdio.h(205): note: 参见“fopen”的声明
e:\ziqi\include\igl\ply.h(1488): warning C4996: 'strdup': The POSIX name for this item is deprecated. Instead, use the ISO C and C++ conformant name: _strdup. See online help for details.
  C:\Program Files (x86)\Windows Kits\10\Include\10.0.10240.0\ucrt\string.h(552): note: 参见“strdup”的声明
e:\ziqi\include\igl\ply.h(1587): warning C4996: 'strdup': The POSIX name for this item is deprecated. Instead, use the ISO C and C++ conformant name: _strdup. See online help for details.
  C:\Program Files (x86)\Windows Kits\10\Include\10.0.10240.0\ucrt\string.h(552): note: 参见“strdup”的声明
e:\ziqi\include\igl\ply.h(1644): warning C4996: 'strdup': The POSIX name for this item is deprecated. Instead, use the ISO C and C++ conformant name: _strdup. See online help for details.
  C:\Program Files (x86)\Windows Kits\10\Include\10.0.10240.0\ucrt\string.h(552): note: 参见“strdup”的声明
e:\ziqi\include\igl\ply.h(2477): warning C4244: “=”: 从“double”转换到“float”，可能丢失数据
e:\ziqi\include\igl\ply.h(2891): warning C4244: “=”: 从“double”转换到“float”，可能丢失数据
e:\ziqi\include\igl\ply.h(2919): warning C4996: 'strdup': The POSIX name for this item is deprecated. Instead, use the ISO C and C++ conformant name: _strdup. See online help for details.
  C:\Program Files (x86)\Windows Kits\10\Include\10.0.10240.0\ucrt\string.h(552): note: 参见“strdup”的声明
e:\ziqi\include\igl\ply.h(2984): warning C4996: 'strdup': The POSIX name for this item is deprecated. Instead, use the ISO C and C++ conformant name: _strdup. See online help for details.
  C:\Program Files (x86)\Windows Kits\10\Include\10.0.10240.0\ucrt\string.h(552): note: 参见“strdup”的声明
e:\ziqi\include\igl\ply.h(2989): warning C4996: 'strdup': The POSIX name for this item is deprecated. Instead, use the ISO C and C++ conformant name: _strdup. See online help for details.
  C:\Program Files (x86)\Windows Kits\10\Include\10.0.10240.0\ucrt\string.h(552): note: 参见“strdup”的声明
e:\ziqi\include\igl\ply.h(3056): warning C4996: 'strdup': The POSIX name for this item is deprecated. Instead, use the ISO C and C++ conformant name: _strdup. See online help for details.
  C:\Program Files (x86)\Windows Kits\10\Include\10.0.10240.0\ucrt\string.h(552): note: 参见“strdup”的声明
e:\ziqi\include\igl\png\writePNG.cpp(24): warning C4244: “初始化”: 从“__int64”转换到“int”，可能丢失数据
e:\ziqi\include\igl\png\writePNG.cpp(24): warning C4244: “初始化”: 从“__int64”转换到“const int”，可能丢失数据
e:\ziqi\include\igl\png\writePNG.cpp(38): warning C4244: “参数”: 从“__int64”转换到“int”，可能丢失数据
e:\ziqi\include\igl\png\readPNG.cpp(30): warning C4018: “<”: 有符号/无符号不匹配
e:\ziqi\include\igl\png\readPNG.cpp(31): warning C4018: “<”: 有符号/无符号不匹配
e:\ziqi\src\mesh_slicer_base.h : warning C4819: 该文件包含不能在当前代码页(936)中表示的字符。请将该文件保存为 Unicode 格式以防止数据丢失
e:\ziqi\src\settings.h : warning C4819: 该文件包含不能在当前代码页(936)中表示的字符。请将该文件保存为 Unicode 格式以防止数据丢失
e:\ziqi\src\settings.h(49): warning C4244: “=”: 从“__int64”转换到“int”，可能丢失数据
e:\ziqi\src\hash_edge.h : warning C4819: 该文件包含不能在当前代码页(936)中表示的字符。请将该文件保存为 Unicode 格式以防止数据丢失
e:\ziqi\src\mesh_slicer_base.h(61): warning C4244: “return”: 从“__int64”转换到“int”，可能丢失数据
e:\ziqi\src\mesh_slicer_base.h(138): warning C4018: “<”: 有符号/无符号不匹配
e:\ziqi\src\mesh_slicer_base.h(139): warning C4018: “<”: 有符号/无符号不匹配
e:\ziqi\src\mesh_slicer_base.h(140): warning C4244: “=”: 从“__int64”转换到“int”，可能丢失数据
e:\ziqi\src\mesh_slicer_base.h(165): warning C4996: 'sprintf': This function or variable may be unsafe. Consider using sprintf_s instead. To disable deprecation, use _CRT_SECURE_NO_WARNINGS. See online help for details.
  C:\Program Files (x86)\Windows Kits\10\Include\10.0.10240.0\ucrt\stdio.h(1769): note: 参见“sprintf”的声明
e:\ziqi\src\mesh_slicer_base.h(209): warning C4996: 'sprintf': This function or variable may be unsafe. Consider using sprintf_s instead. To disable deprecation, use _CRT_SECURE_NO_WARNINGS. See online help for details.
  C:\Program Files (x86)\Windows Kits\10\Include\10.0.10240.0\ucrt\stdio.h(1769): note: 参见“sprintf”的声明
e:\ziqi\src\mesh_slicer_base.h(231): warning C4244: “初始化”: 从“double”转换到“int”，可能丢失数据
e:\ziqi\src\mesh_slicer_base.h(238): warning C4244: “初始化”: 从“__int64”转换到“int”，可能丢失数据
e:\ziqi\src\mesh_slicer_base.h(239): warning C4244: “初始化”: 从“__int64”转换到“int”，可能丢失数据
e:\ziqi\src\mesh_slicer_base.h(279): warning C4244: “参数”: 从“unsigned __int64”转换到“const double”，可能丢失数据
e:\ziqi\src\mesh_slicer_base.h(283): warning C4267: “+=”: 从“size_t”转换到“int”，可能丢失数据
e:\ziqi\src\mesh_slicer_base.h(304): warning C4018: “<”: 有符号/无符号不匹配
e:\ziqi\src\mesh_slicer_base.h(334): warning C4244: “初始化”: 从“__int64”转换到“int”，可能丢失数据
e:\ziqi\src\mesh_slicer_base.h(352): warning C4244: “初始化”: 从“__int64”转换到“int”，可能丢失数据
e:\ziqi\src\mesh_slicer_base.h(407): warning C4244: “参数”: 从“double”转换到“const int”，可能丢失数据
e:\ziqi\src\mesh_slicer_base.h(408): warning C4244: “参数”: 从“double”转换到“const int”，可能丢失数据
e:\ziqi\src\mesh_slicer_base.h(412): warning C4244: “参数”: 从“double”转换到“const int”，可能丢失数据
e:\ziqi\src\mesh_slicer_base.h(413): warning C4244: “参数”: 从“double”转换到“const int”，可能丢失数据
e:\ziqi\src\mesh_slicer_overhang.h : warning C4819: 该文件包含不能在当前代码页(936)中表示的字符。请将该文件保存为 Unicode 格式以防止数据丢失
e:\ziqi\src\mesh_slicer_overhang.h(97): warning C4244: “参数”: 从“__int64”转换到“double”，可能丢失数据
e:\ziqi\src\mesh_slicer_overhang.h(88): warning C4996: 'sprintf': This function or variable may be unsafe. Consider using sprintf_s instead. To disable deprecation, use _CRT_SECURE_NO_WARNINGS. See online help for details.
  C:\Program Files (x86)\Windows Kits\10\Include\10.0.10240.0\ucrt\stdio.h(1769): note: 参见“sprintf”的声明
e:\ziqi\src\mesh_slicer_overhang.h(152): warning C4996: 'sprintf': This function or variable may be unsafe. Consider using sprintf_s instead. To disable deprecation, use _CRT_SECURE_NO_WARNINGS. See online help for details.
  C:\Program Files (x86)\Windows Kits\10\Include\10.0.10240.0\ucrt\stdio.h(1769): note: 参见“sprintf”的声明
e:\ziqi\src\mesh_slicer_shift.h : warning C4819: 该文件包含不能在当前代码页(936)中表示的字符。请将该文件保存为 Unicode 格式以防止数据丢失
e:\ziqi\src\mesh_slicer_shift.h(54): warning C4244: “参数”: 从“__int64”转换到“int”，可能丢失数据
e:\ziqi\src\mesh_slicer_shift.h(55): warning C4244: “参数”: 从“double”转换到“const int”，可能丢失数据
e:\ziqi\src\mesh_slicer_shift.h(58): warning C4244: “参数”: 从“__int64”转换到“int”，可能丢失数据
e:\ziqi\src\mesh_slicer_shift.h(59): warning C4244: “参数”: 从“__int64”转换到“int”，可能丢失数据
e:\ziqi\src\mesh_slicer_shift.h(60): warning C4244: “参数”: 从“__int64”转换到“int”，可能丢失数据
e:\ziqi\src\mesh_slicer_shift.h(71): warning C4244: “参数”: 从“double”转换到“const int”，可能丢失数据
e:\ziqi\src\mesh_slicer_shift.h(109): warning C4244: “=”: 从“double”转换到“ClipperLib::cInt”，可能丢失数据
e:\ziqi\src\mesh_slicer_shift.h(110): warning C4244: “=”: 从“double”转换到“ClipperLib::cInt”，可能丢失数据
e:\ziqi\src\mesh_slicer_shift.h(148): warning C4244: “=”: 从“double”转换到“ClipperLib::cInt”，可能丢失数据
e:\ziqi\src\mesh_slicer_shift.h(149): warning C4244: “=”: 从“double”转换到“ClipperLib::cInt”，可能丢失数据
e:\ziqi\src\mesh_layout_base.h : warning C4819: 该文件包含不能在当前代码页(936)中表示的字符。请将该文件保存为 Unicode 格式以防止数据丢失
e:\ziqi\src\scan_line_fill.h : warning C4819: 该文件包含不能在当前代码页(936)中表示的字符。请将该文件保存为 Unicode 格式以防止数据丢失
e:\ziqi\src\scan_line_fill.h(64): warning C4244: “return”: 从“double”转换到“int”，可能丢失数据
e:\ziqi\src\scan_line_fill.h(68): warning C4244: “return”: 从“double”转换到“int”，可能丢失数据
e:\ziqi\src\scan_line_fill.h(110): warning C4244: “初始化”: 从“ClipperLib::cInt”转换到“int”，可能丢失数据
e:\ziqi\src\scan_line_fill.h(115): warning C4244: “=”: 从“ClipperLib::cInt”转换到“int”，可能丢失数据
e:\ziqi\src\scan_line_fill.h(117): warning C4244: “=”: 从“ClipperLib::cInt”转换到“int”，可能丢失数据
e:\ziqi\src\scan_line_fill.h(128): warning C4267: “初始化”: 从“size_t”转换到“int”，可能丢失数据
e:\ziqi\src\scan_line_fill.h(140): warning C4244: “=”: 从“ClipperLib::cInt”转换到“int”，可能丢失数据
e:\ziqi\src\scan_line_fill.h(141): warning C4244: “=”: 从“ClipperLib::cInt”转换到“int”，可能丢失数据
e:\ziqi\src\scan_line_fill.h(143): warning C4244: “=”: 从“ClipperLib::cInt”转换到“int”，可能丢失数据
e:\ziqi\src\scan_line_fill.h(145): warning C4244: “=”: 从“ClipperLib::cInt”转换到“int”，可能丢失数据
e:\ziqi\src\scan_line_fill.h(146): warning C4244: “参数”: 从“ClipperLib::cInt”转换到“int”，可能丢失数据
e:\ziqi\src\scan_line_fill.h(148): warning C4244: “=”: 从“ClipperLib::cInt”转换到“int”，可能丢失数据
e:\ziqi\src\scan_line_fill.h(149): warning C4244: “=”: 从“ClipperLib::cInt”转换到“int”，可能丢失数据
e:\ziqi\src\scan_line_fill.h(151): warning C4244: “=”: 从“ClipperLib::cInt”转换到“int”，可能丢失数据
e:\ziqi\src\scan_line_fill.h(153): warning C4244: “=”: 从“ClipperLib::cInt”转换到“int”，可能丢失数据
e:\ziqi\src\scan_line_fill.h(154): warning C4244: “参数”: 从“ClipperLib::cInt”转换到“int”，可能丢失数据
e:\ziqi\src\scan_line_fill.h(166): warning C4267: “初始化”: 从“size_t”转换到“int”，可能丢失数据
e:\ziqi\src\scan_line_fill.h(171): warning C4244: “参数”: 从“ClipperLib::cInt”转换到“int”，可能丢失数据
e:\ziqi\src\scan_line_fill.h(173): warning C4244: “参数”: 从“ClipperLib::cInt”转换到“int”，可能丢失数据
e:\ziqi\src\scan_line_fill.h(174): warning C4244: “=”: 从“ClipperLib::cInt”转换到“int”，可能丢失数据
e:\ziqi\src\scan_line_fill.h(175): warning C4244: “=”: 从“ClipperLib::cInt”转换到“int”，可能丢失数据
e:\ziqi\src\scan_line_fill.h(209): warning C4244: “+=”: 从“double”转换到“int”，可能丢失数据
e:\ziqi\src\scan_line_fill.h(266): warning C4244: “+=”: 从“double”转换到“int”，可能丢失数据
e:\ziqi\src\scene_organizer.h : warning C4819: 该文件包含不能在当前代码页(936)中表示的字符。请将该文件保存为 Unicode 格式以防止数据丢失
e:\ziqi\src\scene_organizer.h(28): warning C4018: “<”: 有符号/无符号不匹配
e:\ziqi\src\scene_organizer.h(30): warning C4267: “参数”: 从“size_t”转换到“const int”，可能丢失数据
e:\ziqi\src\scene_organizer.h(140): warning C4267: “return”: 从“size_t”转换到“int”，可能丢失数据
e:\ziqi\src\scene_organizer.h(147): warning C4244: “初始化”: 从“__int64”转换到“int”，可能丢失数据
e:\ziqi\src\scene_organizer.h(148): warning C4244: “初始化”: 从“__int64”转换到“int”，可能丢失数据
e:\ziqi\src\scene_organizer.h(168): warning C4018: “<”: 有符号/无符号不匹配
e:\ziqi\src\scene_organizer.h(208): warning C4267: “参数”: 从“size_t”转换到“const int”，可能丢失数据
e:\ziqi\src\scene_organizer.h(209): warning C4267: “参数”: 从“size_t”转换到“const int”，可能丢失数据
e:\ziqi\src\scene_organizer.h(226): warning C4267: “参数”: 从“size_t”转换到“const int”，可能丢失数据
e:\ziqi\src\scene_organizer.h(232): warning C4267: “初始化”: 从“size_t”转换到“unsigned long”，可能丢失数据
e:\ziqi\src\scene_organizer.h(233): warning C4267: “初始化”: 从“size_t”转换到“unsigned long”，可能丢失数据
e:\ziqi\src\mesh_layout_base.h(112): warning C4244: “初始化”: 从“__int64”转换到“int”，可能丢失数据
e:\ziqi\src\mesh_layout_base.h(113): warning C4244: “初始化”: 从“__int64”转换到“int”，可能丢失数据
e:\ziqi\src\mesh_layout_base.h(245): warning C4244: “初始化”: 从“double”转换到“int”，可能丢失数据
e:\ziqi\src\mesh_layout_base.h(246): warning C4244: “初始化”: 从“double”转换到“int”，可能丢失数据
e:\ziqi\src\mesh_layout_base.h(277): warning C4244: “初始化”: 从“double”转换到“int”，可能丢失数据
e:\ziqi\src\mesh_layout_base.h(278): warning C4244: “初始化”: 从“double”转换到“int”，可能丢失数据
e:\ziqi\src\mesh_layout_base.h(321): warning C4244: “+=”: 从“__int64”转换到“int”，可能丢失数据
e:\ziqi\src\mesh_layout_opt.h : warning C4819: 该文件包含不能在当前代码页(936)中表示的字符。请将该文件保存为 Unicode 格式以防止数据丢失
e:\ziqi\src\mesh_layout_opt.h(229): warning C4244: “初始化”: 从“double”转换到“int”，可能丢失数据
e:\ziqi\src\mesh_layout_opt.h(230): warning C4244: “初始化”: 从“double”转换到“int”，可能丢失数据
e:\ziqi\src\mesh_layout_opt.h(323): warning C4244: “初始化”: 从“double”转换到“int”，可能丢失数据
e:\ziqi\src\mesh_layout_opt.h(324): warning C4244: “初始化”: 从“double”转换到“int”，可能丢失数据
e:\ziqi\src\fermat_curve.h : warning C4819: 该文件包含不能在当前代码页(936)中表示的字符。请将该文件保存为 Unicode 格式以防止数据丢失
e:\ziqi\src\fermat_curve.h(157): warning C4267: “初始化”: 从“size_t”转换到“int”，可能丢失数据
e:\ziqi\src\fermat_curve.h(266): warning C4244: “参数”: 从“__int64”转换到“double”，可能丢失数据
e:\ziqi\src\fermat_curve.h(372): warning C4244: “=”: 从“double”转换到“ClipperLib::cInt”，可能丢失数据
e:\ziqi\src\fermat_curve.h(373): warning C4244: “=”: 从“double”转换到“ClipperLib::cInt”，可能丢失数据
e:\ziqi\src\mesh_support_base.h : warning C4819: 该文件包含不能在当前代码页(936)中表示的字符。请将该文件保存为 Unicode 格式以防止数据丢失
e:\ziqi\src\mesh_support_base.h(101): warning C4244: “=”: 从“double”转换到“ClipperLib::cInt”，可能丢失数据
e:\ziqi\src\mesh_support_base.h(102): warning C4244: “=”: 从“double”转换到“ClipperLib::cInt”，可能丢失数据
e:\ziqi\src\mesh_support_base.h(120): warning C4244: “+=”: 从“ClipperLib::cInt”转换到“int”，可能丢失数据
e:\ziqi\src\mesh_support_base.h(121): warning C4244: “+=”: 从“ClipperLib::cInt”转换到“int”，可能丢失数据
e:\ziqi\src\mesh_support_base.h(123): warning C4267: “/=”: 从“size_t”转换到“int”，可能丢失数据
e:\ziqi\src\mesh_support_base.h(124): warning C4267: “/=”: 从“size_t”转换到“int”，可能丢失数据
e:\ziqi\src\mesh_support_base.h(392): warning C4267: “return”: 从“size_t”转换到“int”，可能丢失数据
e:\ziqi\src\mesh_support_base.h(441): warning C4267: “return”: 从“size_t”转换到“int”，可能丢失数据
e:\ziqi\src\mesh_support_base.h(545): warning C4244: “=”: 从“ClipperLib::cInt”转换到“double”，可能丢失数据
e:\ziqi\src\mesh_support_base.h(546): warning C4244: “=”: 从“ClipperLib::cInt”转换到“double”，可能丢失数据
e:\ziqi\src\mesh_support_base.h(547): warning C4244: “=”: 从“ClipperLib::cInt”转换到“double”，可能丢失数据
e:\ziqi\src\mesh_support_base.h(548): warning C4244: “=”: 从“ClipperLib::cInt”转换到“double”，可能丢失数据
e:\ziqi\src\mesh_support_base.h(566): warning C4244: “=”: 从“ClipperLib::cInt”转换到“double”，可能丢失数据
e:\ziqi\src\mesh_support_base.h(567): warning C4244: “=”: 从“ClipperLib::cInt”转换到“double”，可能丢失数据
e:\ziqi\src\mesh_support_base.h(568): warning C4244: “=”: 从“ClipperLib::cInt”转换到“double”，可能丢失数据
e:\ziqi\src\mesh_support_base.h(569): warning C4244: “=”: 从“ClipperLib::cInt”转换到“double”，可能丢失数据
e:\ziqi\src\mesh_support_base.h(586): warning C4244: “参数”: 从“double”转换到“ClipperLib::cInt”，可能丢失数据
e:\ziqi\src\mesh_support_base.h(587): warning C4244: “参数”: 从“double”转换到“ClipperLib::cInt”，可能丢失数据
e:\ziqi\src\mesh_support_base.h(588): warning C4244: “参数”: 从“double”转换到“ClipperLib::cInt”，可能丢失数据
e:\ziqi\src\mesh_support_base.h(589): warning C4244: “参数”: 从“double”转换到“ClipperLib::cInt”，可能丢失数据
e:\ziqi\src\mesh_support_base.h(590): warning C4244: “参数”: 从“double”转换到“ClipperLib::cInt”，可能丢失数据
e:\ziqi\src\gcode.h : warning C4819: 该文件包含不能在当前代码页(936)中表示的字符。请将该文件保存为 Unicode 格式以防止数据丢失
e:\ziqi\src\gcode.h(205): warning C4996: 'sprintf': This function or variable may be unsafe. Consider using sprintf_s instead. To disable deprecation, use _CRT_SECURE_NO_WARNINGS. See online help for details.
  C:\Program Files (x86)\Windows Kits\10\Include\10.0.10240.0\ucrt\stdio.h(1769): note: 参见“sprintf”的声明
e:\ziqi\src\gcode.h(210): warning C4996: 'sprintf': This function or variable may be unsafe. Consider using sprintf_s instead. To disable deprecation, use _CRT_SECURE_NO_WARNINGS. See online help for details.
  C:\Program Files (x86)\Windows Kits\10\Include\10.0.10240.0\ucrt\stdio.h(1769): note: 参见“sprintf”的声明
e:\ziqi\src\gcode.h(215): warning C4996: 'sprintf': This function or variable may be unsafe. Consider using sprintf_s instead. To disable deprecation, use _CRT_SECURE_NO_WARNINGS. See online help for details.
  C:\Program Files (x86)\Windows Kits\10\Include\10.0.10240.0\ucrt\stdio.h(1769): note: 参见“sprintf”的声明
e:\ziqi\src\gcode.h(220): warning C4996: 'sprintf': This function or variable may be unsafe. Consider using sprintf_s instead. To disable deprecation, use _CRT_SECURE_NO_WARNINGS. See online help for details.
  C:\Program Files (x86)\Windows Kits\10\Include\10.0.10240.0\ucrt\stdio.h(1769): note: 参见“sprintf”的声明
e:\ziqi\src\gcode.h(225): warning C4996: 'sprintf': This function or variable may be unsafe. Consider using sprintf_s instead. To disable deprecation, use _CRT_SECURE_NO_WARNINGS. See online help for details.
  C:\Program Files (x86)\Windows Kits\10\Include\10.0.10240.0\ucrt\stdio.h(1769): note: 参见“sprintf”的声明
e:\ziqi\src\gcode.h(230): warning C4996: 'sprintf': This function or variable may be unsafe. Consider using sprintf_s instead. To disable deprecation, use _CRT_SECURE_NO_WARNINGS. See online help for details.
  C:\Program Files (x86)\Windows Kits\10\Include\10.0.10240.0\ucrt\stdio.h(1769): note: 参见“sprintf”的声明
e:\ziqi\src\gcode.h(235): warning C4996: 'sprintf': This function or variable may be unsafe. Consider using sprintf_s instead. To disable deprecation, use _CRT_SECURE_NO_WARNINGS. See online help for details.
  C:\Program Files (x86)\Windows Kits\10\Include\10.0.10240.0\ucrt\stdio.h(1769): note: 参见“sprintf”的声明
e:\ziqi\src\gcode.h(240): warning C4996: 'sprintf': This function or variable may be unsafe. Consider using sprintf_s instead. To disable deprecation, use _CRT_SECURE_NO_WARNINGS. See online help for details.
  C:\Program Files (x86)\Windows Kits\10\Include\10.0.10240.0\ucrt\stdio.h(1769): note: 参见“sprintf”的声明
e:\ziqi\src\gcode.h(245): warning C4996: 'sprintf': This function or variable may be unsafe. Consider using sprintf_s instead. To disable deprecation, use _CRT_SECURE_NO_WARNINGS. See online help for details.
  C:\Program Files (x86)\Windows Kits\10\Include\10.0.10240.0\ucrt\stdio.h(1769): note: 参见“sprintf”的声明
e:\ziqi\src\gcode.h(250): warning C4996: 'sprintf': This function or variable may be unsafe. Consider using sprintf_s instead. To disable deprecation, use _CRT_SECURE_NO_WARNINGS. See online help for details.
  C:\Program Files (x86)\Windows Kits\10\Include\10.0.10240.0\ucrt\stdio.h(1769): note: 参见“sprintf”的声明
e:\ziqi\src\gcode.h(255): warning C4996: 'sprintf': This function or variable may be unsafe. Consider using sprintf_s instead. To disable deprecation, use _CRT_SECURE_NO_WARNINGS. See online help for details.
  C:\Program Files (x86)\Windows Kits\10\Include\10.0.10240.0\ucrt\stdio.h(1769): note: 参见“sprintf”的声明
e:\ziqi\src\gcode.h(296): warning C4996: 'strcpy': This function or variable may be unsafe. Consider using strcpy_s instead. To disable deprecation, use _CRT_SECURE_NO_WARNINGS. See online help for details.
  C:\Program Files (x86)\Windows Kits\10\Include\10.0.10240.0\ucrt\string.h(119): note: 参见“strcpy”的声明
e:\ziqi\src\gcode.h(297): warning C4996: 'sscanf': This function or variable may be unsafe. Consider using sscanf_s instead. To disable deprecation, use _CRT_SECURE_NO_WARNINGS. See online help for details.
  C:\Program Files (x86)\Windows Kits\10\Include\10.0.10240.0\ucrt\stdio.h(2254): note: 参见“sscanf”的声明
e:\ziqi\src\gcode.h(493): warning C4267: “初始化”: 从“size_t”转换到“int”，可能丢失数据
e:\ziqi\src\gcode.h(573): warning C4244: “return”: 从“double”转换到“int”，可能丢失数据
e:\ziqi\src\menu_function.h(78): warning C4018: “<”: 有符号/无符号不匹配
e:\ziqi\src\menu_function.h(159): warning C4244: “初始化”: 从“__int64”转换到“int”，可能丢失数据
e:\ziqi\src\menu_function.h(160): warning C4244: “初始化”: 从“__int64”转换到“int”，可能丢失数据
e:\ziqi\src\menu_function.h(172): warning C4244: “=”: 从“double”转换到“unsigned char”，可能丢失数据
e:\ziqi\src\menu_function.h(173): warning C4244: “=”: 从“double”转换到“unsigned char”，可能丢失数据
e:\ziqi\src\menu_function.h(174): warning C4244: “=”: 从“double”转换到“unsigned char”，可能丢失数据
e:\ziqi\src\menu_function.h(186): warning C4244: “=”: 从“double”转换到“unsigned char”，可能丢失数据
e:\ziqi\src\menu_function.h(187): warning C4244: “=”: 从“double”转换到“unsigned char”，可能丢失数据
e:\ziqi\src\menu_function.h(188): warning C4244: “=”: 从“double”转换到“unsigned char”，可能丢失数据
e:\ziqi\src\menu_function.h(205): warning C4244: “初始化”: 从“__int64”转换到“int”，可能丢失数据
e:\ziqi\src\menu_function.h(206): warning C4244: “初始化”: 从“__int64”转换到“int”，可能丢失数据
e:\ziqi\include\igl\ortho.cpp(21): warning C4244: “=”: 从“double”转换到“float”，可能丢失数据
  e:\ziqi\include\igl\viewer\ViewerCore.cpp(139): note: 参见对正在编译的函数 模板 实例化“void igl::ortho<Eigen::Matrix<float,4,4,0,4,4>>(const float,const float,const float,const float,const float,const float,Eigen::PlainObjectBase<Eigen::Matrix<float,4,4,0,4,4>> &)”的引用
e:\ziqi\include\igl\ortho.cpp(22): warning C4244: “=”: 从“double”转换到“float”，可能丢失数据
e:\ziqi\include\igl\ortho.cpp(23): warning C4244: “=”: 从“double”转换到“float”，可能丢失数据
e:\ziqi\include\igl\frustum.cpp(20): warning C4244: “=”: 从“double”转换到“float”，可能丢失数据
  e:\ziqi\include\igl\viewer\ViewerCore.cpp(145): note: 参见对正在编译的函数 模板 实例化“void igl::frustum<Eigen::Matrix<float,4,4,0,4,4>>(const float,const float,const float,const float,const float,const float,Eigen::PlainObjectBase<Eigen::Matrix<float,4,4,0,4,4>> &)”的引用
e:\ziqi\include\igl\frustum.cpp(21): warning C4244: “=”: 从“double”转换到“float”，可能丢失数据
e:\ziqi\include\igl\frustum.cpp(26): warning C4244: “=”: 从“double”转换到“float”，可能丢失数据
e:\ziqi\include\igl\writeOBJ.cpp(33): warning C4996: 'fopen': This function or variable may be unsafe. Consider using fopen_s instead. To disable deprecation, use _CRT_SECURE_NO_WARNINGS. See online help for details.
  C:\Program Files (x86)\Windows Kits\10\Include\10.0.10240.0\ucrt\stdio.h(205): note: 参见“fopen”的声明
  e:\ziqi\include\igl\viewer\Viewer.cpp(467): note: 参见对正在编译的函数 模板 实例化“bool igl::writeOBJ<Eigen::Matrix<double,-1,-1,0,-1,-1>,Eigen::Matrix<int,-1,-1,0,-1,-1>,Eigen::Matrix<double,-1,-1,0,-1,-1>,Eigen::Matrix<int,-1,-1,0,-1,-1>,Eigen::Matrix<double,-1,-1,0,-1,-1>,Eigen::Matrix<int,-1,-1,0,-1,-1>>(const std::string,const Eigen::PlainObjectBase<Eigen::Matrix<double,-1,-1,0,-1,-1>> &,const Eigen::PlainObjectBase<Eigen::Matrix<int,-1,-1,0,-1,-1>> &,const Eigen::PlainObjectBase<Eigen::Matrix<double,-1,-1,0,-1,-1>> &,const Eigen::PlainObjectBase<Eigen::Matrix<int,-1,-1,0,-1,-1>> &,const Eigen::PlainObjectBase<Eigen::Matrix<double,-1,-1,0,-1,-1>> &,const Eigen::PlainObjectBase<Eigen::Matrix<int,-1,-1,0,-1,-1>> &)”的引用
e:\ziqi\include\igl\two_axis_valuator_fixed_up.cpp(29): warning C4244: “参数”: 从“double”转换到“const float”，可能丢失数据
  e:\ziqi\include\igl\viewer\Viewer.cpp(708): note: 参见对正在编译的函数 模板 实例化“void igl::two_axis_valuator_fixed_up<float,float>(const int,const int,const double,const Eigen::Quaternion<float,0> &,const int,const int,const int,const int,Eigen::Quaternion<float,0> &)”的引用
e:\ziqi\include\igl\two_axis_valuator_fixed_up.cpp(39): warning C4244: “参数”: 从“double”转换到“const float”，可能丢失数据
e:\ziqi\include\igl\snap_to_canonical_view_quat.cpp(106): warning C4244: “参数”: 从“const double”转换到“const float”，可能丢失数据
  e:\ziqi\include\igl\viewer\Viewer.cpp(851): note: 参见对正在编译的函数 模板 实例化“bool igl::snap_to_canonical_view_quat<float,float>(const Eigen::Quaternion<float,0> &,const double,Eigen::Quaternion<float,0> &)”的引用
e:\ziqi\external\nanogui\ext\eigen\eigen\src/Core/Matrix.h(250): warning C4267: “参数”: 从“size_t”转换到“const int”，可能丢失数据
  e:\ziqi\src\mesh_slicer_base.h(270): note: 参见对正在编译的函数 模板 实例化“Eigen::Matrix<int,1,2,1,1,2>::Matrix<std::size_t,std::size_t>(const T0 &,const T1 &)”的引用
          with
          [
              T0=std::size_t,
              T1=std::size_t
          ]
  e:\ziqi\src\mesh_slicer_base.h(270): note: 参见对正在编译的函数 模板 实例化“Eigen::Matrix<int,1,2,1,1,2>::Matrix<std::size_t,std::size_t>(const T0 &,const T1 &)”的引用
          with
          [
              T0=std::size_t,
              T1=std::size_t
          ]
e:\ziqi\include\igl\per_face_normals.cpp(21): warning C4244: “初始化”: 从“__int64”转换到“int”，可能丢失数据
  e:\ziqi\include\igl\per_face_normals.cpp(47): note: 参见对正在编译的函数 模板 实例化“void igl::per_face_normals<Eigen::Matrix<double,-1,-1,0,-1,-1>,Eigen::Matrix<int,-1,-1,0,-1,-1>,Eigen::Matrix<double,3,1,0,3,1>,Eigen::Matrix<double,-1,-1,0,-1,-1>>(const Eigen::PlainObjectBase<Eigen::Matrix<double,-1,-1,0,-1,-1>> &,const Eigen::PlainObjectBase<Eigen::Matrix<int,-1,-1,0,-1,-1>> &,const Eigen::PlainObjectBase<Eigen::Matrix<double,3,1,0,3,1>> &,Eigen::PlainObjectBase<Eigen::Matrix<double,-1,-1,0,-1,-1>> &)”的引用
  e:\ziqi\include\igl\viewer\ViewerData.cpp(342): note: 参见对正在编译的函数 模板 实例化“void igl::per_face_normals<Eigen::Matrix<double,-1,-1,0,-1,-1>,Eigen::Matrix<int,-1,-1,0,-1,-1>,Eigen::Matrix<double,-1,-1,0,-1,-1>>(const Eigen::PlainObjectBase<Eigen::Matrix<double,-1,-1,0,-1,-1>> &,const Eigen::PlainObjectBase<Eigen::Matrix<int,-1,-1,0,-1,-1>> &,Eigen::PlainObjectBase<Eigen::Matrix<double,-1,-1,0,-1,-1>> &)”的引用
e:\ziqi\include\igl\readOFF.cpp(20): warning C4996: 'fopen': This function or variable may be unsafe. Consider using fopen_s instead. To disable deprecation, use _CRT_SECURE_NO_WARNINGS. See online help for details.
  C:\Program Files (x86)\Windows Kits\10\Include\10.0.10240.0\ucrt\stdio.h(205): note: 参见“fopen”的声明
  e:\ziqi\include\igl\readOFF.cpp(177): note: 参见对正在编译的函数 模板 实例化“bool igl::readOFF<double,int>(const std::string,std::vector<std::vector<double,std::allocator<_Ty>>,std::allocator<std::vector<_Ty,std::allocator<_Ty>>>> &,std::vector<std::vector<int,std::allocator<int>>,std::allocator<std::vector<int,std::allocator<int>>>> &,std::vector<std::vector<_Ty,std::allocator<_Ty>>,std::allocator<std::vector<_Ty,std::allocator<_Ty>>>> &,std::vector<std::vector<_Ty,std::allocator<_Ty>>,std::allocator<std::vector<_Ty,std::allocator<_Ty>>>> &)”的引用
          with
          [
              _Ty=double
          ]
  e:\ziqi\include\igl\viewer\Viewer.cpp(386): note: 参见对正在编译的函数 模板 实例化“bool igl::readOFF<Eigen::Matrix<double,-1,-1,0,-1,-1>,Eigen::Matrix<int,-1,-1,0,-1,-1>>(const std::string,Eigen::PlainObjectBase<Eigen::Matrix<double,-1,-1,0,-1,-1>> &,Eigen::PlainObjectBase<Eigen::Matrix<int,-1,-1,0,-1,-1>> &)”的引用
e:\ziqi\include\igl\list_to_matrix.cpp(22): warning C4267: “初始化”: 从“size_t”转换到“int”，可能丢失数据
  e:\ziqi\include\igl\readOFF.cpp(184): note: 参见对正在编译的函数 模板 实例化“bool igl::list_to_matrix<double,Eigen::Matrix<double,-1,-1,0,-1,-1>>(const std::vector<std::vector<double,std::allocator<_Ty>>,std::allocator<std::vector<_Ty,std::allocator<_Ty>>>> &,Eigen::PlainObjectBase<Eigen::Matrix<double,-1,-1,0,-1,-1>> &)”的引用
          with
          [
              _Ty=double
          ]
e:\ziqi\include\igl\readOBJ.cpp(29): warning C4996: 'fopen': This function or variable may be unsafe. Consider using fopen_s instead. To disable deprecation, use _CRT_SECURE_NO_WARNINGS. See online help for details.
  C:\Program Files (x86)\Windows Kits\10\Include\10.0.10240.0\ucrt\stdio.h(205): note: 参见“fopen”的声明
  e:\ziqi\include\igl\readOBJ.cpp(263): note: 参见对正在编译的函数 模板 实例化“bool igl::readOBJ<double,int>(const std::string,std::vector<std::vector<double,std::allocator<_Ty>>,std::allocator<std::vector<_Ty,std::allocator<_Ty>>>> &,std::vector<std::vector<_Ty,std::allocator<_Ty>>,std::allocator<std::vector<_Ty,std::allocator<_Ty>>>> &,std::vector<std::vector<_Ty,std::allocator<_Ty>>,std::allocator<std::vector<_Ty,std::allocator<_Ty>>>> &,std::vector<std::vector<int,std::allocator<int>>,std::allocator<std::vector<int,std::allocator<int>>>> &,std::vector<std::vector<int,std::allocator<int>>,std::allocator<std::vector<int,std::allocator<int>>>> &,std::vector<std::vector<int,std::allocator<int>>,std::allocator<std::vector<int,std::allocator<int>>>> &)”的引用
          with
          [
              _Ty=double
          ]
  e:\ziqi\include\igl\viewer\Viewer.cpp(403): note: 参见对正在编译的函数 模板 实例化“bool igl::readOBJ<Eigen::Matrix<double,-1,-1,0,-1,-1>,Eigen::Matrix<double,-1,-1,0,-1,-1>,Eigen::Matrix<double,-1,-1,0,-1,-1>,Eigen::Matrix<int,-1,-1,0,-1,-1>,Eigen::Matrix<int,-1,-1,0,-1,-1>,Eigen::Matrix<int,-1,-1,0,-1,-1>>(const std::string,Eigen::PlainObjectBase<Eigen::Matrix<double,-1,-1,0,-1,-1>> &,Eigen::PlainObjectBase<Eigen::Matrix<double,-1,-1,0,-1,-1>> &,Eigen::PlainObjectBase<Eigen::Matrix<double,-1,-1,0,-1,-1>> &,Eigen::PlainObjectBase<Eigen::Matrix<int,-1,-1,0,-1,-1>> &,Eigen::PlainObjectBase<Eigen::Matrix<int,-1,-1,0,-1,-1>> &,Eigen::PlainObjectBase<Eigen::Matrix<int,-1,-1,0,-1,-1>> &)”的引用
e:\ziqi\include\igl\trackball.cpp(121): warning C4244: “=”: 从“double”转换到“float”，可能丢失数据
  e:\ziqi\include\igl\trackball.cpp(157): note: 参见对正在编译的函数 模板 实例化“void igl::trackball<Scalarquat>(const double,const double,const Q_type,const Q_type *,const double,const double,const double,const double,Q_type *)”的引用
          with
          [
              Scalarquat=float,
              Q_type=float
          ]
  e:\ziqi\include\igl\viewer\Viewer.cpp(700): note: 参见对正在编译的函数 模板 实例化“void igl::trackball<float,float>(const double,const double,const double,const Eigen::Quaternion<float,0> &,const double,const double,const double,const double,Eigen::Quaternion<float,0> &)”的引用
e:\ziqi\include\igl\trackball.cpp(122): warning C4244: “=”: 从“double”转换到“float”，可能丢失数据
e:\ziqi\include\igl\trackball.cpp(123): warning C4244: “=”: 从“double”转换到“float”，可能丢失数据
e:\ziqi\include\igl\trackball.cpp(124): warning C4244: “=”: 从“double”转换到“float”，可能丢失数据
e:\ziqi\include\igl\trackball.cpp(128): warning C4244: “=”: 从“double”转换到“float”，可能丢失数据
e:\ziqi\include\igl\trackball.cpp(129): warning C4244: “=”: 从“double”转换到“float”，可能丢失数据
e:\ziqi\include\igl\trackball.cpp(130): warning C4244: “=”: 从“double”转换到“float”，可能丢失数据
e:\ziqi\include\igl\trackball.cpp(131): warning C4244: “=”: 从“double”转换到“float”，可能丢失数据
e:\ziqi\include\igl\unproject.cpp(36): warning C4244: “初始化”: 从“__int64”转换到“int”，可能丢失数据
  e:\ziqi\include\igl\unproject.cpp(65): note: 参见对正在编译的函数 模板 实例化“void igl::unproject<Eigen::Matrix<float,3,1,0,3,1>,Eigen::Matrix<float,4,4,0,4,4>,Eigen::Matrix<float,4,4,0,4,4>,Eigen::Matrix<float,4,1,0,4,1>,Eigen::Matrix<float,3,1,0,3,1>>(const Eigen::PlainObjectBase<Eigen::Matrix<float,3,1,0,3,1>> &,const Eigen::PlainObjectBase<Eigen::Matrix<float,4,4,0,4,4>> &,const Eigen::PlainObjectBase<Eigen::Matrix<float,4,4,0,4,4>> &,const Eigen::PlainObjectBase<Eigen::Matrix<float,4,1,0,4,1>> &,Eigen::PlainObjectBase<Eigen::Matrix<float,3,1,0,3,1>> &)”的引用
  e:\ziqi\include\igl\viewer\Viewer.cpp(719): note: 参见对正在编译的函数 模板 实例化“Eigen::Matrix<float,3,1,0,3,1> igl::unproject<float>(const Eigen::Matrix<float,3,1,0,3,1> &,const Eigen::Matrix<float,4,4,0,4,4> &,const Eigen::Matrix<float,4,4,0,4,4> &,const Eigen::Matrix<float,4,1,0,4,1> &)”的引用
e:\ziqi\include\igl\unproject.cpp(36): warning C4244: “初始化”: 从“__int64”转换到“const int”，可能丢失数据
e:\ziqi\include\igl\snap_to_canonical_view_quat.cpp(48): warning C4305: “初始化”: 从“double”到“float”截断
  e:\ziqi\include\igl\snap_to_canonical_view_quat.cpp(106): note: 参见对正在编译的函数 模板 实例化“bool igl::snap_to_canonical_view_quat<Scalars>(const Q_type *,const Q_type,Q_type *)”的引用
          with
          [
              Scalars=float,
              Q_type=float
          ]
  e:\ziqi\include\igl\viewer\Viewer.cpp(851): note: 参见对正在编译的函数 模板 实例化“bool igl::snap_to_canonical_view_quat<float,float>(const Eigen::Quaternion<float,0> &,const double,Eigen::Quaternion<float,0> &)”的引用
e:\ziqi\include\igl\snap_to_canonical_view_quat.cpp(64): warning C4244: “+=”: 从“double”转换到“float”，可能丢失数据
e:\ziqi\include\igl\snap_to_canonical_view_quat.cpp(92): warning C4244: “=”: 从“double”转换到“float”，可能丢失数据
e:\ziqi\include\igl\triangle\triangulate.cpp(104): warning C4244: “=”: 从“__int64”转换到“int”，可能丢失数据
  e:\ziqi\include\igl\triangle\triangulate.cpp(60): note: 参见对正在编译的函数 模板 实例化“void igl::triangle::triangulate<Derived,Eigen::Matrix<int,-1,-1,0,-1,-1>,Eigen::Matrix<int,-1,-1,0,-1,-1>,Eigen::Matrix<int,-1,1,0,-1,1>,Eigen::Matrix<int,-1,1,0,-1,1>,Eigen::Matrix<int,-1,-1,0,-1,-1>,Eigen::Matrix<int,-1,-1,0,-1,-1>,Eigen::Matrix<int,-1,1,0,-1,1>,Eigen::Matrix<int,-1,1,0,-1,1>>(const Eigen::MatrixBase<Derived> &,const Eigen::MatrixBase<Eigen::Matrix<int,-1,-1,0,-1,-1>> &,const Eigen::MatrixBase<Eigen::Matrix<int,-1,-1,0,-1,-1>> &,const Eigen::MatrixBase<Eigen::Matrix<int,-1,1,0,-1,1>> &,const Eigen::MatrixBase<Eigen::Matrix<int,-1,1,0,-1,1>> &,const std::string,Eigen::PlainObjectBase<Eigen::Matrix<int,-1,-1,0,-1,-1>> &,Eigen::PlainObjectBase<Eigen::Matrix<int,-1,-1,0,-1,-1>> &,Eigen::PlainObjectBase<Eigen::Matrix<int,-1,1,0,-1,1>> &,Eigen::PlainObjectBase<Eigen::Matrix<int,-1,1,0,-1,1>> &)”的引用
          with
          [
              Derived=Eigen::Matrix<double,-1,-1,0,-1,-1>
          ]
  e:\ziqi\src\mesh_slicer_base.h(302): note: 参见对正在编译的函数 模板 实例化“void igl::triangle::triangulate<Derived,Eigen::Matrix<int,-1,-1,0,-1,-1>,Eigen::Matrix<int,-1,-1,0,-1,-1>,Eigen::Matrix<int,-1,-1,0,-1,-1>,Eigen::Matrix<int,-1,-1,0,-1,-1>>(const Eigen::MatrixBase<Derived> &,const Eigen::MatrixBase<Eigen::Matrix<int,-1,-1,0,-1,-1>> &,const Eigen::MatrixBase<Eigen::Matrix<int,-1,-1,0,-1,-1>> &,const std::string,Eigen::PlainObjectBase<Eigen::Matrix<int,-1,-1,0,-1,-1>> &,Eigen::PlainObjectBase<Eigen::Matrix<int,-1,-1,0,-1,-1>> &)”的引用
          with
          [
              Derived=Eigen::Matrix<double,-1,-1,0,-1,-1>
          ]
e:\ziqi\include\igl\triangle\triangulate.cpp(121): warning C4244: “=”: 从“__int64”转换到“int”，可能丢失数据
e:\ziqi\include\igl\triangle\triangulate.cpp(130): warning C4244: “=”: 从“__int64”转换到“int”，可能丢失数据
e:\ziqi\include\igl\writeSTL.cpp(71): warning C4244: “初始化”: 从“__int64”转换到“unsigned int”，可能丢失数据
  e:\ziqi\include\igl\writeSTL.cpp(108): note: 参见对正在编译的函数 模板 实例化“bool igl::writeSTL<Eigen::Matrix<double,-1,-1,0,-1,-1>,Eigen::Matrix<int,-1,-1,0,-1,-1>,Eigen::Matrix<double,-1,-1,0,-1,-1>>(const std::string &,const Eigen::PlainObjectBase<Eigen::Matrix<double,-1,-1,0,-1,-1>> &,const Eigen::PlainObjectBase<Eigen::Matrix<int,-1,-1,0,-1,-1>> &,const Eigen::PlainObjectBase<Eigen::Matrix<double,-1,-1,0,-1,-1>> &,const bool)”的引用
  e:\ziqi\src\menu_function.h(758): note: 参见对正在编译的函数 模板 实例化“bool igl::writeSTL<Eigen::Matrix<double,-1,-1,0,-1,-1>,Eigen::Matrix<int,-1,-1,0,-1,-1>>(const std::string &,const Eigen::PlainObjectBase<Eigen::Matrix<double,-1,-1,0,-1,-1>> &,const Eigen::PlainObjectBase<Eigen::Matrix<int,-1,-1,0,-1,-1>> &,const bool)”的引用
e:\ziqi\include\igl\writeSTL.cpp(80): warning C4244: “=”: 从“const double”转换到“float”，可能丢失数据
e:\ziqi\include\igl\writeSTL.cpp(81): warning C4244: “=”: 从“const double”转换到“float”，可能丢失数据
e:\ziqi\include\igl\writeSTL.cpp(82): warning C4244: “=”: 从“const double”转换到“float”，可能丢失数据
e:\ziqi\include\igl\writeSTL.cpp(88): warning C4244: “=”: 从“const double”转换到“float”，可能丢失数据
e:\ziqi\include\igl\writeSTL.cpp(89): warning C4244: “=”: 从“const double”转换到“float”，可能丢失数据
e:\ziqi\include\igl\writeSTL.cpp(90): warning C4244: “=”: 从“const double”转换到“float”，可能丢失数据
e:\ziqi\include\igl\writeSTL.cpp(23): warning C4996: 'fopen': This function or variable may be unsafe. Consider using fopen_s instead. To disable deprecation, use _CRT_SECURE_NO_WARNINGS. See online help for details.
  C:\Program Files (x86)\Windows Kits\10\Include\10.0.10240.0\ucrt\stdio.h(205): note: 参见“fopen”的声明
e:\ziqi\include\igl\writeSTL.cpp(59): warning C4996: 'fopen': This function or variable may be unsafe. Consider using fopen_s instead. To disable deprecation, use _CRT_SECURE_NO_WARNINGS. See online help for details.
  C:\Program Files (x86)\Windows Kits\10\Include\10.0.10240.0\ucrt\stdio.h(205): note: 参见“fopen”的声明
E:\Ziqi\shared\cmake\..\..\external\nanogui\include\nanogui/textbox.h(270): warning C4996: '_snprintf': This function or variable may be unsafe. Consider using _snprintf_s instead. To disable deprecation, use _CRT_SECURE_NO_WARNINGS. See online help for details.
  C:\Program Files (x86)\Windows Kits\10\Include\10.0.10240.0\ucrt\stdio.h(1952): note: 参见“_snprintf”的声明
  E:\Ziqi\shared\cmake\..\..\external\nanogui\include\nanogui/textbox.h(267): note: 编译类 模板 成员函数“void nanogui::FloatBox<T>::setValue(Scalar)”时
          with
          [
              T=double,
              Scalar=double
          ]
  E:\Ziqi\shared\cmake\..\..\external\nanogui\include\nanogui/formhelper.h(161): note: 参见对正在编译的函数 模板 实例化“void nanogui::FloatBox<T>::setValue(Scalar)”的引用
          with
          [
              T=double,
              Scalar=double
          ]
  E:\Ziqi\shared\cmake\..\..\external\nanogui\include\nanogui/formhelper.h(299): note: 参见对正在编译的类 模板 实例化“nanogui::FloatBox<T>”的引用
          with
          [
              T=double
          ]
  E:\Ziqi\shared\cmake\..\..\external\nanogui\include\nanogui/formhelper.h(157): note: 参见对正在编译的类 模板 实例化“nanogui::detail::FormWidget<double,std::true_type>”的引用
  E:\Ziqi\shared\cmake\..\..\external\nanogui\include\nanogui/formhelper.h(186): note: 参见对正在编译的函数 模板 实例化“nanogui::detail::FormWidget<double,std::true_type> *nanogui::FormHelper::addVariable<Type>(const std::string &,const std::function<void (const Type &)> &,const std::function<Type (void)> &,bool)”的引用
          with
          [
              Type=double
          ]
  E:\Ziqi\src\main.cpp(225): note: 参见对正在编译的函数 模板 实例化“nanogui::detail::FormWidget<double,std::true_type> *nanogui::FormHelper::addVariable<double>(const std::string &,Type &,bool)”的引用
          with
          [
              Type=double
          ]
e:\ziqi\include\igl\readOFF.cpp(48): warning C4996: 'fscanf': This function or variable may be unsafe. Consider using fscanf_s instead. To disable deprecation, use _CRT_SECURE_NO_WARNINGS. See online help for details.
  C:\Program Files (x86)\Windows Kits\10\Include\10.0.10240.0\ucrt\stdio.h(1193): note: 参见“fscanf”的声明
  e:\ziqi\include\igl\readOFF.cpp(26): note: 参见对正在编译的函数 模板 实例化“bool igl::readOFF<double,int>(FILE *,std::vector<std::vector<double,std::allocator<_Ty>>,std::allocator<std::vector<_Ty,std::allocator<_Ty>>>> &,std::vector<std::vector<int,std::allocator<int>>,std::allocator<std::vector<int,std::allocator<int>>>> &,std::vector<std::vector<_Ty,std::allocator<_Ty>>,std::allocator<std::vector<_Ty,std::allocator<_Ty>>>> &,std::vector<std::vector<_Ty,std::allocator<_Ty>>,std::allocator<std::vector<_Ty,std::allocator<_Ty>>>> &)”的引用
          with
          [
              _Ty=double
          ]
  e:\ziqi\include\igl\readOFF.cpp(177): note: 参见对正在编译的函数 模板 实例化“bool igl::readOFF<double,int>(const std::string,std::vector<std::vector<double,std::allocator<_Ty>>,std::allocator<std::vector<_Ty,std::allocator<_Ty>>>> &,std::vector<std::vector<int,std::allocator<int>>,std::allocator<std::vector<int,std::allocator<int>>>> &,std::vector<std::vector<_Ty,std::allocator<_Ty>>,std::allocator<std::vector<_Ty,std::allocator<_Ty>>>> &,std::vector<std::vector<_Ty,std::allocator<_Ty>>,std::allocator<std::vector<_Ty,std::allocator<_Ty>>>> &)”的引用
          with
          [
              _Ty=double
          ]
e:\ziqi\include\igl\readOFF.cpp(72): warning C4996: 'sscanf': This function or variable may be unsafe. Consider using sscanf_s instead. To disable deprecation, use _CRT_SECURE_NO_WARNINGS. See online help for details.
  C:\Program Files (x86)\Windows Kits\10\Include\10.0.10240.0\ucrt\stdio.h(2254): note: 参见“sscanf”的声明
e:\ziqi\include\igl\readOFF.cpp(85): warning C4996: 'sscanf': This function or variable may be unsafe. Consider using sscanf_s instead. To disable deprecation, use _CRT_SECURE_NO_WARNINGS. See online help for details.
  C:\Program Files (x86)\Windows Kits\10\Include\10.0.10240.0\ucrt\stdio.h(2254): note: 参见“sscanf”的声明
e:\ziqi\include\igl\readOFF.cpp(113): warning C4996: 'fscanf': This function or variable may be unsafe. Consider using fscanf_s instead. To disable deprecation, use _CRT_SECURE_NO_WARNINGS. See online help for details.
  C:\Program Files (x86)\Windows Kits\10\Include\10.0.10240.0\ucrt\stdio.h(1193): note: 参见“fscanf”的声明
e:\ziqi\include\igl\readOFF.cpp(116): warning C4996: 'fscanf': This function or variable may be unsafe. Consider using fscanf_s instead. To disable deprecation, use _CRT_SECURE_NO_WARNINGS. See online help for details.
  C:\Program Files (x86)\Windows Kits\10\Include\10.0.10240.0\ucrt\stdio.h(1193): note: 参见“fscanf”的声明
e:\ziqi\include\igl\readOFF.cpp(132): warning C4996: 'fscanf': This function or variable may be unsafe. Consider using fscanf_s instead. To disable deprecation, use _CRT_SECURE_NO_WARNINGS. See online help for details.
  C:\Program Files (x86)\Windows Kits\10\Include\10.0.10240.0\ucrt\stdio.h(1193): note: 参见“fscanf”的声明
e:\ziqi\include\igl\readOFF.cpp(140): warning C4996: 'fscanf': This function or variable may be unsafe. Consider using fscanf_s instead. To disable deprecation, use _CRT_SECURE_NO_WARNINGS. See online help for details.
  C:\Program Files (x86)\Windows Kits\10\Include\10.0.10240.0\ucrt\stdio.h(1193): note: 参见“fscanf”的声明
e:\ziqi\include\igl\readOFF.cpp(142): warning C4996: 'fscanf': This function or variable may be unsafe. Consider using fscanf_s instead. To disable deprecation, use _CRT_SECURE_NO_WARNINGS. See online help for details.
  C:\Program Files (x86)\Windows Kits\10\Include\10.0.10240.0\ucrt\stdio.h(1193): note: 参见“fscanf”的声明
e:\ziqi\include\igl\readOFF.cpp(150): warning C4996: 'fscanf': This function or variable may be unsafe. Consider using fscanf_s instead. To disable deprecation, use _CRT_SECURE_NO_WARNINGS. See online help for details.
  C:\Program Files (x86)\Windows Kits\10\Include\10.0.10240.0\ucrt\stdio.h(1193): note: 参见“fscanf”的声明
e:\ziqi\include\igl\readOFF.cpp(153): warning C4996: 'fscanf': This function or variable may be unsafe. Consider using fscanf_s instead. To disable deprecation, use _CRT_SECURE_NO_WARNINGS. See online help for details.
  C:\Program Files (x86)\Windows Kits\10\Include\10.0.10240.0\ucrt\stdio.h(1193): note: 参见“fscanf”的声明
e:\ziqi\include\igl\readOBJ.cpp(140): warning C4267: “return”: 从“size_t”转换到“int”，可能丢失数据
  e:\ziqi\include\igl\readOBJ.cpp(36): note: 参见对正在编译的函数 模板 实例化“bool igl::readOBJ<double,int>(FILE *,std::vector<std::vector<double,std::allocator<_Ty>>,std::allocator<std::vector<_Ty,std::allocator<_Ty>>>> &,std::vector<std::vector<_Ty,std::allocator<_Ty>>,std::allocator<std::vector<_Ty,std::allocator<_Ty>>>> &,std::vector<std::vector<_Ty,std::allocator<_Ty>>,std::allocator<std::vector<_Ty,std::allocator<_Ty>>>> &,std::vector<std::vector<int,std::allocator<int>>,std::allocator<std::vector<int,std::allocator<int>>>> &,std::vector<std::vector<int,std::allocator<int>>,std::allocator<std::vector<int,std::allocator<int>>>> &,std::vector<std::vector<int,std::allocator<int>>,std::allocator<std::vector<int,std::allocator<int>>>> &)”的引用
          with
          [
              _Ty=double
          ]
  e:\ziqi\include\igl\readOBJ.cpp(263): note: 参见对正在编译的函数 模板 实例化“bool igl::readOBJ<double,int>(const std::string,std::vector<std::vector<double,std::allocator<_Ty>>,std::allocator<std::vector<_Ty,std::allocator<_Ty>>>> &,std::vector<std::vector<_Ty,std::allocator<_Ty>>,std::allocator<std::vector<_Ty,std::allocator<_Ty>>>> &,std::vector<std::vector<_Ty,std::allocator<_Ty>>,std::allocator<std::vector<_Ty,std::allocator<_Ty>>>> &,std::vector<std::vector<int,std::allocator<int>>,std::allocator<std::vector<int,std::allocator<int>>>> &,std::vector<std::vector<int,std::allocator<int>>,std::allocator<std::vector<int,std::allocator<int>>>> &,std::vector<std::vector<int,std::allocator<int>>,std::allocator<std::vector<int,std::allocator<int>>>> &)”的引用
          with
          [
              _Ty=double
          ]
e:\ziqi\include\igl\readOBJ.cpp(144): warning C4267: “return”: 从“size_t”转换到“int”，可能丢失数据
e:\ziqi\include\igl\readOBJ.cpp(148): warning C4267: “return”: 从“size_t”转换到“int”，可能丢失数据
e:\ziqi\include\igl\readOBJ.cpp(74): warning C4996: 'sscanf': This function or variable may be unsafe. Consider using sscanf_s instead. To disable deprecation, use _CRT_SECURE_NO_WARNINGS. See online help for details.
  C:\Program Files (x86)\Windows Kits\10\Include\10.0.10240.0\ucrt\stdio.h(2254): note: 参见“sscanf”的声明
e:\ziqi\include\igl\readOBJ.cpp(82): warning C4996: 'sscanf': This function or variable may be unsafe. Consider using sscanf_s instead. To disable deprecation, use _CRT_SECURE_NO_WARNINGS. See online help for details.
  C:\Program Files (x86)\Windows Kits\10\Include\10.0.10240.0\ucrt\stdio.h(2254): note: 参见“sscanf”的声明
e:\ziqi\include\igl\readOBJ.cpp(101): warning C4996: 'sscanf': This function or variable may be unsafe. Consider using sscanf_s instead. To disable deprecation, use _CRT_SECURE_NO_WARNINGS. See online help for details.
  C:\Program Files (x86)\Windows Kits\10\Include\10.0.10240.0\ucrt\stdio.h(2254): note: 参见“sscanf”的声明
e:\ziqi\include\igl\readOBJ.cpp(120): warning C4996: 'sscanf': This function or variable may be unsafe. Consider using sscanf_s instead. To disable deprecation, use _CRT_SECURE_NO_WARNINGS. See online help for details.
  C:\Program Files (x86)\Windows Kits\10\Include\10.0.10240.0\ucrt\stdio.h(2254): note: 参见“sscanf”的声明
e:\ziqi\include\igl\readOBJ.cpp(156): warning C4996: 'sscanf': This function or variable may be unsafe. Consider using sscanf_s instead. To disable deprecation, use _CRT_SECURE_NO_WARNINGS. See online help for details.
  C:\Program Files (x86)\Windows Kits\10\Include\10.0.10240.0\ucrt\stdio.h(2254): note: 参见“sscanf”的声明
e:\ziqi\include\igl\readOBJ.cpp(162): warning C4996: 'sscanf': This function or variable may be unsafe. Consider using sscanf_s instead. To disable deprecation, use _CRT_SECURE_NO_WARNINGS. See online help for details.
  C:\Program Files (x86)\Windows Kits\10\Include\10.0.10240.0\ucrt\stdio.h(2254): note: 参见“sscanf”的声明
e:\ziqi\include\igl\readOBJ.cpp(167): warning C4996: 'sscanf': This function or variable may be unsafe. Consider using sscanf_s instead. To disable deprecation, use _CRT_SECURE_NO_WARNINGS. See online help for details.
  C:\Program Files (x86)\Windows Kits\10\Include\10.0.10240.0\ucrt\stdio.h(2254): note: 参见“sscanf”的声明
e:\ziqi\include\igl\readOBJ.cpp(171): warning C4996: 'sscanf': This function or variable may be unsafe. Consider using sscanf_s instead. To disable deprecation, use _CRT_SECURE_NO_WARNINGS. See online help for details.
  C:\Program Files (x86)\Windows Kits\10\Include\10.0.10240.0\ucrt\stdio.h(2254): note: 参见“sscanf”的声明
e:\ziqi\include\igl\readOBJ.cpp(175): warning C4996: 'sscanf': This function or variable may be unsafe. Consider using sscanf_s instead. To disable deprecation, use _CRT_SECURE_NO_WARNINGS. See online help for details.
  C:\Program Files (x86)\Windows Kits\10\Include\10.0.10240.0\ucrt\stdio.h(2254): note: 参见“sscanf”的声明
e:\ziqi\include\igl\parula.cpp(21): warning C4244: “初始化”: 从“double”转换到“float”，可能丢失数据
  e:\ziqi\include\igl\parula.cpp(64): note: 参见对正在编译的函数 模板 实例化“void igl::parula<double>(const T,T &,T &,T &)”的引用
          with
          [
              T=double
          ]
  e:\ziqi\include\igl\parula.cpp(46): note: 参见对正在编译的函数 模板 实例化“void igl::parula<Eigen::Matrix<double,-1,-1,0,-1,-1>,Eigen::Matrix<double,-1,-1,0,-1,-1>>(const Eigen::PlainObjectBase<Eigen::Matrix<double,-1,-1,0,-1,-1>> &,const double,const double,Eigen::PlainObjectBase<Eigen::Matrix<double,-1,-1,0,-1,-1>> &)”的引用
  e:\ziqi\include\igl\viewer\ViewerData.cpp(107): note: 参见对正在编译的函数 模板 实例化“void igl::parula<Eigen::Matrix<double,-1,-1,0,-1,-1>,Eigen::Matrix<double,-1,-1,0,-1,-1>>(const Eigen::PlainObjectBase<Eigen::Matrix<double,-1,-1,0,-1,-1>> &,const bool,Eigen::PlainObjectBase<Eigen::Matrix<double,-1,-1,0,-1,-1>> &)”的引用
e:\ziqi\include\igl\parula.cpp(21): warning C4244: “初始化”: 从“double”转换到“const float”，可能丢失数据
e:\ziqi\include\igl\parula.cpp(24): warning C4244: “初始化”: 从“float”转换到“std::size_t”，可能丢失数据
e:\ziqi\include\igl\parula.cpp(25): warning C4244: “初始化”: 从“float”转换到“std::size_t”，可能丢失数据
e:\ziqi\include\igl\parula.cpp(26): warning C4244: “初始化”: 从“double”转换到“float”，可能丢失数据
e:\ziqi\include\igl\parula.cpp(26): warning C4244: “初始化”: 从“double”转换到“const float”，可能丢失数据
e:\ziqi\include\igl\doublearea.cpp(25): warning C4244: “初始化”: 从“__int64”转换到“int”，可能丢失数据
  e:\ziqi\include\igl\per_vertex_normals.cpp(62): note: 参见对正在编译的函数 模板 实例化“void igl::doublearea<Derived,Eigen::Matrix<int,-1,-1,0,-1,-1>,Eigen::Matrix<double,-1,1,0,-1,1>>(const Eigen::MatrixBase<Derived> &,const Eigen::MatrixBase<Eigen::Matrix<int,-1,-1,0,-1,-1>> &,Eigen::PlainObjectBase<Eigen::Matrix<double,-1,1,0,-1,1>> &)”的引用
          with
          [
              Derived=Eigen::Matrix<double,-1,-1,0,-1,-1>
          ]
  e:\ziqi\include\igl\per_vertex_normals.cpp(112): note: 参见对正在编译的函数 模板 实例化“void igl::per_vertex_normals<Eigen::Matrix<double,-1,-1,0,-1,-1>,Eigen::Matrix<int,-1,-1,0,-1,-1>,Eigen::Matrix<double,-1,-1,0,-1,-1>,Eigen::Matrix<double,-1,-1,0,-1,-1>>(const Eigen::PlainObjectBase<Eigen::Matrix<double,-1,-1,0,-1,-1>> &,const Eigen::PlainObjectBase<Eigen::Matrix<int,-1,-1,0,-1,-1>> &,const igl::PerVertexNormalsWeightingType,const Eigen::PlainObjectBase<Eigen::Matrix<double,-1,-1,0,-1,-1>> &,Eigen::PlainObjectBase<Eigen::Matrix<double,-1,-1,0,-1,-1>> &)”的引用
  e:\ziqi\include\igl\viewer\ViewerData.cpp(343): note: 参见对正在编译的函数 模板 实例化“void igl::per_vertex_normals<Eigen::Matrix<double,-1,-1,0,-1,-1>,Eigen::Matrix<int,-1,-1,0,-1,-1>>(const Eigen::PlainObjectBase<Eigen::Matrix<double,-1,-1,0,-1,-1>> &,const Eigen::PlainObjectBase<Eigen::Matrix<int,-1,-1,0,-1,-1>> &,const Eigen::PlainObjectBase<Eigen::Matrix<double,-1,-1,0,-1,-1>> &,Eigen::PlainObjectBase<Eigen::Matrix<double,-1,-1,0,-1,-1>> &)”的引用
e:\ziqi\include\igl\doublearea.cpp(25): warning C4244: “初始化”: 从“__int64”转换到“const int”，可能丢失数据
e:\ziqi\include\igl\doublearea.cpp(52): warning C4267: “参数”: 从“size_t”转换到“const int”，可能丢失数据
e:\ziqi\include\igl\doublearea.cpp(64): warning C4267: “参数”: 从“size_t”转换到“const int”，可能丢失数据
e:\ziqi\include\igl\squared_edge_lengths.cpp(19): warning C4244: “初始化”: 从“__int64”转换到“int”，可能丢失数据
  e:\ziqi\include\igl\internal_angles.cpp(30): note: 参见对正在编译的函数 模板 实例化“void igl::squared_edge_lengths<Derived,Eigen::Matrix<int,-1,-1,0,-1,-1>,Eigen::Matrix<double,-1,-1,0,-1,-1>>(const Eigen::MatrixBase<Derived> &,const Eigen::MatrixBase<Eigen::Matrix<int,-1,-1,0,-1,-1>> &,Eigen::PlainObjectBase<Derived> &)”的引用
          with
          [
              Derived=Eigen::Matrix<double,-1,-1,0,-1,-1>
          ]
  e:\ziqi\include\igl\per_vertex_normals.cpp(67): note: 参见对正在编译的函数 模板 实例化“void igl::internal_angles<Eigen::Matrix<double,-1,-1,0,-1,-1>,Eigen::Matrix<int,-1,-1,0,-1,-1>,Eigen::Matrix<double,-1,3,0,-1,3>>(const Eigen::PlainObjectBase<Eigen::Matrix<double,-1,-1,0,-1,-1>> &,const Eigen::PlainObjectBase<Eigen::Matrix<int,-1,-1,0,-1,-1>> &,Eigen::PlainObjectBase<Eigen::Matrix<double,-1,3,0,-1,3>> &)”的引用
e:\ziqi\include\igl\squared_edge_lengths.cpp(19): warning C4244: “初始化”: 从“__int64”转换到“const int”，可能丢失数据
e:\ziqi\include\igl\sort.cpp(29): warning C4244: “初始化”: 从“__int64”转换到“int”，可能丢失数据
  e:\ziqi\include\igl\doublearea.cpp(159): note: 参见对正在编译的函数 模板 实例化“void igl::sort<Derived,Eigen::Matrix<double,-1,3,0,-1,3>,Eigen::Matrix<int,-1,-1,0,-1,-1>>(const Eigen::DenseBase<Derived> &,const int,const bool,Eigen::PlainObjectBase<Derived> &,Eigen::PlainObjectBase<Eigen::Matrix<int,-1,-1,0,-1,-1>> &)”的引用
          with
          [
              Derived=Eigen::Matrix<double,-1,3,0,-1,3>
          ]
  e:\ziqi\include\igl\doublearea.cpp(71): note: 参见对正在编译的函数 模板 实例化“void igl::doublearea<Derived,Eigen::Matrix<double,-1,1,0,-1,1>>(const Eigen::MatrixBase<Derived> &,const double,Eigen::PlainObjectBase<Eigen::Matrix<double,-1,1,0,-1,1>> &)”的引用
          with
          [
              Derived=Eigen::Matrix<double,-1,3,0,-1,3>
          ]
e:\ziqi\include\igl\sort.cpp(42): warning C4244: “初始化”: 从“__int64”转换到“int”，可能丢失数据
e:\ziqi\include\igl\sort.cpp(73): warning C4267: “=”: 从“size_t”转换到“int”，可能丢失数据
e:\ziqi\include\igl\sort.cpp(77): warning C4267: “=”: 从“size_t”转换到“int”，可能丢失数据
e:\ziqi\include\igl\parallel_for.h(105): warning C4244: “参数”: 从“Index”转换到“const int”，可能丢失数据
  e:\ziqi\include\igl\doublearea.cpp(196): note: 参见对正在编译的函数 模板 实例化“bool igl::parallel_for<Index,igl::doublearea::<lambda_68877b35a93cbac5e1ff095c5c17bfef>>(const Index,const FunctionType &,const std::size_t)”的引用
          with
          [
              Index=Index,
              FunctionType=igl::doublearea::<lambda_68877b35a93cbac5e1ff095c5c17bfef>
          ]
e:\ziqi\include\igl\sort.cpp(166): warning C4244: “初始化”: 从“__int64”转换到“int”，可能丢失数据
  e:\ziqi\include\igl\sort.cpp(36): note: 参见对正在编译的函数 模板 实例化“void igl::sort2<Derived,Eigen::Matrix<double,-1,3,0,-1,3>,Eigen::Matrix<int,-1,-1,0,-1,-1>>(const Eigen::DenseBase<Derived> &,const int,const bool,Eigen::PlainObjectBase<Derived> &,Eigen::PlainObjectBase<Eigen::Matrix<int,-1,-1,0,-1,-1>> &)”的引用
          with
          [
              Derived=Eigen::Matrix<double,-1,3,0,-1,3>
          ]
  e:\ziqi\include\igl\doublearea.cpp(159): note: 参见对正在编译的函数 模板 实例化“void igl::sort<Derived,Eigen::Matrix<double,-1,3,0,-1,3>,Eigen::Matrix<int,-1,-1,0,-1,-1>>(const Eigen::DenseBase<Derived> &,const int,const bool,Eigen::PlainObjectBase<Derived> &,Eigen::PlainObjectBase<Eigen::Matrix<int,-1,-1,0,-1,-1>> &)”的引用
          with
          [
              Derived=Eigen::Matrix<double,-1,3,0,-1,3>
          ]
e:\ziqi\include\igl\sort.cpp(168): warning C4244: “初始化”: 从“__int64”转换到“int”，可能丢失数据
e:\ziqi\include\igl\sort.cpp(212): warning C4244: “初始化”: 从“__int64”转换到“int”，可能丢失数据
  e:\ziqi\include\igl\sort.cpp(38): note: 参见对正在编译的函数 模板 实例化“void igl::sort3<Derived,Eigen::Matrix<double,-1,3,0,-1,3>,Eigen::Matrix<int,-1,-1,0,-1,-1>>(const Eigen::DenseBase<Derived> &,const int,const bool,Eigen::PlainObjectBase<Derived> &,Eigen::PlainObjectBase<Eigen::Matrix<int,-1,-1,0,-1,-1>> &)”的引用
          with
          [
              Derived=Eigen::Matrix<double,-1,3,0,-1,3>
          ]
e:\ziqi\include\igl\sort.cpp(214): warning C4244: “初始化”: 从“__int64”转换到“int”，可能丢失数据
e:\ziqi\include\igl\parallel_for.h(130): warning C4018: “<”: 有符号/无符号不匹配
  e:\ziqi\include\igl\parallel_for.h(106): note: 参见对正在编译的函数 模板 实例化“bool igl::parallel_for<Index,igl::parallel_for::<lambda_946a5f5e8ace55b1c74f1e4340b12c92>,igl::parallel_for::<lambda_866582420a11052db64bc10a9448d1c2>,igl::parallel_for::<lambda_946a5f5e8ace55b1c74f1e4340b12c92>>(const Index,const PreFunctionType &,const FunctionType &,const AccumFunctionType &,const std::size_t)”的引用
          with
          [
              Index=Index,
              PreFunctionType=igl::parallel_for::<lambda_946a5f5e8ace55b1c74f1e4340b12c92>,
              FunctionType=igl::parallel_for::<lambda_866582420a11052db64bc10a9448d1c2>,
              AccumFunctionType=igl::parallel_for::<lambda_946a5f5e8ace55b1c74f1e4340b12c92>
          ]
  e:\ziqi\include\igl\doublearea.cpp(196): note: 参见对正在编译的函数 模板 实例化“bool igl::parallel_for<Index,igl::doublearea::<lambda_68877b35a93cbac5e1ff095c5c17bfef>>(const Index,const FunctionType &,const std::size_t)”的引用
          with
          [
              Index=Index,
              FunctionType=igl::doublearea::<lambda_68877b35a93cbac5e1ff095c5c17bfef>
          ]
    正在创建库 E:/Ziqi/vs2015/src/Release/supporter_bin.lib 和对象 E:/Ziqi/vs2015/src/Release/supporter_bin.exp
  supporter_bin.vcxproj -> E:\Ziqi\vs2015\supporter_bin.exe
