  Building Custom Rule E:/Ziqi/external/triangle/CMakeLists.txt
  CMake does not need to re-run because E:/Ziqi/vs2015/libigl/triangle/CMakeFiles/generate.stamp is up-to-date.
  triangle.c
E:\Ziqi\external\triangle\triangle.c(3678): warning C4311: “类型转换”: 从“triangle *”到“unsigned long”的指针截断
E:\Ziqi\external\triangle\triangle.c(3680): warning C4311: “类型转换”: 从“triangle”到“unsigned long”的指针截断
E:\Ziqi\external\triangle\triangle.c(3680): warning C4312: “类型转换”: 从“unsigned long”转换到更大的“triangle *”
E:\Ziqi\external\triangle\triangle.c(3684): warning C4311: “类型转换”: 从“triangle *”到“unsigned long”的指针截断
E:\Ziqi\external\triangle\triangle.c(3687): warning C4311: “类型转换”: 从“triangle”到“unsigned long”的指针截断
E:\Ziqi\external\triangle\triangle.c(3687): warning C4312: “类型转换”: 从“unsigned long”转换到更大的“triangle *”
E:\Ziqi\external\triangle\triangle.c(3691): warning C4311: “类型转换”: 从“triangle *”到“unsigned long”的指针截断
E:\Ziqi\external\triangle\triangle.c(3694): warning C4311: “类型转换”: 从“triangle”到“unsigned long”的指针截断
E:\Ziqi\external\triangle\triangle.c(3694): warning C4312: “类型转换”: 从“unsigned long”转换到更大的“triangle *”
E:\Ziqi\external\triangle\triangle.c(3698): warning C4311: “类型转换”: 从“triangle *”到“unsigned long”的指针截断
E:\Ziqi\external\triangle\triangle.c(3707): warning C4311: “类型转换”: 从“vertex”到“unsigned long”的指针截断
E:\Ziqi\external\triangle\triangle.c(3714): warning C4311: “类型转换”: 从“vertex”到“unsigned long”的指针截断
E:\Ziqi\external\triangle\triangle.c(3721): warning C4311: “类型转换”: 从“vertex”到“unsigned long”的指针截断
E:\Ziqi\external\triangle\triangle.c(3725): warning C4311: “类型转换”: 从“triangle”到“unsigned long”的指针截断
E:\Ziqi\external\triangle\triangle.c(3725): warning C4312: “类型转换”: 从“unsigned long”转换到更大的“subseg *”
E:\Ziqi\external\triangle\triangle.c(3727): warning C4311: “类型转换”: 从“subseg *”到“unsigned long”的指针截断
E:\Ziqi\external\triangle\triangle.c(3730): warning C4311: “类型转换”: 从“triangle”到“unsigned long”的指针截断
E:\Ziqi\external\triangle\triangle.c(3730): warning C4312: “类型转换”: 从“unsigned long”转换到更大的“subseg *”
E:\Ziqi\external\triangle\triangle.c(3732): warning C4311: “类型转换”: 从“subseg *”到“unsigned long”的指针截断
E:\Ziqi\external\triangle\triangle.c(3735): warning C4311: “类型转换”: 从“triangle”到“unsigned long”的指针截断
E:\Ziqi\external\triangle\triangle.c(3735): warning C4312: “类型转换”: 从“unsigned long”转换到更大的“subseg *”
E:\Ziqi\external\triangle\triangle.c(3737): warning C4311: “类型转换”: 从“subseg *”到“unsigned long”的指针截断
E:\Ziqi\external\triangle\triangle.c(3773): warning C4311: “类型转换”: 从“subseg *”到“unsigned long”的指针截断
E:\Ziqi\external\triangle\triangle.c(3774): warning C4311: “类型转换”: 从“subseg”到“unsigned long”的指针截断
E:\Ziqi\external\triangle\triangle.c(3774): warning C4312: “类型转换”: 从“unsigned long”转换到更大的“subseg *”
E:\Ziqi\external\triangle\triangle.c(3778): warning C4311: “类型转换”: 从“subseg *”到“unsigned long”的指针截断
E:\Ziqi\external\triangle\triangle.c(3781): warning C4311: “类型转换”: 从“subseg”到“unsigned long”的指针截断
E:\Ziqi\external\triangle\triangle.c(3781): warning C4312: “类型转换”: 从“unsigned long”转换到更大的“subseg *”
E:\Ziqi\external\triangle\triangle.c(3785): warning C4311: “类型转换”: 从“subseg *”到“unsigned long”的指针截断
E:\Ziqi\external\triangle\triangle.c(3794): warning C4311: “类型转换”: 从“vertex”到“unsigned long”的指针截断
E:\Ziqi\external\triangle\triangle.c(3801): warning C4311: “类型转换”: 从“vertex”到“unsigned long”的指针截断
E:\Ziqi\external\triangle\triangle.c(3804): warning C4311: “类型转换”: 从“subseg”到“unsigned long”的指针截断
E:\Ziqi\external\triangle\triangle.c(3804): warning C4312: “类型转换”: 从“unsigned long”转换到更大的“triangle *”
E:\Ziqi\external\triangle\triangle.c(3808): warning C4311: “类型转换”: 从“triangle *”到“unsigned long”的指针截断
E:\Ziqi\external\triangle\triangle.c(3811): warning C4311: “类型转换”: 从“subseg”到“unsigned long”的指针截断
E:\Ziqi\external\triangle\triangle.c(3811): warning C4312: “类型转换”: 从“unsigned long”转换到更大的“triangle *”
E:\Ziqi\external\triangle\triangle.c(3815): warning C4311: “类型转换”: 从“triangle *”到“unsigned long”的指针截断
E:\Ziqi\external\triangle\triangle.c(3824): warning C4311: “类型转换”: 从“vertex”到“unsigned long”的指针截断
E:\Ziqi\external\triangle\triangle.c(3831): warning C4311: “类型转换”: 从“vertex”到“unsigned long”的指针截断
E:\Ziqi\external\triangle\triangle.c(3902): warning C4311: “类型转换”: 从“int **”到“unsigned long”的指针截断
E:\Ziqi\external\triangle\triangle.c(3906): warning C4312: “类型转换”: 从“unsigned long”转换到更大的“int *”
E:\Ziqi\external\triangle\triangle.c(4036): warning C4311: “类型转换”: 从“int **”到“unsigned long”的指针截断
E:\Ziqi\external\triangle\triangle.c(4040): warning C4312: “类型转换”: 从“unsigned long”转换到更大的“int *”
E:\Ziqi\external\triangle\triangle.c(4100): warning C4311: “类型转换”: 从“int **”到“unsigned long”的指针截断
E:\Ziqi\external\triangle\triangle.c(4104): warning C4312: “类型转换”: 从“unsigned long”转换到更大的“int *”
E:\Ziqi\external\triangle\triangle.c(4144): warning C4311: “类型转换”: 从“int **”到“unsigned long”的指针截断
E:\Ziqi\external\triangle\triangle.c(4148): warning C4312: “类型转换”: 从“unsigned long”转换到更大的“int *”
E:\Ziqi\external\triangle\triangle.c(4206): warning C4311: “类型转换”: 从“triangle *”到“unsigned long”的指针截断
E:\Ziqi\external\triangle\triangle.c(4209): warning C4312: “类型转换”: 从“unsigned long”转换到更大的“triangle *”
E:\Ziqi\external\triangle\triangle.c(4229): warning C4311: “类型转换”: 从“subseg *”到“unsigned long”的指针截断
E:\Ziqi\external\triangle\triangle.c(4232): warning C4312: “类型转换”: 从“unsigned long”转换到更大的“subseg *”
E:\Ziqi\external\triangle\triangle.c(4606): warning C4311: “类型转换”: 从“int **”到“unsigned long”的指针截断
E:\Ziqi\external\triangle\triangle.c(4608): warning C4312: “类型转换”: 从“unsigned long”转换到更大的“char *”
E:\Ziqi\external\triangle\triangle.c(6736): warning C4311: “类型转换”: 从“triangle”到“unsigned long”的指针截断
E:\Ziqi\external\triangle\triangle.c(6736): warning C4312: “类型转换”: 从“unsigned long”转换到更大的“triangle *”
E:\Ziqi\external\triangle\triangle.c(6739): warning C4311: “类型转换”: 从“triangle”到“unsigned long”的指针截断
E:\Ziqi\external\triangle\triangle.c(6739): warning C4312: “类型转换”: 从“unsigned long”转换到更大的“triangle *”
E:\Ziqi\external\triangle\triangle.c(6829): warning C4311: “类型转换”: 从“triangle”到“unsigned long”的指针截断
E:\Ziqi\external\triangle\triangle.c(6829): warning C4312: “类型转换”: 从“unsigned long”转换到更大的“triangle *”
E:\Ziqi\external\triangle\triangle.c(6847): warning C4311: “类型转换”: 从“subseg”到“unsigned long”的指针截断
E:\Ziqi\external\triangle\triangle.c(6847): warning C4312: “类型转换”: 从“unsigned long”转换到更大的“subseg *”
E:\Ziqi\external\triangle\triangle.c(6954): warning C4244: “=”: 从“double”转换到“int”，可能丢失数据
E:\Ziqi\external\triangle\triangle.c(7027): warning C4311: “类型转换”: 从“triangle *”到“unsigned long”的指针截断
E:\Ziqi\external\triangle\triangle.c(7027): warning C4312: “类型转换”: 从“unsigned long”转换到更大的“triangle”
E:\Ziqi\external\triangle\triangle.c(7124): warning C4311: “类型转换”: 从“triangle”到“unsigned long”的指针截断
E:\Ziqi\external\triangle\triangle.c(7124): warning C4312: “类型转换”: 从“unsigned long”转换到更大的“triangle *”
E:\Ziqi\external\triangle\triangle.c(7151): warning C4311: “类型转换”: 从“triangle”到“unsigned long”的指针截断
E:\Ziqi\external\triangle\triangle.c(7151): warning C4312: “类型转换”: 从“unsigned long”转换到更大的“triangle *”
E:\Ziqi\external\triangle\triangle.c(7184): warning C4311: “类型转换”: 从“subseg *”到“unsigned long”的指针截断
E:\Ziqi\external\triangle\triangle.c(7184): warning C4312: “类型转换”: 从“unsigned long”转换到更大的“subseg”
E:\Ziqi\external\triangle\triangle.c(7188): warning C4311: “类型转换”: 从“subseg *”到“unsigned long”的指针截断
E:\Ziqi\external\triangle\triangle.c(7188): warning C4312: “类型转换”: 从“unsigned long”转换到更大的“subseg”
E:\Ziqi\external\triangle\triangle.c(7326): warning C4311: “类型转换”: 从“subseg”到“unsigned long”的指针截断
E:\Ziqi\external\triangle\triangle.c(7326): warning C4312: “类型转换”: 从“unsigned long”转换到更大的“subseg *”
E:\Ziqi\external\triangle\triangle.c(7331): warning C4311: “类型转换”: 从“triangle”到“unsigned long”的指针截断
E:\Ziqi\external\triangle\triangle.c(7331): warning C4312: “类型转换”: 从“unsigned long”转换到更大的“triangle *”
E:\Ziqi\external\triangle\triangle.c(7332): warning C4311: “类型转换”: 从“subseg”到“unsigned long”的指针截断
E:\Ziqi\external\triangle\triangle.c(7332): warning C4312: “类型转换”: 从“unsigned long”转换到更大的“subseg *”
E:\Ziqi\external\triangle\triangle.c(7339): warning C4311: “类型转换”: 从“triangle”到“unsigned long”的指针截断
E:\Ziqi\external\triangle\triangle.c(7339): warning C4312: “类型转换”: 从“unsigned long”转换到更大的“triangle *”
E:\Ziqi\external\triangle\triangle.c(7340): warning C4311: “类型转换”: 从“subseg”到“unsigned long”的指针截断
E:\Ziqi\external\triangle\triangle.c(7340): warning C4312: “类型转换”: 从“unsigned long”转换到更大的“subseg *”
E:\Ziqi\external\triangle\triangle.c(7419): warning C4311: “类型转换”: 从“triangle *”到“unsigned long”的指针截断
E:\Ziqi\external\triangle\triangle.c(7419): warning C4312: “类型转换”: 从“unsigned long”转换到更大的“triangle”
E:\Ziqi\external\triangle\triangle.c(7578): warning C4311: “类型转换”: 从“triangle”到“unsigned long”的指针截断
E:\Ziqi\external\triangle\triangle.c(7578): warning C4312: “类型转换”: 从“unsigned long”转换到更大的“triangle *”
E:\Ziqi\external\triangle\triangle.c(7582): warning C4311: “类型转换”: 从“subseg”到“unsigned long”的指针截断
E:\Ziqi\external\triangle\triangle.c(7582): warning C4312: “类型转换”: 从“unsigned long”转换到更大的“subseg *”
E:\Ziqi\external\triangle\triangle.c(7724): warning C4311: “类型转换”: 从“int **”到“unsigned long”的指针截断
E:\Ziqi\external\triangle\triangle.c(7728): warning C4312: “类型转换”: 从“unsigned long”转换到更大的“char *”
E:\Ziqi\external\triangle\triangle.c(7777): warning C4311: “类型转换”: 从“triangle”到“unsigned long”的指针截断
E:\Ziqi\external\triangle\triangle.c(7777): warning C4312: “类型转换”: 从“unsigned long”转换到更大的“triangle *”
E:\Ziqi\external\triangle\triangle.c(7835): warning C4311: “类型转换”: 从“subseg”到“unsigned long”的指针截断
E:\Ziqi\external\triangle\triangle.c(7835): warning C4312: “类型转换”: 从“unsigned long”转换到更大的“subseg *”
E:\Ziqi\external\triangle\triangle.c(7847): warning C4311: “类型转换”: 从“subseg *”到“unsigned long”的指针截断
E:\Ziqi\external\triangle\triangle.c(7847): warning C4312: “类型转换”: 从“unsigned long”转换到更大的“subseg”
E:\Ziqi\external\triangle\triangle.c(7847): warning C4311: “类型转换”: 从“triangle *”到“unsigned long”的指针截断
E:\Ziqi\external\triangle\triangle.c(7847): warning C4312: “类型转换”: 从“unsigned long”转换到更大的“triangle”
E:\Ziqi\external\triangle\triangle.c(7848): warning C4311: “类型转换”: 从“triangle”到“unsigned long”的指针截断
E:\Ziqi\external\triangle\triangle.c(7848): warning C4312: “类型转换”: 从“unsigned long”转换到更大的“triangle *”
E:\Ziqi\external\triangle\triangle.c(7850): warning C4311: “类型转换”: 从“subseg *”到“unsigned long”的指针截断
E:\Ziqi\external\triangle\triangle.c(7850): warning C4312: “类型转换”: 从“unsigned long”转换到更大的“subseg”
E:\Ziqi\external\triangle\triangle.c(7850): warning C4311: “类型转换”: 从“triangle *”到“unsigned long”的指针截断
E:\Ziqi\external\triangle\triangle.c(7850): warning C4312: “类型转换”: 从“unsigned long”转换到更大的“triangle”
E:\Ziqi\external\triangle\triangle.c(7937): warning C4311: “类型转换”: 从“triangle”到“unsigned long”的指针截断
E:\Ziqi\external\triangle\triangle.c(7937): warning C4312: “类型转换”: 从“unsigned long”转换到更大的“triangle *”
E:\Ziqi\external\triangle\triangle.c(7957): warning C4311: “类型转换”: 从“triangle”到“unsigned long”的指针截断
E:\Ziqi\external\triangle\triangle.c(7957): warning C4312: “类型转换”: 从“unsigned long”转换到更大的“triangle *”
E:\Ziqi\external\triangle\triangle.c(7959): warning C4311: “类型转换”: 从“triangle”到“unsigned long”的指针截断
E:\Ziqi\external\triangle\triangle.c(7959): warning C4312: “类型转换”: 从“unsigned long”转换到更大的“triangle *”
E:\Ziqi\external\triangle\triangle.c(7961): warning C4311: “类型转换”: 从“triangle”到“unsigned long”的指针截断
E:\Ziqi\external\triangle\triangle.c(7961): warning C4312: “类型转换”: 从“unsigned long”转换到更大的“triangle *”
E:\Ziqi\external\triangle\triangle.c(7963): warning C4311: “类型转换”: 从“triangle”到“unsigned long”的指针截断
E:\Ziqi\external\triangle\triangle.c(7963): warning C4312: “类型转换”: 从“unsigned long”转换到更大的“triangle *”
E:\Ziqi\external\triangle\triangle.c(7965): warning C4311: “类型转换”: 从“triangle *”到“unsigned long”的指针截断
E:\Ziqi\external\triangle\triangle.c(7965): warning C4312: “类型转换”: 从“unsigned long”转换到更大的“triangle”
E:\Ziqi\external\triangle\triangle.c(7966): warning C4311: “类型转换”: 从“triangle *”到“unsigned long”的指针截断
E:\Ziqi\external\triangle\triangle.c(7966): warning C4312: “类型转换”: 从“unsigned long”转换到更大的“triangle”
E:\Ziqi\external\triangle\triangle.c(7967): warning C4311: “类型转换”: 从“triangle *”到“unsigned long”的指针截断
E:\Ziqi\external\triangle\triangle.c(7967): warning C4312: “类型转换”: 从“unsigned long”转换到更大的“triangle”
E:\Ziqi\external\triangle\triangle.c(7968): warning C4311: “类型转换”: 从“triangle *”到“unsigned long”的指针截断
E:\Ziqi\external\triangle\triangle.c(7968): warning C4312: “类型转换”: 从“unsigned long”转换到更大的“triangle”
E:\Ziqi\external\triangle\triangle.c(7972): warning C4311: “类型转换”: 从“subseg”到“unsigned long”的指针截断
E:\Ziqi\external\triangle\triangle.c(7972): warning C4312: “类型转换”: 从“unsigned long”转换到更大的“subseg *”
E:\Ziqi\external\triangle\triangle.c(7973): warning C4311: “类型转换”: 从“subseg”到“unsigned long”的指针截断
E:\Ziqi\external\triangle\triangle.c(7973): warning C4312: “类型转换”: 从“unsigned long”转换到更大的“subseg *”
E:\Ziqi\external\triangle\triangle.c(7974): warning C4311: “类型转换”: 从“subseg”到“unsigned long”的指针截断
E:\Ziqi\external\triangle\triangle.c(7974): warning C4312: “类型转换”: 从“unsigned long”转换到更大的“subseg *”
E:\Ziqi\external\triangle\triangle.c(7975): warning C4311: “类型转换”: 从“subseg”到“unsigned long”的指针截断
E:\Ziqi\external\triangle\triangle.c(7975): warning C4312: “类型转换”: 从“unsigned long”转换到更大的“subseg *”
E:\Ziqi\external\triangle\triangle.c(7979): warning C4311: “类型转换”: 从“subseg *”到“unsigned long”的指针截断
E:\Ziqi\external\triangle\triangle.c(7979): warning C4312: “类型转换”: 从“unsigned long”转换到更大的“subseg”
E:\Ziqi\external\triangle\triangle.c(7979): warning C4311: “类型转换”: 从“triangle *”到“unsigned long”的指针截断
E:\Ziqi\external\triangle\triangle.c(7979): warning C4312: “类型转换”: 从“unsigned long”转换到更大的“triangle”
E:\Ziqi\external\triangle\triangle.c(7984): warning C4311: “类型转换”: 从“subseg *”到“unsigned long”的指针截断
E:\Ziqi\external\triangle\triangle.c(7984): warning C4312: “类型转换”: 从“unsigned long”转换到更大的“subseg”
E:\Ziqi\external\triangle\triangle.c(7984): warning C4311: “类型转换”: 从“triangle *”到“unsigned long”的指针截断
E:\Ziqi\external\triangle\triangle.c(7984): warning C4312: “类型转换”: 从“unsigned long”转换到更大的“triangle”
E:\Ziqi\external\triangle\triangle.c(7989): warning C4311: “类型转换”: 从“subseg *”到“unsigned long”的指针截断
E:\Ziqi\external\triangle\triangle.c(7989): warning C4312: “类型转换”: 从“unsigned long”转换到更大的“subseg”
E:\Ziqi\external\triangle\triangle.c(7989): warning C4311: “类型转换”: 从“triangle *”到“unsigned long”的指针截断
E:\Ziqi\external\triangle\triangle.c(7989): warning C4312: “类型转换”: 从“unsigned long”转换到更大的“triangle”
E:\Ziqi\external\triangle\triangle.c(7994): warning C4311: “类型转换”: 从“subseg *”到“unsigned long”的指针截断
E:\Ziqi\external\triangle\triangle.c(7994): warning C4312: “类型转换”: 从“unsigned long”转换到更大的“subseg”
E:\Ziqi\external\triangle\triangle.c(7994): warning C4311: “类型转换”: 从“triangle *”到“unsigned long”的指针截断
E:\Ziqi\external\triangle\triangle.c(7994): warning C4312: “类型转换”: 从“unsigned long”转换到更大的“triangle”
E:\Ziqi\external\triangle\triangle.c(8072): warning C4311: “类型转换”: 从“triangle”到“unsigned long”的指针截断
E:\Ziqi\external\triangle\triangle.c(8072): warning C4312: “类型转换”: 从“unsigned long”转换到更大的“triangle *”
E:\Ziqi\external\triangle\triangle.c(8092): warning C4311: “类型转换”: 从“triangle”到“unsigned long”的指针截断
E:\Ziqi\external\triangle\triangle.c(8092): warning C4312: “类型转换”: 从“unsigned long”转换到更大的“triangle *”
E:\Ziqi\external\triangle\triangle.c(8094): warning C4311: “类型转换”: 从“triangle”到“unsigned long”的指针截断
E:\Ziqi\external\triangle\triangle.c(8094): warning C4312: “类型转换”: 从“unsigned long”转换到更大的“triangle *”
E:\Ziqi\external\triangle\triangle.c(8096): warning C4311: “类型转换”: 从“triangle”到“unsigned long”的指针截断
E:\Ziqi\external\triangle\triangle.c(8096): warning C4312: “类型转换”: 从“unsigned long”转换到更大的“triangle *”
E:\Ziqi\external\triangle\triangle.c(8098): warning C4311: “类型转换”: 从“triangle”到“unsigned long”的指针截断
E:\Ziqi\external\triangle\triangle.c(8098): warning C4312: “类型转换”: 从“unsigned long”转换到更大的“triangle *”
E:\Ziqi\external\triangle\triangle.c(8100): warning C4311: “类型转换”: 从“triangle *”到“unsigned long”的指针截断
E:\Ziqi\external\triangle\triangle.c(8100): warning C4312: “类型转换”: 从“unsigned long”转换到更大的“triangle”
E:\Ziqi\external\triangle\triangle.c(8101): warning C4311: “类型转换”: 从“triangle *”到“unsigned long”的指针截断
E:\Ziqi\external\triangle\triangle.c(8101): warning C4312: “类型转换”: 从“unsigned long”转换到更大的“triangle”
E:\Ziqi\external\triangle\triangle.c(8102): warning C4311: “类型转换”: 从“triangle *”到“unsigned long”的指针截断
E:\Ziqi\external\triangle\triangle.c(8102): warning C4312: “类型转换”: 从“unsigned long”转换到更大的“triangle”
E:\Ziqi\external\triangle\triangle.c(8103): warning C4311: “类型转换”: 从“triangle *”到“unsigned long”的指针截断
E:\Ziqi\external\triangle\triangle.c(8103): warning C4312: “类型转换”: 从“unsigned long”转换到更大的“triangle”
E:\Ziqi\external\triangle\triangle.c(8107): warning C4311: “类型转换”: 从“subseg”到“unsigned long”的指针截断
E:\Ziqi\external\triangle\triangle.c(8107): warning C4312: “类型转换”: 从“unsigned long”转换到更大的“subseg *”
E:\Ziqi\external\triangle\triangle.c(8108): warning C4311: “类型转换”: 从“subseg”到“unsigned long”的指针截断
E:\Ziqi\external\triangle\triangle.c(8108): warning C4312: “类型转换”: 从“unsigned long”转换到更大的“subseg *”
E:\Ziqi\external\triangle\triangle.c(8109): warning C4311: “类型转换”: 从“subseg”到“unsigned long”的指针截断
E:\Ziqi\external\triangle\triangle.c(8109): warning C4312: “类型转换”: 从“unsigned long”转换到更大的“subseg *”
E:\Ziqi\external\triangle\triangle.c(8110): warning C4311: “类型转换”: 从“subseg”到“unsigned long”的指针截断
E:\Ziqi\external\triangle\triangle.c(8110): warning C4312: “类型转换”: 从“unsigned long”转换到更大的“subseg *”
E:\Ziqi\external\triangle\triangle.c(8114): warning C4311: “类型转换”: 从“subseg *”到“unsigned long”的指针截断
E:\Ziqi\external\triangle\triangle.c(8114): warning C4312: “类型转换”: 从“unsigned long”转换到更大的“subseg”
E:\Ziqi\external\triangle\triangle.c(8114): warning C4311: “类型转换”: 从“triangle *”到“unsigned long”的指针截断
E:\Ziqi\external\triangle\triangle.c(8114): warning C4312: “类型转换”: 从“unsigned long”转换到更大的“triangle”
E:\Ziqi\external\triangle\triangle.c(8119): warning C4311: “类型转换”: 从“subseg *”到“unsigned long”的指针截断
E:\Ziqi\external\triangle\triangle.c(8119): warning C4312: “类型转换”: 从“unsigned long”转换到更大的“subseg”
E:\Ziqi\external\triangle\triangle.c(8119): warning C4311: “类型转换”: 从“triangle *”到“unsigned long”的指针截断
E:\Ziqi\external\triangle\triangle.c(8119): warning C4312: “类型转换”: 从“unsigned long”转换到更大的“triangle”
E:\Ziqi\external\triangle\triangle.c(8124): warning C4311: “类型转换”: 从“subseg *”到“unsigned long”的指针截断
E:\Ziqi\external\triangle\triangle.c(8124): warning C4312: “类型转换”: 从“unsigned long”转换到更大的“subseg”
E:\Ziqi\external\triangle\triangle.c(8124): warning C4311: “类型转换”: 从“triangle *”到“unsigned long”的指针截断
E:\Ziqi\external\triangle\triangle.c(8124): warning C4312: “类型转换”: 从“unsigned long”转换到更大的“triangle”
E:\Ziqi\external\triangle\triangle.c(8129): warning C4311: “类型转换”: 从“subseg *”到“unsigned long”的指针截断
E:\Ziqi\external\triangle\triangle.c(8129): warning C4312: “类型转换”: 从“unsigned long”转换到更大的“subseg”
E:\Ziqi\external\triangle\triangle.c(8129): warning C4311: “类型转换”: 从“triangle *”到“unsigned long”的指针截断
E:\Ziqi\external\triangle\triangle.c(8129): warning C4312: “类型转换”: 从“unsigned long”转换到更大的“triangle”
E:\Ziqi\external\triangle\triangle.c(8255): warning C4311: “类型转换”: 从“triangle”到“unsigned long”的指针截断
E:\Ziqi\external\triangle\triangle.c(8255): warning C4312: “类型转换”: 从“unsigned long”转换到更大的“triangle *”
E:\Ziqi\external\triangle\triangle.c(8281): warning C4311: “类型转换”: 从“subseg”到“unsigned long”的指针截断
E:\Ziqi\external\triangle\triangle.c(8281): warning C4312: “类型转换”: 从“unsigned long”转换到更大的“subseg *”
E:\Ziqi\external\triangle\triangle.c(8289): warning C4311: “类型转换”: 从“triangle”到“unsigned long”的指针截断
E:\Ziqi\external\triangle\triangle.c(8289): warning C4312: “类型转换”: 从“unsigned long”转换到更大的“triangle *”
E:\Ziqi\external\triangle\triangle.c(8295): warning C4311: “类型转换”: 从“subseg *”到“unsigned long”的指针截断
E:\Ziqi\external\triangle\triangle.c(8295): warning C4312: “类型转换”: 从“unsigned long”转换到更大的“subseg”
E:\Ziqi\external\triangle\triangle.c(8317): warning C4311: “类型转换”: 从“triangle”到“unsigned long”的指针截断
E:\Ziqi\external\triangle\triangle.c(8317): warning C4312: “类型转换”: 从“unsigned long”转换到更大的“triangle *”
E:\Ziqi\external\triangle\triangle.c(8318): warning C4311: “类型转换”: 从“triangle”到“unsigned long”的指针截断
E:\Ziqi\external\triangle\triangle.c(8318): warning C4312: “类型转换”: 从“unsigned long”转换到更大的“triangle *”
E:\Ziqi\external\triangle\triangle.c(8323): warning C4311: “类型转换”: 从“triangle”到“unsigned long”的指针截断
E:\Ziqi\external\triangle\triangle.c(8323): warning C4312: “类型转换”: 从“unsigned long”转换到更大的“triangle *”
E:\Ziqi\external\triangle\triangle.c(8366): warning C4311: “类型转换”: 从“subseg”到“unsigned long”的指针截断
E:\Ziqi\external\triangle\triangle.c(8366): warning C4312: “类型转换”: 从“unsigned long”转换到更大的“subseg *”
E:\Ziqi\external\triangle\triangle.c(8369): warning C4311: “类型转换”: 从“subseg *”到“unsigned long”的指针截断
E:\Ziqi\external\triangle\triangle.c(8369): warning C4312: “类型转换”: 从“unsigned long”转换到更大的“subseg”
E:\Ziqi\external\triangle\triangle.c(8369): warning C4311: “类型转换”: 从“triangle *”到“unsigned long”的指针截断
E:\Ziqi\external\triangle\triangle.c(8369): warning C4312: “类型转换”: 从“unsigned long”转换到更大的“triangle”
E:\Ziqi\external\triangle\triangle.c(8372): warning C4311: “类型转换”: 从“subseg”到“unsigned long”的指针截断
E:\Ziqi\external\triangle\triangle.c(8372): warning C4312: “类型转换”: 从“unsigned long”转换到更大的“subseg *”
E:\Ziqi\external\triangle\triangle.c(8375): warning C4311: “类型转换”: 从“subseg *”到“unsigned long”的指针截断
E:\Ziqi\external\triangle\triangle.c(8375): warning C4312: “类型转换”: 从“unsigned long”转换到更大的“subseg”
E:\Ziqi\external\triangle\triangle.c(8375): warning C4311: “类型转换”: 从“triangle *”到“unsigned long”的指针截断
E:\Ziqi\external\triangle\triangle.c(8375): warning C4312: “类型转换”: 从“unsigned long”转换到更大的“triangle”
E:\Ziqi\external\triangle\triangle.c(8381): warning C4311: “类型转换”: 从“triangle *”到“unsigned long”的指针截断
E:\Ziqi\external\triangle\triangle.c(8381): warning C4312: “类型转换”: 从“unsigned long”转换到更大的“triangle”
E:\Ziqi\external\triangle\triangle.c(8383): warning C4311: “类型转换”: 从“triangle *”到“unsigned long”的指针截断
E:\Ziqi\external\triangle\triangle.c(8383): warning C4312: “类型转换”: 从“unsigned long”转换到更大的“triangle”
E:\Ziqi\external\triangle\triangle.c(8386): warning C4311: “类型转换”: 从“triangle *”到“unsigned long”的指针截断
E:\Ziqi\external\triangle\triangle.c(8386): warning C4312: “类型转换”: 从“unsigned long”转换到更大的“triangle”
E:\Ziqi\external\triangle\triangle.c(8388): warning C4311: “类型转换”: 从“triangle *”到“unsigned long”的指针截断
E:\Ziqi\external\triangle\triangle.c(8388): warning C4312: “类型转换”: 从“unsigned long”转换到更大的“triangle”
E:\Ziqi\external\triangle\triangle.c(8390): warning C4311: “类型转换”: 从“triangle *”到“unsigned long”的指针截断
E:\Ziqi\external\triangle\triangle.c(8390): warning C4312: “类型转换”: 从“unsigned long”转换到更大的“triangle”
E:\Ziqi\external\triangle\triangle.c(8399): warning C4311: “类型转换”: 从“subseg”到“unsigned long”的指针截断
E:\Ziqi\external\triangle\triangle.c(8399): warning C4312: “类型转换”: 从“unsigned long”转换到更大的“subseg *”
E:\Ziqi\external\triangle\triangle.c(8401): warning C4311: “类型转换”: 从“subseg”到“unsigned long”的指针截断
E:\Ziqi\external\triangle\triangle.c(8401): warning C4312: “类型转换”: 从“unsigned long”转换到更大的“subseg *”
E:\Ziqi\external\triangle\triangle.c(8404): warning C4311: “类型转换”: 从“subseg *”到“unsigned long”的指针截断
E:\Ziqi\external\triangle\triangle.c(8404): warning C4312: “类型转换”: 从“unsigned long”转换到更大的“subseg”
E:\Ziqi\external\triangle\triangle.c(8406): warning C4311: “类型转换”: 从“subseg *”到“unsigned long”的指针截断
E:\Ziqi\external\triangle\triangle.c(8406): warning C4312: “类型转换”: 从“unsigned long”转换到更大的“subseg”
E:\Ziqi\external\triangle\triangle.c(8418): warning C4311: “类型转换”: 从“triangle *”到“unsigned long”的指针截断
E:\Ziqi\external\triangle\triangle.c(8418): warning C4312: “类型转换”: 从“unsigned long”转换到更大的“triangle”
E:\Ziqi\external\triangle\triangle.c(8475): warning C4311: “类型转换”: 从“triangle”到“unsigned long”的指针截断
E:\Ziqi\external\triangle\triangle.c(8475): warning C4312: “类型转换”: 从“unsigned long”转换到更大的“triangle *”
E:\Ziqi\external\triangle\triangle.c(8476): warning C4311: “类型转换”: 从“triangle”到“unsigned long”的指针截断
E:\Ziqi\external\triangle\triangle.c(8476): warning C4312: “类型转换”: 从“unsigned long”转换到更大的“triangle *”
E:\Ziqi\external\triangle\triangle.c(8507): warning C4311: “类型转换”: 从“subseg”到“unsigned long”的指针截断
E:\Ziqi\external\triangle\triangle.c(8507): warning C4312: “类型转换”: 从“unsigned long”转换到更大的“subseg *”
E:\Ziqi\external\triangle\triangle.c(8510): warning C4311: “类型转换”: 从“subseg *”到“unsigned long”的指针截断
E:\Ziqi\external\triangle\triangle.c(8510): warning C4312: “类型转换”: 从“unsigned long”转换到更大的“subseg”
E:\Ziqi\external\triangle\triangle.c(8510): warning C4311: “类型转换”: 从“triangle *”到“unsigned long”的指针截断
E:\Ziqi\external\triangle\triangle.c(8510): warning C4312: “类型转换”: 从“unsigned long”转换到更大的“triangle”
E:\Ziqi\external\triangle\triangle.c(8512): warning C4311: “类型转换”: 从“subseg”到“unsigned long”的指针截断
E:\Ziqi\external\triangle\triangle.c(8512): warning C4312: “类型转换”: 从“unsigned long”转换到更大的“subseg *”
E:\Ziqi\external\triangle\triangle.c(8515): warning C4311: “类型转换”: 从“subseg *”到“unsigned long”的指针截断
E:\Ziqi\external\triangle\triangle.c(8515): warning C4312: “类型转换”: 从“unsigned long”转换到更大的“subseg”
E:\Ziqi\external\triangle\triangle.c(8515): warning C4311: “类型转换”: 从“triangle *”到“unsigned long”的指针截断
E:\Ziqi\external\triangle\triangle.c(8515): warning C4312: “类型转换”: 从“unsigned long”转换到更大的“triangle”
E:\Ziqi\external\triangle\triangle.c(8520): warning C4311: “类型转换”: 从“triangle *”到“unsigned long”的指针截断
E:\Ziqi\external\triangle\triangle.c(8520): warning C4312: “类型转换”: 从“unsigned long”转换到更大的“triangle”
E:\Ziqi\external\triangle\triangle.c(8521): warning C4311: “类型转换”: 从“triangle *”到“unsigned long”的指针截断
E:\Ziqi\external\triangle\triangle.c(8521): warning C4312: “类型转换”: 从“unsigned long”转换到更大的“triangle”
E:\Ziqi\external\triangle\triangle.c(8524): warning C4311: “类型转换”: 从“triangle *”到“unsigned long”的指针截断
E:\Ziqi\external\triangle\triangle.c(8524): warning C4312: “类型转换”: 从“unsigned long”转换到更大的“triangle”
E:\Ziqi\external\triangle\triangle.c(8526): warning C4311: “类型转换”: 从“triangle *”到“unsigned long”的指针截断
E:\Ziqi\external\triangle\triangle.c(8526): warning C4312: “类型转换”: 从“unsigned long”转换到更大的“triangle”
E:\Ziqi\external\triangle\triangle.c(8528): warning C4311: “类型转换”: 从“triangle *”到“unsigned long”的指针截断
E:\Ziqi\external\triangle\triangle.c(8528): warning C4312: “类型转换”: 从“unsigned long”转换到更大的“triangle”
E:\Ziqi\external\triangle\triangle.c(8533): warning C4311: “类型转换”: 从“triangle *”到“unsigned long”的指针截断
E:\Ziqi\external\triangle\triangle.c(8533): warning C4312: “类型转换”: 从“unsigned long”转换到更大的“triangle”
E:\Ziqi\external\triangle\triangle.c(8582): warning C4311: “类型转换”: 从“subseg”到“unsigned long”的指针截断
E:\Ziqi\external\triangle\triangle.c(8582): warning C4312: “类型转换”: 从“unsigned long”转换到更大的“subseg *”
E:\Ziqi\external\triangle\triangle.c(8599): warning C4311: “类型转换”: 从“triangle”到“unsigned long”的指针截断
E:\Ziqi\external\triangle\triangle.c(8599): warning C4312: “类型转换”: 从“unsigned long”转换到更大的“triangle *”
E:\Ziqi\external\triangle\triangle.c(8644): warning C4311: “类型转换”: 从“triangle”到“unsigned long”的指针截断
E:\Ziqi\external\triangle\triangle.c(8644): warning C4312: “类型转换”: 从“unsigned long”转换到更大的“triangle *”
E:\Ziqi\external\triangle\triangle.c(8646): warning C4311: “类型转换”: 从“triangle”到“unsigned long”的指针截断
E:\Ziqi\external\triangle\triangle.c(8646): warning C4312: “类型转换”: 从“unsigned long”转换到更大的“triangle *”
E:\Ziqi\external\triangle\triangle.c(8648): warning C4311: “类型转换”: 从“triangle”到“unsigned long”的指针截断
E:\Ziqi\external\triangle\triangle.c(8648): warning C4312: “类型转换”: 从“unsigned long”转换到更大的“triangle *”
E:\Ziqi\external\triangle\triangle.c(8650): warning C4311: “类型转换”: 从“triangle”到“unsigned long”的指针截断
E:\Ziqi\external\triangle\triangle.c(8650): warning C4312: “类型转换”: 从“unsigned long”转换到更大的“triangle *”
E:\Ziqi\external\triangle\triangle.c(8652): warning C4311: “类型转换”: 从“triangle *”到“unsigned long”的指针截断
E:\Ziqi\external\triangle\triangle.c(8652): warning C4312: “类型转换”: 从“unsigned long”转换到更大的“triangle”
E:\Ziqi\external\triangle\triangle.c(8653): warning C4311: “类型转换”: 从“triangle *”到“unsigned long”的指针截断
E:\Ziqi\external\triangle\triangle.c(8653): warning C4312: “类型转换”: 从“unsigned long”转换到更大的“triangle”
E:\Ziqi\external\triangle\triangle.c(8654): warning C4311: “类型转换”: 从“triangle *”到“unsigned long”的指针截断
E:\Ziqi\external\triangle\triangle.c(8654): warning C4312: “类型转换”: 从“unsigned long”转换到更大的“triangle”
E:\Ziqi\external\triangle\triangle.c(8655): warning C4311: “类型转换”: 从“triangle *”到“unsigned long”的指针截断
E:\Ziqi\external\triangle\triangle.c(8655): warning C4312: “类型转换”: 从“unsigned long”转换到更大的“triangle”
E:\Ziqi\external\triangle\triangle.c(8658): warning C4311: “类型转换”: 从“subseg”到“unsigned long”的指针截断
E:\Ziqi\external\triangle\triangle.c(8658): warning C4312: “类型转换”: 从“unsigned long”转换到更大的“subseg *”
E:\Ziqi\external\triangle\triangle.c(8659): warning C4311: “类型转换”: 从“subseg”到“unsigned long”的指针截断
E:\Ziqi\external\triangle\triangle.c(8659): warning C4312: “类型转换”: 从“unsigned long”转换到更大的“subseg *”
E:\Ziqi\external\triangle\triangle.c(8660): warning C4311: “类型转换”: 从“subseg”到“unsigned long”的指针截断
E:\Ziqi\external\triangle\triangle.c(8660): warning C4312: “类型转换”: 从“unsigned long”转换到更大的“subseg *”
E:\Ziqi\external\triangle\triangle.c(8661): warning C4311: “类型转换”: 从“subseg”到“unsigned long”的指针截断
E:\Ziqi\external\triangle\triangle.c(8661): warning C4312: “类型转换”: 从“unsigned long”转换到更大的“subseg *”
E:\Ziqi\external\triangle\triangle.c(8665): warning C4311: “类型转换”: 从“subseg *”到“unsigned long”的指针截断
E:\Ziqi\external\triangle\triangle.c(8665): warning C4312: “类型转换”: 从“unsigned long”转换到更大的“subseg”
E:\Ziqi\external\triangle\triangle.c(8665): warning C4311: “类型转换”: 从“triangle *”到“unsigned long”的指针截断
E:\Ziqi\external\triangle\triangle.c(8665): warning C4312: “类型转换”: 从“unsigned long”转换到更大的“triangle”
E:\Ziqi\external\triangle\triangle.c(8670): warning C4311: “类型转换”: 从“subseg *”到“unsigned long”的指针截断
E:\Ziqi\external\triangle\triangle.c(8670): warning C4312: “类型转换”: 从“unsigned long”转换到更大的“subseg”
E:\Ziqi\external\triangle\triangle.c(8670): warning C4311: “类型转换”: 从“triangle *”到“unsigned long”的指针截断
E:\Ziqi\external\triangle\triangle.c(8670): warning C4312: “类型转换”: 从“unsigned long”转换到更大的“triangle”
E:\Ziqi\external\triangle\triangle.c(8675): warning C4311: “类型转换”: 从“subseg *”到“unsigned long”的指针截断
E:\Ziqi\external\triangle\triangle.c(8675): warning C4312: “类型转换”: 从“unsigned long”转换到更大的“subseg”
E:\Ziqi\external\triangle\triangle.c(8675): warning C4311: “类型转换”: 从“triangle *”到“unsigned long”的指针截断
E:\Ziqi\external\triangle\triangle.c(8675): warning C4312: “类型转换”: 从“unsigned long”转换到更大的“triangle”
E:\Ziqi\external\triangle\triangle.c(8680): warning C4311: “类型转换”: 从“subseg *”到“unsigned long”的指针截断
E:\Ziqi\external\triangle\triangle.c(8680): warning C4312: “类型转换”: 从“unsigned long”转换到更大的“subseg”
E:\Ziqi\external\triangle\triangle.c(8680): warning C4311: “类型转换”: 从“triangle *”到“unsigned long”的指针截断
E:\Ziqi\external\triangle\triangle.c(8680): warning C4312: “类型转换”: 从“unsigned long”转换到更大的“triangle”
E:\Ziqi\external\triangle\triangle.c(8711): warning C4311: “类型转换”: 从“triangle *”到“unsigned long”的指针截断
E:\Ziqi\external\triangle\triangle.c(8711): warning C4312: “类型转换”: 从“unsigned long”转换到更大的“triangle”
E:\Ziqi\external\triangle\triangle.c(8770): warning C4311: “类型转换”: 从“triangle”到“unsigned long”的指针截断
E:\Ziqi\external\triangle\triangle.c(8770): warning C4312: “类型转换”: 从“unsigned long”转换到更大的“triangle *”
E:\Ziqi\external\triangle\triangle.c(8887): warning C4311: “类型转换”: 从“triangle”到“unsigned long”的指针截断
E:\Ziqi\external\triangle\triangle.c(8887): warning C4312: “类型转换”: 从“unsigned long”转换到更大的“triangle *”
E:\Ziqi\external\triangle\triangle.c(8892): warning C4311: “类型转换”: 从“triangle”到“unsigned long”的指针截断
E:\Ziqi\external\triangle\triangle.c(8892): warning C4312: “类型转换”: 从“unsigned long”转换到更大的“triangle *”
E:\Ziqi\external\triangle\triangle.c(8908): warning C4311: “类型转换”: 从“triangle”到“unsigned long”的指针截断
E:\Ziqi\external\triangle\triangle.c(8908): warning C4312: “类型转换”: 从“unsigned long”转换到更大的“triangle *”
E:\Ziqi\external\triangle\triangle.c(8914): warning C4311: “类型转换”: 从“triangle”到“unsigned long”的指针截断
E:\Ziqi\external\triangle\triangle.c(8914): warning C4312: “类型转换”: 从“unsigned long”转换到更大的“triangle *”
E:\Ziqi\external\triangle\triangle.c(8918): warning C4311: “类型转换”: 从“triangle”到“unsigned long”的指针截断
E:\Ziqi\external\triangle\triangle.c(8918): warning C4312: “类型转换”: 从“unsigned long”转换到更大的“triangle *”
E:\Ziqi\external\triangle\triangle.c(8926): warning C4311: “类型转换”: 从“triangle”到“unsigned long”的指针截断
E:\Ziqi\external\triangle\triangle.c(8926): warning C4312: “类型转换”: 从“unsigned long”转换到更大的“triangle *”
E:\Ziqi\external\triangle\triangle.c(8980): warning C4311: “类型转换”: 从“triangle”到“unsigned long”的指针截断
E:\Ziqi\external\triangle\triangle.c(8980): warning C4312: “类型转换”: 从“unsigned long”转换到更大的“triangle *”
E:\Ziqi\external\triangle\triangle.c(8991): warning C4311: “类型转换”: 从“triangle”到“unsigned long”的指针截断
E:\Ziqi\external\triangle\triangle.c(8991): warning C4312: “类型转换”: 从“unsigned long”转换到更大的“triangle *”
E:\Ziqi\external\triangle\triangle.c(9005): warning C4311: “类型转换”: 从“triangle”到“unsigned long”的指针截断
E:\Ziqi\external\triangle\triangle.c(9005): warning C4312: “类型转换”: 从“unsigned long”转换到更大的“triangle *”
E:\Ziqi\external\triangle\triangle.c(9006): warning C4311: “类型转换”: 从“triangle”到“unsigned long”的指针截断
E:\Ziqi\external\triangle\triangle.c(9006): warning C4312: “类型转换”: 从“unsigned long”转换到更大的“triangle *”
E:\Ziqi\external\triangle\triangle.c(9012): warning C4311: “类型转换”: 从“triangle”到“unsigned long”的指针截断
E:\Ziqi\external\triangle\triangle.c(9012): warning C4312: “类型转换”: 从“unsigned long”转换到更大的“triangle *”
E:\Ziqi\external\triangle\triangle.c(9013): warning C4311: “类型转换”: 从“triangle”到“unsigned long”的指针截断
E:\Ziqi\external\triangle\triangle.c(9013): warning C4312: “类型转换”: 从“unsigned long”转换到更大的“triangle *”
E:\Ziqi\external\triangle\triangle.c(9014): warning C4311: “类型转换”: 从“triangle”到“unsigned long”的指针截断
E:\Ziqi\external\triangle\triangle.c(9014): warning C4312: “类型转换”: 从“unsigned long”转换到更大的“triangle *”
E:\Ziqi\external\triangle\triangle.c(9015): warning C4311: “类型转换”: 从“triangle”到“unsigned long”的指针截断
E:\Ziqi\external\triangle\triangle.c(9015): warning C4312: “类型转换”: 从“unsigned long”转换到更大的“triangle *”
E:\Ziqi\external\triangle\triangle.c(9016): warning C4311: “类型转换”: 从“triangle *”到“unsigned long”的指针截断
E:\Ziqi\external\triangle\triangle.c(9016): warning C4312: “类型转换”: 从“unsigned long”转换到更大的“triangle”
E:\Ziqi\external\triangle\triangle.c(9017): warning C4311: “类型转换”: 从“triangle *”到“unsigned long”的指针截断
E:\Ziqi\external\triangle\triangle.c(9017): warning C4312: “类型转换”: 从“unsigned long”转换到更大的“triangle”
E:\Ziqi\external\triangle\triangle.c(9018): warning C4311: “类型转换”: 从“subseg”到“unsigned long”的指针截断
E:\Ziqi\external\triangle\triangle.c(9018): warning C4312: “类型转换”: 从“unsigned long”转换到更大的“subseg *”
E:\Ziqi\external\triangle\triangle.c(9020): warning C4311: “类型转换”: 从“subseg *”到“unsigned long”的指针截断
E:\Ziqi\external\triangle\triangle.c(9020): warning C4312: “类型转换”: 从“unsigned long”转换到更大的“subseg”
E:\Ziqi\external\triangle\triangle.c(9020): warning C4311: “类型转换”: 从“triangle *”到“unsigned long”的指针截断
E:\Ziqi\external\triangle\triangle.c(9020): warning C4312: “类型转换”: 从“unsigned long”转换到更大的“triangle”
E:\Ziqi\external\triangle\triangle.c(9022): warning C4311: “类型转换”: 从“subseg”到“unsigned long”的指针截断
E:\Ziqi\external\triangle\triangle.c(9022): warning C4312: “类型转换”: 从“unsigned long”转换到更大的“subseg *”
E:\Ziqi\external\triangle\triangle.c(9024): warning C4311: “类型转换”: 从“subseg *”到“unsigned long”的指针截断
E:\Ziqi\external\triangle\triangle.c(9024): warning C4312: “类型转换”: 从“unsigned long”转换到更大的“subseg”
E:\Ziqi\external\triangle\triangle.c(9024): warning C4311: “类型转换”: 从“triangle *”到“unsigned long”的指针截断
E:\Ziqi\external\triangle\triangle.c(9024): warning C4312: “类型转换”: 从“unsigned long”转换到更大的“triangle”
E:\Ziqi\external\triangle\triangle.c(9076): warning C4311: “类型转换”: 从“triangle”到“unsigned long”的指针截断
E:\Ziqi\external\triangle\triangle.c(9076): warning C4312: “类型转换”: 从“unsigned long”转换到更大的“triangle *”
E:\Ziqi\external\triangle\triangle.c(9085): warning C4311: “类型转换”: 从“triangle”到“unsigned long”的指针截断
E:\Ziqi\external\triangle\triangle.c(9085): warning C4312: “类型转换”: 从“unsigned long”转换到更大的“triangle *”
E:\Ziqi\external\triangle\triangle.c(9087): warning C4311: “类型转换”: 从“triangle”到“unsigned long”的指针截断
E:\Ziqi\external\triangle\triangle.c(9087): warning C4312: “类型转换”: 从“unsigned long”转换到更大的“triangle *”
E:\Ziqi\external\triangle\triangle.c(9089): warning C4311: “类型转换”: 从“triangle”到“unsigned long”的指针截断
E:\Ziqi\external\triangle\triangle.c(9089): warning C4312: “类型转换”: 从“unsigned long”转换到更大的“triangle *”
E:\Ziqi\external\triangle\triangle.c(9090): warning C4311: “类型转换”: 从“triangle”到“unsigned long”的指针截断
E:\Ziqi\external\triangle\triangle.c(9090): warning C4312: “类型转换”: 从“unsigned long”转换到更大的“triangle *”
E:\Ziqi\external\triangle\triangle.c(9095): warning C4311: “类型转换”: 从“triangle *”到“unsigned long”的指针截断
E:\Ziqi\external\triangle\triangle.c(9095): warning C4312: “类型转换”: 从“unsigned long”转换到更大的“triangle”
E:\Ziqi\external\triangle\triangle.c(9096): warning C4311: “类型转换”: 从“subseg”到“unsigned long”的指针截断
E:\Ziqi\external\triangle\triangle.c(9096): warning C4312: “类型转换”: 从“unsigned long”转换到更大的“subseg *”
E:\Ziqi\external\triangle\triangle.c(9097): warning C4311: “类型转换”: 从“subseg *”到“unsigned long”的指针截断
E:\Ziqi\external\triangle\triangle.c(9097): warning C4312: “类型转换”: 从“unsigned long”转换到更大的“subseg”
E:\Ziqi\external\triangle\triangle.c(9097): warning C4311: “类型转换”: 从“triangle *”到“unsigned long”的指针截断
E:\Ziqi\external\triangle\triangle.c(9097): warning C4312: “类型转换”: 从“unsigned long”转换到更大的“triangle”
E:\Ziqi\external\triangle\triangle.c(9099): warning C4311: “类型转换”: 从“triangle *”到“unsigned long”的指针截断
E:\Ziqi\external\triangle\triangle.c(9099): warning C4312: “类型转换”: 从“unsigned long”转换到更大的“triangle”
E:\Ziqi\external\triangle\triangle.c(9100): warning C4311: “类型转换”: 从“subseg”到“unsigned long”的指针截断
E:\Ziqi\external\triangle\triangle.c(9100): warning C4312: “类型转换”: 从“unsigned long”转换到更大的“subseg *”
E:\Ziqi\external\triangle\triangle.c(9101): warning C4311: “类型转换”: 从“subseg *”到“unsigned long”的指针截断
E:\Ziqi\external\triangle\triangle.c(9101): warning C4312: “类型转换”: 从“unsigned long”转换到更大的“subseg”
E:\Ziqi\external\triangle\triangle.c(9101): warning C4311: “类型转换”: 从“triangle *”到“unsigned long”的指针截断
E:\Ziqi\external\triangle\triangle.c(9101): warning C4312: “类型转换”: 从“unsigned long”转换到更大的“triangle”
E:\Ziqi\external\triangle\triangle.c(9110): warning C4311: “类型转换”: 从“triangle”到“unsigned long”的指针截断
E:\Ziqi\external\triangle\triangle.c(9110): warning C4312: “类型转换”: 从“unsigned long”转换到更大的“triangle *”
E:\Ziqi\external\triangle\triangle.c(9112): warning C4311: “类型转换”: 从“triangle”到“unsigned long”的指针截断
E:\Ziqi\external\triangle\triangle.c(9112): warning C4312: “类型转换”: 从“unsigned long”转换到更大的“triangle *”
E:\Ziqi\external\triangle\triangle.c(9116): warning C4311: “类型转换”: 从“triangle *”到“unsigned long”的指针截断
E:\Ziqi\external\triangle\triangle.c(9116): warning C4312: “类型转换”: 从“unsigned long”转换到更大的“triangle”
E:\Ziqi\external\triangle\triangle.c(9117): warning C4311: “类型转换”: 从“subseg”到“unsigned long”的指针截断
E:\Ziqi\external\triangle\triangle.c(9117): warning C4312: “类型转换”: 从“unsigned long”转换到更大的“subseg *”
E:\Ziqi\external\triangle\triangle.c(9118): warning C4311: “类型转换”: 从“subseg *”到“unsigned long”的指针截断
E:\Ziqi\external\triangle\triangle.c(9118): warning C4312: “类型转换”: 从“unsigned long”转换到更大的“subseg”
E:\Ziqi\external\triangle\triangle.c(9118): warning C4311: “类型转换”: 从“triangle *”到“unsigned long”的指针截断
E:\Ziqi\external\triangle\triangle.c(9118): warning C4312: “类型转换”: 从“unsigned long”转换到更大的“triangle”
E:\Ziqi\external\triangle\triangle.c(9123): warning C4311: “类型转换”: 从“triangle”到“unsigned long”的指针截断
E:\Ziqi\external\triangle\triangle.c(9123): warning C4312: “类型转换”: 从“unsigned long”转换到更大的“triangle *”
E:\Ziqi\external\triangle\triangle.c(9126): warning C4311: “类型转换”: 从“triangle”到“unsigned long”的指针截断
E:\Ziqi\external\triangle\triangle.c(9126): warning C4312: “类型转换”: 从“unsigned long”转换到更大的“triangle *”
E:\Ziqi\external\triangle\triangle.c(9127): warning C4311: “类型转换”: 从“triangle”到“unsigned long”的指针截断
E:\Ziqi\external\triangle\triangle.c(9127): warning C4312: “类型转换”: 从“unsigned long”转换到更大的“triangle *”
E:\Ziqi\external\triangle\triangle.c(9130): warning C4311: “类型转换”: 从“triangle *”到“unsigned long”的指针截断
E:\Ziqi\external\triangle\triangle.c(9130): warning C4312: “类型转换”: 从“unsigned long”转换到更大的“triangle”
E:\Ziqi\external\triangle\triangle.c(9131): warning C4311: “类型转换”: 从“subseg”到“unsigned long”的指针截断
E:\Ziqi\external\triangle\triangle.c(9131): warning C4312: “类型转换”: 从“unsigned long”转换到更大的“subseg *”
E:\Ziqi\external\triangle\triangle.c(9132): warning C4311: “类型转换”: 从“subseg *”到“unsigned long”的指针截断
E:\Ziqi\external\triangle\triangle.c(9132): warning C4312: “类型转换”: 从“unsigned long”转换到更大的“subseg”
E:\Ziqi\external\triangle\triangle.c(9132): warning C4311: “类型转换”: 从“triangle *”到“unsigned long”的指针截断
E:\Ziqi\external\triangle\triangle.c(9132): warning C4312: “类型转换”: 从“unsigned long”转换到更大的“triangle”
E:\Ziqi\external\triangle\triangle.c(9467): warning C4311: “类型转换”: 从“triangle”到“unsigned long”的指针截断
E:\Ziqi\external\triangle\triangle.c(9467): warning C4312: “类型转换”: 从“unsigned long”转换到更大的“triangle *”
E:\Ziqi\external\triangle\triangle.c(9471): warning C4311: “类型转换”: 从“triangle”到“unsigned long”的指针截断
E:\Ziqi\external\triangle\triangle.c(9471): warning C4312: “类型转换”: 从“unsigned long”转换到更大的“triangle *”
E:\Ziqi\external\triangle\triangle.c(9477): warning C4311: “类型转换”: 从“triangle”到“unsigned long”的指针截断
E:\Ziqi\external\triangle\triangle.c(9477): warning C4312: “类型转换”: 从“unsigned long”转换到更大的“triangle *”
E:\Ziqi\external\triangle\triangle.c(9482): warning C4311: “类型转换”: 从“triangle”到“unsigned long”的指针截断
E:\Ziqi\external\triangle\triangle.c(9482): warning C4312: “类型转换”: 从“unsigned long”转换到更大的“triangle *”
E:\Ziqi\external\triangle\triangle.c(9486): warning C4311: “类型转换”: 从“triangle”到“unsigned long”的指针截断
E:\Ziqi\external\triangle\triangle.c(9486): warning C4312: “类型转换”: 从“unsigned long”转换到更大的“triangle *”
E:\Ziqi\external\triangle\triangle.c(9492): warning C4311: “类型转换”: 从“triangle”到“unsigned long”的指针截断
E:\Ziqi\external\triangle\triangle.c(9492): warning C4312: “类型转换”: 从“unsigned long”转换到更大的“triangle *”
E:\Ziqi\external\triangle\triangle.c(9503): warning C4311: “类型转换”: 从“triangle”到“unsigned long”的指针截断
E:\Ziqi\external\triangle\triangle.c(9503): warning C4312: “类型转换”: 从“unsigned long”转换到更大的“triangle *”
E:\Ziqi\external\triangle\triangle.c(9512): warning C4311: “类型转换”: 从“triangle”到“unsigned long”的指针截断
E:\Ziqi\external\triangle\triangle.c(9512): warning C4312: “类型转换”: 从“unsigned long”转换到更大的“triangle *”
E:\Ziqi\external\triangle\triangle.c(9519): warning C4311: “类型转换”: 从“triangle”到“unsigned long”的指针截断
E:\Ziqi\external\triangle\triangle.c(9519): warning C4312: “类型转换”: 从“unsigned long”转换到更大的“triangle *”
E:\Ziqi\external\triangle\triangle.c(9520): warning C4311: “类型转换”: 从“triangle”到“unsigned long”的指针截断
E:\Ziqi\external\triangle\triangle.c(9520): warning C4312: “类型转换”: 从“unsigned long”转换到更大的“triangle *”
E:\Ziqi\external\triangle\triangle.c(9524): warning C4311: “类型转换”: 从“triangle *”到“unsigned long”的指针截断
E:\Ziqi\external\triangle\triangle.c(9524): warning C4312: “类型转换”: 从“unsigned long”转换到更大的“triangle”
E:\Ziqi\external\triangle\triangle.c(9526): warning C4311: “类型转换”: 从“triangle *”到“unsigned long”的指针截断
E:\Ziqi\external\triangle\triangle.c(9526): warning C4312: “类型转换”: 从“unsigned long”转换到更大的“triangle”
E:\Ziqi\external\triangle\triangle.c(9567): warning C4311: “类型转换”: 从“triangle *”到“unsigned long”的指针截断
E:\Ziqi\external\triangle\triangle.c(9567): warning C4312: “类型转换”: 从“unsigned long”转换到更大的“triangle”
E:\Ziqi\external\triangle\triangle.c(9569): warning C4311: “类型转换”: 从“triangle *”到“unsigned long”的指针截断
E:\Ziqi\external\triangle\triangle.c(9569): warning C4312: “类型转换”: 从“unsigned long”转换到更大的“triangle”
E:\Ziqi\external\triangle\triangle.c(9571): warning C4311: “类型转换”: 从“triangle *”到“unsigned long”的指针截断
E:\Ziqi\external\triangle\triangle.c(9571): warning C4312: “类型转换”: 从“unsigned long”转换到更大的“triangle”
E:\Ziqi\external\triangle\triangle.c(9582): warning C4311: “类型转换”: 从“triangle”到“unsigned long”的指针截断
E:\Ziqi\external\triangle\triangle.c(9582): warning C4312: “类型转换”: 从“unsigned long”转换到更大的“triangle *”
E:\Ziqi\external\triangle\triangle.c(9591): warning C4311: “类型转换”: 从“triangle”到“unsigned long”的指针截断
E:\Ziqi\external\triangle\triangle.c(9591): warning C4312: “类型转换”: 从“unsigned long”转换到更大的“triangle *”
E:\Ziqi\external\triangle\triangle.c(9596): warning C4311: “类型转换”: 从“triangle”到“unsigned long”的指针截断
E:\Ziqi\external\triangle\triangle.c(9596): warning C4312: “类型转换”: 从“unsigned long”转换到更大的“triangle *”
E:\Ziqi\external\triangle\triangle.c(9607): warning C4311: “类型转换”: 从“triangle”到“unsigned long”的指针截断
E:\Ziqi\external\triangle\triangle.c(9607): warning C4312: “类型转换”: 从“unsigned long”转换到更大的“triangle *”
E:\Ziqi\external\triangle\triangle.c(9619): warning C4311: “类型转换”: 从“triangle”到“unsigned long”的指针截断
E:\Ziqi\external\triangle\triangle.c(9619): warning C4312: “类型转换”: 从“unsigned long”转换到更大的“triangle *”
E:\Ziqi\external\triangle\triangle.c(9621): warning C4311: “类型转换”: 从“triangle”到“unsigned long”的指针截断
E:\Ziqi\external\triangle\triangle.c(9621): warning C4312: “类型转换”: 从“unsigned long”转换到更大的“triangle *”
E:\Ziqi\external\triangle\triangle.c(9622): warning C4311: “类型转换”: 从“triangle *”到“unsigned long”的指针截断
E:\Ziqi\external\triangle\triangle.c(9622): warning C4312: “类型转换”: 从“unsigned long”转换到更大的“triangle”
E:\Ziqi\external\triangle\triangle.c(9623): warning C4311: “类型转换”: 从“triangle *”到“unsigned long”的指针截断
E:\Ziqi\external\triangle\triangle.c(9623): warning C4312: “类型转换”: 从“unsigned long”转换到更大的“triangle”
E:\Ziqi\external\triangle\triangle.c(9625): warning C4311: “类型转换”: 从“triangle”到“unsigned long”的指针截断
E:\Ziqi\external\triangle\triangle.c(9625): warning C4312: “类型转换”: 从“unsigned long”转换到更大的“triangle *”
E:\Ziqi\external\triangle\triangle.c(9627): warning C4311: “类型转换”: 从“triangle *”到“unsigned long”的指针截断
E:\Ziqi\external\triangle\triangle.c(9627): warning C4312: “类型转换”: 从“unsigned long”转换到更大的“triangle”
E:\Ziqi\external\triangle\triangle.c(9655): warning C4311: “类型转换”: 从“triangle”到“unsigned long”的指针截断
E:\Ziqi\external\triangle\triangle.c(9655): warning C4312: “类型转换”: 从“unsigned long”转换到更大的“triangle *”
E:\Ziqi\external\triangle\triangle.c(9667): warning C4311: “类型转换”: 从“triangle”到“unsigned long”的指针截断
E:\Ziqi\external\triangle\triangle.c(9667): warning C4312: “类型转换”: 从“unsigned long”转换到更大的“triangle *”
E:\Ziqi\external\triangle\triangle.c(9669): warning C4311: “类型转换”: 从“triangle”到“unsigned long”的指针截断
E:\Ziqi\external\triangle\triangle.c(9669): warning C4312: “类型转换”: 从“unsigned long”转换到更大的“triangle *”
E:\Ziqi\external\triangle\triangle.c(9670): warning C4311: “类型转换”: 从“triangle *”到“unsigned long”的指针截断
E:\Ziqi\external\triangle\triangle.c(9670): warning C4312: “类型转换”: 从“unsigned long”转换到更大的“triangle”
E:\Ziqi\external\triangle\triangle.c(9671): warning C4311: “类型转换”: 从“triangle *”到“unsigned long”的指针截断
E:\Ziqi\external\triangle\triangle.c(9671): warning C4312: “类型转换”: 从“unsigned long”转换到更大的“triangle”
E:\Ziqi\external\triangle\triangle.c(9673): warning C4311: “类型转换”: 从“triangle”到“unsigned long”的指针截断
E:\Ziqi\external\triangle\triangle.c(9673): warning C4312: “类型转换”: 从“unsigned long”转换到更大的“triangle *”
E:\Ziqi\external\triangle\triangle.c(9675): warning C4311: “类型转换”: 从“triangle *”到“unsigned long”的指针截断
E:\Ziqi\external\triangle\triangle.c(9675): warning C4312: “类型转换”: 从“unsigned long”转换到更大的“triangle”
E:\Ziqi\external\triangle\triangle.c(9704): warning C4311: “类型转换”: 从“triangle *”到“unsigned long”的指针截断
E:\Ziqi\external\triangle\triangle.c(9704): warning C4312: “类型转换”: 从“unsigned long”转换到更大的“triangle”
E:\Ziqi\external\triangle\triangle.c(9708): warning C4311: “类型转换”: 从“triangle”到“unsigned long”的指针截断
E:\Ziqi\external\triangle\triangle.c(9708): warning C4312: “类型转换”: 从“unsigned long”转换到更大的“triangle *”
E:\Ziqi\external\triangle\triangle.c(9713): warning C4311: “类型转换”: 从“triangle *”到“unsigned long”的指针截断
E:\Ziqi\external\triangle\triangle.c(9713): warning C4312: “类型转换”: 从“unsigned long”转换到更大的“triangle”
E:\Ziqi\external\triangle\triangle.c(9717): warning C4311: “类型转换”: 从“triangle”到“unsigned long”的指针截断
E:\Ziqi\external\triangle\triangle.c(9717): warning C4312: “类型转换”: 从“unsigned long”转换到更大的“triangle *”
E:\Ziqi\external\triangle\triangle.c(9779): warning C4311: “类型转换”: 从“triangle *”到“unsigned long”的指针截断
E:\Ziqi\external\triangle\triangle.c(9779): warning C4312: “类型转换”: 从“unsigned long”转换到更大的“triangle”
E:\Ziqi\external\triangle\triangle.c(9782): warning C4311: “类型转换”: 从“triangle *”到“unsigned long”的指针截断
E:\Ziqi\external\triangle\triangle.c(9782): warning C4312: “类型转换”: 从“unsigned long”转换到更大的“triangle”
E:\Ziqi\external\triangle\triangle.c(9785): warning C4311: “类型转换”: 从“triangle *”到“unsigned long”的指针截断
E:\Ziqi\external\triangle\triangle.c(9785): warning C4312: “类型转换”: 从“unsigned long”转换到更大的“triangle”
E:\Ziqi\external\triangle\triangle.c(9815): warning C4311: “类型转换”: 从“triangle *”到“unsigned long”的指针截断
E:\Ziqi\external\triangle\triangle.c(9815): warning C4312: “类型转换”: 从“unsigned long”转换到更大的“triangle”
E:\Ziqi\external\triangle\triangle.c(9816): warning C4311: “类型转换”: 从“triangle *”到“unsigned long”的指针截断
E:\Ziqi\external\triangle\triangle.c(9816): warning C4312: “类型转换”: 从“unsigned long”转换到更大的“triangle”
E:\Ziqi\external\triangle\triangle.c(9821): warning C4311: “类型转换”: 从“triangle *”到“unsigned long”的指针截断
E:\Ziqi\external\triangle\triangle.c(9821): warning C4312: “类型转换”: 从“unsigned long”转换到更大的“triangle”
E:\Ziqi\external\triangle\triangle.c(9822): warning C4311: “类型转换”: 从“triangle *”到“unsigned long”的指针截断
E:\Ziqi\external\triangle\triangle.c(9822): warning C4312: “类型转换”: 从“unsigned long”转换到更大的“triangle”
E:\Ziqi\external\triangle\triangle.c(9827): warning C4311: “类型转换”: 从“triangle *”到“unsigned long”的指针截断
E:\Ziqi\external\triangle\triangle.c(9827): warning C4312: “类型转换”: 从“unsigned long”转换到更大的“triangle”
E:\Ziqi\external\triangle\triangle.c(9828): warning C4311: “类型转换”: 从“triangle *”到“unsigned long”的指针截断
E:\Ziqi\external\triangle\triangle.c(9828): warning C4312: “类型转换”: 从“unsigned long”转换到更大的“triangle”
E:\Ziqi\external\triangle\triangle.c(9858): warning C4311: “类型转换”: 从“triangle *”到“unsigned long”的指针截断
E:\Ziqi\external\triangle\triangle.c(9858): warning C4312: “类型转换”: 从“unsigned long”转换到更大的“triangle”
E:\Ziqi\external\triangle\triangle.c(9860): warning C4311: “类型转换”: 从“triangle *”到“unsigned long”的指针截断
E:\Ziqi\external\triangle\triangle.c(9860): warning C4312: “类型转换”: 从“unsigned long”转换到更大的“triangle”
E:\Ziqi\external\triangle\triangle.c(9862): warning C4311: “类型转换”: 从“triangle *”到“unsigned long”的指针截断
E:\Ziqi\external\triangle\triangle.c(9862): warning C4312: “类型转换”: 从“unsigned long”转换到更大的“triangle”
E:\Ziqi\external\triangle\triangle.c(9865): warning C4311: “类型转换”: 从“triangle *”到“unsigned long”的指针截断
E:\Ziqi\external\triangle\triangle.c(9865): warning C4312: “类型转换”: 从“unsigned long”转换到更大的“triangle”
E:\Ziqi\external\triangle\triangle.c(9868): warning C4311: “类型转换”: 从“triangle *”到“unsigned long”的指针截断
E:\Ziqi\external\triangle\triangle.c(9868): warning C4312: “类型转换”: 从“unsigned long”转换到更大的“triangle”
E:\Ziqi\external\triangle\triangle.c(9871): warning C4311: “类型转换”: 从“triangle *”到“unsigned long”的指针截断
E:\Ziqi\external\triangle\triangle.c(9871): warning C4312: “类型转换”: 从“unsigned long”转换到更大的“triangle”
E:\Ziqi\external\triangle\triangle.c(9930): warning C4311: “类型转换”: 从“triangle”到“unsigned long”的指针截断
E:\Ziqi\external\triangle\triangle.c(9930): warning C4312: “类型转换”: 从“unsigned long”转换到更大的“triangle *”
E:\Ziqi\external\triangle\triangle.c(9931): warning C4311: “类型转换”: 从“triangle *”到“unsigned long”的指针截断
E:\Ziqi\external\triangle\triangle.c(9931): warning C4312: “类型转换”: 从“unsigned long”转换到更大的“triangle”
E:\Ziqi\external\triangle\triangle.c(9939): warning C4311: “类型转换”: 从“triangle”到“unsigned long”的指针截断
E:\Ziqi\external\triangle\triangle.c(9939): warning C4312: “类型转换”: 从“unsigned long”转换到更大的“triangle *”
E:\Ziqi\external\triangle\triangle.c(9954): warning C4311: “类型转换”: 从“triangle”到“unsigned long”的指针截断
E:\Ziqi\external\triangle\triangle.c(9954): warning C4312: “类型转换”: 从“unsigned long”转换到更大的“triangle *”
E:\Ziqi\external\triangle\triangle.c(10147): warning C4311: “类型转换”: 从“triangle”到“unsigned long”的指针截断
E:\Ziqi\external\triangle\triangle.c(10147): warning C4312: “类型转换”: 从“unsigned long”转换到更大的“triangle *”
E:\Ziqi\external\triangle\triangle.c(10151): warning C4311: “类型转换”: 从“triangle”到“unsigned long”的指针截断
E:\Ziqi\external\triangle\triangle.c(10151): warning C4312: “类型转换”: 从“unsigned long”转换到更大的“triangle *”
E:\Ziqi\external\triangle\triangle.c(10155): warning C4311: “类型转换”: 从“triangle”到“unsigned long”的指针截断
E:\Ziqi\external\triangle\triangle.c(10155): warning C4312: “类型转换”: 从“unsigned long”转换到更大的“triangle *”
E:\Ziqi\external\triangle\triangle.c(10159): warning C4311: “类型转换”: 从“triangle”到“unsigned long”的指针截断
E:\Ziqi\external\triangle\triangle.c(10159): warning C4312: “类型转换”: 从“unsigned long”转换到更大的“triangle *”
E:\Ziqi\external\triangle\triangle.c(10165): warning C4311: “类型转换”: 从“triangle”到“unsigned long”的指针截断
E:\Ziqi\external\triangle\triangle.c(10165): warning C4312: “类型转换”: 从“unsigned long”转换到更大的“triangle *”
E:\Ziqi\external\triangle\triangle.c(10169): warning C4311: “类型转换”: 从“triangle *”到“unsigned long”的指针截断
E:\Ziqi\external\triangle\triangle.c(10169): warning C4312: “类型转换”: 从“unsigned long”转换到更大的“triangle”
E:\Ziqi\external\triangle\triangle.c(10174): warning C4311: “类型转换”: 从“triangle”到“unsigned long”的指针截断
E:\Ziqi\external\triangle\triangle.c(10174): warning C4312: “类型转换”: 从“unsigned long”转换到更大的“triangle *”
E:\Ziqi\external\triangle\triangle.c(10192): warning C4311: “类型转换”: 从“triangle”到“unsigned long”的指针截断
E:\Ziqi\external\triangle\triangle.c(10192): warning C4312: “类型转换”: 从“unsigned long”转换到更大的“triangle *”
E:\Ziqi\external\triangle\triangle.c(10776): warning C4311: “类型转换”: 从“triangle”到“unsigned long”的指针截断
E:\Ziqi\external\triangle\triangle.c(10776): warning C4312: “类型转换”: 从“unsigned long”转换到更大的“triangle *”
E:\Ziqi\external\triangle\triangle.c(10831): warning C4311: “类型转换”: 从“triangle *”到“unsigned long”的指针截断
E:\Ziqi\external\triangle\triangle.c(10831): warning C4312: “类型转换”: 从“unsigned long”转换到更大的“triangle”
E:\Ziqi\external\triangle\triangle.c(10834): warning C4311: “类型转换”: 从“triangle *”到“unsigned long”的指针截断
E:\Ziqi\external\triangle\triangle.c(10834): warning C4312: “类型转换”: 从“unsigned long”转换到更大的“triangle”
E:\Ziqi\external\triangle\triangle.c(10837): warning C4311: “类型转换”: 从“triangle *”到“unsigned long”的指针截断
E:\Ziqi\external\triangle\triangle.c(10837): warning C4312: “类型转换”: 从“unsigned long”转换到更大的“triangle”
E:\Ziqi\external\triangle\triangle.c(10877): warning C4311: “类型转换”: 从“int *”到“unsigned long”的指针截断
E:\Ziqi\external\triangle\triangle.c(10877): warning C4312: “类型转换”: 从“unsigned long”转换到更大的“triangle *”
E:\Ziqi\external\triangle\triangle.c(10878): warning C4311: “类型转换”: 从“triangle”到“unsigned long”的指针截断
E:\Ziqi\external\triangle\triangle.c(10878): warning C4312: “类型转换”: 从“unsigned long”转换到更大的“triangle *”
E:\Ziqi\external\triangle\triangle.c(10880): warning C4311: “类型转换”: 从“triangle”到“unsigned long”的指针截断
E:\Ziqi\external\triangle\triangle.c(10880): warning C4312: “类型转换”: 从“unsigned long”转换到更大的“triangle *”
E:\Ziqi\external\triangle\triangle.c(10890): warning C4311: “类型转换”: 从“triangle”到“unsigned long”的指针截断
E:\Ziqi\external\triangle\triangle.c(10890): warning C4312: “类型转换”: 从“unsigned long”转换到更大的“triangle *”
E:\Ziqi\external\triangle\triangle.c(10893): warning C4311: “类型转换”: 从“triangle”到“unsigned long”的指针截断
E:\Ziqi\external\triangle\triangle.c(10893): warning C4312: “类型转换”: 从“unsigned long”转换到更大的“triangle *”
E:\Ziqi\external\triangle\triangle.c(10929): warning C4311: “类型转换”: 从“triangle”到“unsigned long”的指针截断
E:\Ziqi\external\triangle\triangle.c(10929): warning C4312: “类型转换”: 从“unsigned long”转换到更大的“triangle *”
E:\Ziqi\external\triangle\triangle.c(10937): warning C4311: “类型转换”: 从“triangle *”到“unsigned long”的指针截断
E:\Ziqi\external\triangle\triangle.c(10937): warning C4312: “类型转换”: 从“unsigned long”转换到更大的“triangle”
E:\Ziqi\external\triangle\triangle.c(10940): warning C4311: “类型转换”: 从“triangle *”到“unsigned long”的指针截断
E:\Ziqi\external\triangle\triangle.c(10940): warning C4312: “类型转换”: 从“unsigned long”转换到更大的“triangle”
E:\Ziqi\external\triangle\triangle.c(10943): warning C4311: “类型转换”: 从“triangle *”到“unsigned long”的指针截断
E:\Ziqi\external\triangle\triangle.c(10943): warning C4312: “类型转换”: 从“unsigned long”转换到更大的“triangle”
E:\Ziqi\external\triangle\triangle.c(10944): warning C4311: “类型转换”: 从“triangle *”到“unsigned long”的指针截断
E:\Ziqi\external\triangle\triangle.c(10944): warning C4312: “类型转换”: 从“unsigned long”转换到更大的“triangle”
E:\Ziqi\external\triangle\triangle.c(10971): warning C4311: “类型转换”: 从“triangle *”到“unsigned long”的指针截断
E:\Ziqi\external\triangle\triangle.c(10971): warning C4312: “类型转换”: 从“unsigned long”转换到更大的“triangle”
E:\Ziqi\external\triangle\triangle.c(10986): warning C4311: “类型转换”: 从“triangle *”到“unsigned long”的指针截断
E:\Ziqi\external\triangle\triangle.c(10986): warning C4312: “类型转换”: 从“unsigned long”转换到更大的“triangle”
E:\Ziqi\external\triangle\triangle.c(11390): warning C4311: “类型转换”: 从“triangle *”到“unsigned long”的指针截断
E:\Ziqi\external\triangle\triangle.c(11390): warning C4312: “类型转换”: 从“unsigned long”转换到更大的“triangle”
E:\Ziqi\external\triangle\triangle.c(11391): warning C4311: “类型转换”: 从“triangle”到“unsigned long”的指针截断
E:\Ziqi\external\triangle\triangle.c(11391): warning C4312: “类型转换”: 从“unsigned long”转换到更大的“triangle *”
E:\Ziqi\external\triangle\triangle.c(11402): warning C4311: “类型转换”: 从“triangle *”到“unsigned long”的指针截断
E:\Ziqi\external\triangle\triangle.c(11402): warning C4312: “类型转换”: 从“unsigned long”转换到更大的“triangle”
E:\Ziqi\external\triangle\triangle.c(11407): warning C4311: “类型转换”: 从“triangle *”到“unsigned long”的指针截断
E:\Ziqi\external\triangle\triangle.c(11407): warning C4312: “类型转换”: 从“unsigned long”转换到更大的“triangle”
E:\Ziqi\external\triangle\triangle.c(11411): warning C4311: “类型转换”: 从“triangle”到“unsigned long”的指针截断
E:\Ziqi\external\triangle\triangle.c(11411): warning C4312: “类型转换”: 从“unsigned long”转换到更大的“triangle *”
E:\Ziqi\external\triangle\triangle.c(11501): warning C4311: “类型转换”: 从“triangle”到“unsigned long”的指针截断
E:\Ziqi\external\triangle\triangle.c(11501): warning C4312: “类型转换”: 从“unsigned long”转换到更大的“triangle *”
E:\Ziqi\external\triangle\triangle.c(11517): warning C4311: “类型转换”: 从“subseg *”到“unsigned long”的指针截断
E:\Ziqi\external\triangle\triangle.c(11517): warning C4312: “类型转换”: 从“unsigned long”转换到更大的“subseg”
E:\Ziqi\external\triangle\triangle.c(11517): warning C4311: “类型转换”: 从“triangle *”到“unsigned long”的指针截断
E:\Ziqi\external\triangle\triangle.c(11517): warning C4312: “类型转换”: 从“unsigned long”转换到更大的“triangle”
E:\Ziqi\external\triangle\triangle.c(11519): warning C4311: “类型转换”: 从“triangle”到“unsigned long”的指针截断
E:\Ziqi\external\triangle\triangle.c(11519): warning C4312: “类型转换”: 从“unsigned long”转换到更大的“triangle *”
E:\Ziqi\external\triangle\triangle.c(11532): warning C4311: “类型转换”: 从“triangle”到“unsigned long”的指针截断
E:\Ziqi\external\triangle\triangle.c(11532): warning C4312: “类型转换”: 从“unsigned long”转换到更大的“triangle *”
E:\Ziqi\external\triangle\triangle.c(11545): warning C4311: “类型转换”: 从“triangle”到“unsigned long”的指针截断
E:\Ziqi\external\triangle\triangle.c(11545): warning C4312: “类型转换”: 从“unsigned long”转换到更大的“triangle *”
E:\Ziqi\external\triangle\triangle.c(11552): warning C4311: “类型转换”: 从“triangle”到“unsigned long”的指针截断
E:\Ziqi\external\triangle\triangle.c(11552): warning C4312: “类型转换”: 从“unsigned long”转换到更大的“triangle *”
E:\Ziqi\external\triangle\triangle.c(11557): warning C4311: “类型转换”: 从“triangle”到“unsigned long”的指针截断
E:\Ziqi\external\triangle\triangle.c(11557): warning C4312: “类型转换”: 从“unsigned long”转换到更大的“triangle *”
E:\Ziqi\external\triangle\triangle.c(11624): warning C4311: “类型转换”: 从“triangle”到“unsigned long”的指针截断
E:\Ziqi\external\triangle\triangle.c(11624): warning C4312: “类型转换”: 从“unsigned long”转换到更大的“triangle *”
E:\Ziqi\external\triangle\triangle.c(11633): warning C4311: “类型转换”: 从“triangle”到“unsigned long”的指针截断
E:\Ziqi\external\triangle\triangle.c(11633): warning C4312: “类型转换”: 从“unsigned long”转换到更大的“triangle *”
E:\Ziqi\external\triangle\triangle.c(11648): warning C4311: “类型转换”: 从“triangle”到“unsigned long”的指针截断
E:\Ziqi\external\triangle\triangle.c(11648): warning C4312: “类型转换”: 从“unsigned long”转换到更大的“triangle *”
E:\Ziqi\external\triangle\triangle.c(11755): warning C4311: “类型转换”: 从“triangle *”到“unsigned long”的指针截断
E:\Ziqi\external\triangle\triangle.c(11755): warning C4312: “类型转换”: 从“unsigned long”转换到更大的“triangle”
E:\Ziqi\external\triangle\triangle.c(11762): warning C4311: “类型转换”: 从“subseg”到“unsigned long”的指针截断
E:\Ziqi\external\triangle\triangle.c(11762): warning C4312: “类型转换”: 从“unsigned long”转换到更大的“subseg *”
E:\Ziqi\external\triangle\triangle.c(11767): warning C4311: “类型转换”: 从“subseg”到“unsigned long”的指针截断
E:\Ziqi\external\triangle\triangle.c(11767): warning C4312: “类型转换”: 从“unsigned long”转换到更大的“subseg *”
E:\Ziqi\external\triangle\triangle.c(11771): warning C4311: “类型转换”: 从“subseg”到“unsigned long”的指针截断
E:\Ziqi\external\triangle\triangle.c(11771): warning C4312: “类型转换”: 从“unsigned long”转换到更大的“subseg *”
E:\Ziqi\external\triangle\triangle.c(11780): warning C4311: “类型转换”: 从“triangle”到“unsigned long”的指针截断
E:\Ziqi\external\triangle\triangle.c(11780): warning C4312: “类型转换”: 从“unsigned long”转换到更大的“triangle *”
E:\Ziqi\external\triangle\triangle.c(11861): warning C4311: “类型转换”: 从“subseg”到“unsigned long”的指针截断
E:\Ziqi\external\triangle\triangle.c(11861): warning C4312: “类型转换”: 从“unsigned long”转换到更大的“subseg *”
E:\Ziqi\external\triangle\triangle.c(11952): warning C4311: “类型转换”: 从“subseg”到“unsigned long”的指针截断
E:\Ziqi\external\triangle\triangle.c(11952): warning C4312: “类型转换”: 从“unsigned long”转换到更大的“subseg *”
E:\Ziqi\external\triangle\triangle.c(12048): warning C4311: “类型转换”: 从“triangle”到“unsigned long”的指针截断
E:\Ziqi\external\triangle\triangle.c(12048): warning C4312: “类型转换”: 从“unsigned long”转换到更大的“triangle *”
E:\Ziqi\external\triangle\triangle.c(12053): warning C4311: “类型转换”: 从“subseg”到“unsigned long”的指针截断
E:\Ziqi\external\triangle\triangle.c(12053): warning C4312: “类型转换”: 从“unsigned long”转换到更大的“subseg *”
E:\Ziqi\external\triangle\triangle.c(12183): warning C4311: “类型转换”: 从“triangle”到“unsigned long”的指针截断
E:\Ziqi\external\triangle\triangle.c(12183): warning C4312: “类型转换”: 从“unsigned long”转换到更大的“triangle *”
E:\Ziqi\external\triangle\triangle.c(12196): warning C4311: “类型转换”: 从“triangle”到“unsigned long”的指针截断
E:\Ziqi\external\triangle\triangle.c(12196): warning C4312: “类型转换”: 从“unsigned long”转换到更大的“triangle *”
E:\Ziqi\external\triangle\triangle.c(12203): warning C4311: “类型转换”: 从“triangle”到“unsigned long”的指针截断
E:\Ziqi\external\triangle\triangle.c(12203): warning C4312: “类型转换”: 从“unsigned long”转换到更大的“triangle *”
E:\Ziqi\external\triangle\triangle.c(12216): warning C4311: “类型转换”: 从“triangle”到“unsigned long”的指针截断
E:\Ziqi\external\triangle\triangle.c(12216): warning C4312: “类型转换”: 从“unsigned long”转换到更大的“triangle *”
E:\Ziqi\external\triangle\triangle.c(12219): warning C4311: “类型转换”: 从“subseg”到“unsigned long”的指针截断
E:\Ziqi\external\triangle\triangle.c(12219): warning C4312: “类型转换”: 从“unsigned long”转换到更大的“subseg *”
E:\Ziqi\external\triangle\triangle.c(12277): warning C4311: “类型转换”: 从“triangle”到“unsigned long”的指针截断
E:\Ziqi\external\triangle\triangle.c(12277): warning C4312: “类型转换”: 从“unsigned long”转换到更大的“triangle *”
E:\Ziqi\external\triangle\triangle.c(12284): warning C4311: “类型转换”: 从“triangle”到“unsigned long”的指针截断
E:\Ziqi\external\triangle\triangle.c(12284): warning C4312: “类型转换”: 从“unsigned long”转换到更大的“triangle *”
E:\Ziqi\external\triangle\triangle.c(12310): warning C4311: “类型转换”: 从“triangle”到“unsigned long”的指针截断
E:\Ziqi\external\triangle\triangle.c(12310): warning C4312: “类型转换”: 从“unsigned long”转换到更大的“triangle *”
E:\Ziqi\external\triangle\triangle.c(12317): warning C4311: “类型转换”: 从“triangle”到“unsigned long”的指针截断
E:\Ziqi\external\triangle\triangle.c(12317): warning C4312: “类型转换”: 从“unsigned long”转换到更大的“triangle *”
E:\Ziqi\external\triangle\triangle.c(12379): warning C4311: “类型转换”: 从“triangle”到“unsigned long”的指针截断
E:\Ziqi\external\triangle\triangle.c(12379): warning C4312: “类型转换”: 从“unsigned long”转换到更大的“triangle *”
E:\Ziqi\external\triangle\triangle.c(12388): warning C4311: “类型转换”: 从“triangle”到“unsigned long”的指针截断
E:\Ziqi\external\triangle\triangle.c(12388): warning C4312: “类型转换”: 从“unsigned long”转换到更大的“triangle *”
E:\Ziqi\external\triangle\triangle.c(12391): warning C4311: “类型转换”: 从“triangle”到“unsigned long”的指针截断
E:\Ziqi\external\triangle\triangle.c(12391): warning C4312: “类型转换”: 从“unsigned long”转换到更大的“triangle *”
E:\Ziqi\external\triangle\triangle.c(12454): warning C4996: 'strcpy': This function or variable may be unsafe. Consider using strcpy_s instead. To disable deprecation, use _CRT_SECURE_NO_WARNINGS. See online help for details.
  C:\Program Files (x86)\Windows Kits\10\Include\10.0.10240.0\ucrt\string.h(119): note: 参见“strcpy”的声明
E:\Ziqi\external\triangle\triangle.c(12599): warning C4311: “类型转换”: 从“triangle”到“unsigned long”的指针截断
E:\Ziqi\external\triangle\triangle.c(12599): warning C4312: “类型转换”: 从“unsigned long”转换到更大的“triangle *”
E:\Ziqi\external\triangle\triangle.c(12605): warning C4311: “类型转换”: 从“triangle”到“unsigned long”的指针截断
E:\Ziqi\external\triangle\triangle.c(12607): warning C4311: “类型转换”: 从“subseg”到“unsigned long”的指针截断
E:\Ziqi\external\triangle\triangle.c(12607): warning C4312: “类型转换”: 从“unsigned long”转换到更大的“subseg *”
E:\Ziqi\external\triangle\triangle.c(12610): warning C4311: “类型转换”: 从“triangle”到“unsigned long”的指针截断
E:\Ziqi\external\triangle\triangle.c(12611): warning C4311: “类型转换”: 从“triangle”到“unsigned long”的指针截断
E:\Ziqi\external\triangle\triangle.c(12611): warning C4312: “类型转换”: 从“unsigned long”转换到更大的“triangle”
E:\Ziqi\external\triangle\triangle.c(12632): warning C4311: “类型转换”: 从“triangle”到“unsigned long”的指针截断
E:\Ziqi\external\triangle\triangle.c(12632): warning C4312: “类型转换”: 从“unsigned long”转换到更大的“triangle *”
E:\Ziqi\external\triangle\triangle.c(12635): warning C4311: “类型转换”: 从“triangle”到“unsigned long”的指针截断
E:\Ziqi\external\triangle\triangle.c(12635): warning C4312: “类型转换”: 从“unsigned long”转换到更大的“triangle *”
E:\Ziqi\external\triangle\triangle.c(12691): warning C4311: “类型转换”: 从“triangle”到“unsigned long”的指针截断
E:\Ziqi\external\triangle\triangle.c(12691): warning C4312: “类型转换”: 从“unsigned long”转换到更大的“triangle”
E:\Ziqi\external\triangle\triangle.c(12706): warning C4311: “类型转换”: 从“triangle”到“unsigned long”的指针截断
E:\Ziqi\external\triangle\triangle.c(12706): warning C4312: “类型转换”: 从“unsigned long”转换到更大的“triangle *”
E:\Ziqi\external\triangle\triangle.c(12708): warning C4311: “类型转换”: 从“subseg”到“unsigned long”的指针截断
E:\Ziqi\external\triangle\triangle.c(12708): warning C4312: “类型转换”: 从“unsigned long”转换到更大的“subseg *”
E:\Ziqi\external\triangle\triangle.c(12710): warning C4311: “类型转换”: 从“triangle”到“unsigned long”的指针截断
E:\Ziqi\external\triangle\triangle.c(12719): warning C4311: “类型转换”: 从“triangle”到“unsigned long”的指针截断
E:\Ziqi\external\triangle\triangle.c(12719): warning C4312: “类型转换”: 从“unsigned long”转换到更大的“triangle”
E:\Ziqi\external\triangle\triangle.c(12721): warning C4311: “类型转换”: 从“triangle”到“unsigned long”的指针截断
E:\Ziqi\external\triangle\triangle.c(12721): warning C4312: “类型转换”: 从“unsigned long”转换到更大的“triangle”
E:\Ziqi\external\triangle\triangle.c(12737): warning C4311: “类型转换”: 从“triangle”到“unsigned long”的指针截断
E:\Ziqi\external\triangle\triangle.c(12737): warning C4312: “类型转换”: 从“unsigned long”转换到更大的“triangle”
E:\Ziqi\external\triangle\triangle.c(12761): warning C4311: “类型转换”: 从“triangle”到“unsigned long”的指针截断
E:\Ziqi\external\triangle\triangle.c(12761): warning C4312: “类型转换”: 从“unsigned long”转换到更大的“triangle”
E:\Ziqi\external\triangle\triangle.c(12785): warning C4311: “类型转换”: 从“triangle”到“unsigned long”的指针截断
E:\Ziqi\external\triangle\triangle.c(12785): warning C4312: “类型转换”: 从“unsigned long”转换到更大的“triangle *”
E:\Ziqi\external\triangle\triangle.c(12789): warning C4311: “类型转换”: 从“triangle”到“unsigned long”的指针截断
E:\Ziqi\external\triangle\triangle.c(12797): warning C4311: “类型转换”: 从“triangle”到“unsigned long”的指针截断
E:\Ziqi\external\triangle\triangle.c(12797): warning C4312: “类型转换”: 从“unsigned long”转换到更大的“triangle *”
E:\Ziqi\external\triangle\triangle.c(12802): warning C4311: “类型转换”: 从“triangle”到“unsigned long”的指针截断
E:\Ziqi\external\triangle\triangle.c(12802): warning C4312: “类型转换”: 从“unsigned long”转换到更大的“triangle *”
E:\Ziqi\external\triangle\triangle.c(12805): warning C4311: “类型转换”: 从“triangle”到“unsigned long”的指针截断
E:\Ziqi\external\triangle\triangle.c(12813): warning C4311: “类型转换”: 从“triangle”到“unsigned long”的指针截断
E:\Ziqi\external\triangle\triangle.c(12813): warning C4312: “类型转换”: 从“unsigned long”转换到更大的“triangle *”
E:\Ziqi\external\triangle\triangle.c(12830): warning C4311: “类型转换”: 从“triangle”到“unsigned long”的指针截断
E:\Ziqi\external\triangle\triangle.c(12830): warning C4312: “类型转换”: 从“unsigned long”转换到更大的“triangle *”
E:\Ziqi\external\triangle\triangle.c(12902): warning C4311: “类型转换”: 从“triangle”到“unsigned long”的指针截断
E:\Ziqi\external\triangle\triangle.c(12902): warning C4312: “类型转换”: 从“unsigned long”转换到更大的“triangle”
E:\Ziqi\external\triangle\triangle.c(12925): warning C4311: “类型转换”: 从“triangle”到“unsigned long”的指针截断
E:\Ziqi\external\triangle\triangle.c(12925): warning C4312: “类型转换”: 从“unsigned long”转换到更大的“triangle *”
E:\Ziqi\external\triangle\triangle.c(12927): warning C4311: “类型转换”: 从“subseg”到“unsigned long”的指针截断
E:\Ziqi\external\triangle\triangle.c(12927): warning C4312: “类型转换”: 从“unsigned long”转换到更大的“subseg *”
E:\Ziqi\external\triangle\triangle.c(12930): warning C4311: “类型转换”: 从“triangle”到“unsigned long”的指针截断
E:\Ziqi\external\triangle\triangle.c(12941): warning C4311: “类型转换”: 从“triangle”到“unsigned long”的指针截断
E:\Ziqi\external\triangle\triangle.c(12941): warning C4312: “类型转换”: 从“unsigned long”转换到更大的“triangle”
E:\Ziqi\external\triangle\triangle.c(12949): warning C4311: “类型转换”: 从“triangle”到“unsigned long”的指针截断
E:\Ziqi\external\triangle\triangle.c(12949): warning C4312: “类型转换”: 从“unsigned long”转换到更大的“triangle”
E:\Ziqi\external\triangle\triangle.c(12961): warning C4311: “类型转换”: 从“triangle”到“unsigned long”的指针截断
E:\Ziqi\external\triangle\triangle.c(12961): warning C4312: “类型转换”: 从“unsigned long”转换到更大的“triangle”
E:\Ziqi\external\triangle\triangle.c(13040): warning C4311: “类型转换”: 从“triangle”到“unsigned long”的指针截断
E:\Ziqi\external\triangle\triangle.c(13040): warning C4312: “类型转换”: 从“unsigned long”转换到更大的“triangle *”
E:\Ziqi\external\triangle\triangle.c(13050): warning C4311: “类型转换”: 从“triangle”到“unsigned long”的指针截断
E:\Ziqi\external\triangle\triangle.c(13053): warning C4311: “类型转换”: 从“triangle”到“unsigned long”的指针截断
E:\Ziqi\external\triangle\triangle.c(13053): warning C4312: “类型转换”: 从“unsigned long”转换到更大的“triangle”
E:\Ziqi\external\triangle\triangle.c(13079): warning C4311: “类型转换”: 从“triangle”到“unsigned long”的指针截断
E:\Ziqi\external\triangle\triangle.c(13079): warning C4312: “类型转换”: 从“unsigned long”转换到更大的“triangle *”
E:\Ziqi\external\triangle\triangle.c(13089): warning C4311: “类型转换”: 从“triangle”到“unsigned long”的指针截断
E:\Ziqi\external\triangle\triangle.c(13133): warning C4311: “类型转换”: 从“triangle”到“unsigned long”的指针截断
E:\Ziqi\external\triangle\triangle.c(13133): warning C4312: “类型转换”: 从“unsigned long”转换到更大的“triangle”
E:\Ziqi\external\triangle\triangle.c(13268): warning C4311: “类型转换”: 从“subseg”到“unsigned long”的指针截断
E:\Ziqi\external\triangle\triangle.c(13268): warning C4312: “类型转换”: 从“unsigned long”转换到更大的“subseg *”
E:\Ziqi\external\triangle\triangle.c(13293): warning C4311: “类型转换”: 从“triangle”到“unsigned long”的指针截断
E:\Ziqi\external\triangle\triangle.c(13293): warning C4312: “类型转换”: 从“unsigned long”转换到更大的“triangle *”
E:\Ziqi\external\triangle\triangle.c(13295): warning C4311: “类型转换”: 从“subseg”到“unsigned long”的指针截断
E:\Ziqi\external\triangle\triangle.c(13295): warning C4312: “类型转换”: 从“unsigned long”转换到更大的“subseg *”
E:\Ziqi\external\triangle\triangle.c(13299): warning C4311: “类型转换”: 从“subseg”到“unsigned long”的指针截断
E:\Ziqi\external\triangle\triangle.c(13299): warning C4312: “类型转换”: 从“unsigned long”转换到更大的“subseg *”
E:\Ziqi\external\triangle\triangle.c(13311): warning C4311: “类型转换”: 从“triangle”到“unsigned long”的指针截断
E:\Ziqi\external\triangle\triangle.c(13311): warning C4312: “类型转换”: 从“unsigned long”转换到更大的“triangle *”
E:\Ziqi\external\triangle\triangle.c(13319): warning C4311: “类型转换”: 从“triangle”到“unsigned long”的指针截断
E:\Ziqi\external\triangle\triangle.c(13319): warning C4312: “类型转换”: 从“unsigned long”转换到更大的“triangle *”
E:\Ziqi\external\triangle\triangle.c(13323): warning C4311: “类型转换”: 从“subseg”到“unsigned long”的指针截断
E:\Ziqi\external\triangle\triangle.c(13323): warning C4312: “类型转换”: 从“unsigned long”转换到更大的“subseg *”
E:\Ziqi\external\triangle\triangle.c(13328): warning C4311: “类型转换”: 从“subseg”到“unsigned long”的指针截断
E:\Ziqi\external\triangle\triangle.c(13328): warning C4312: “类型转换”: 从“unsigned long”转换到更大的“subseg *”
E:\Ziqi\external\triangle\triangle.c(13339): warning C4311: “类型转换”: 从“triangle”到“unsigned long”的指针截断
E:\Ziqi\external\triangle\triangle.c(13339): warning C4312: “类型转换”: 从“unsigned long”转换到更大的“triangle *”
E:\Ziqi\external\triangle\triangle.c(13427): warning C4311: “类型转换”: 从“subseg”到“unsigned long”的指针截断
E:\Ziqi\external\triangle\triangle.c(13427): warning C4312: “类型转换”: 从“unsigned long”转换到更大的“subseg *”
E:\Ziqi\external\triangle\triangle.c(13502): warning C4311: “类型转换”: 从“triangle”到“unsigned long”的指针截断
E:\Ziqi\external\triangle\triangle.c(13502): warning C4312: “类型转换”: 从“unsigned long”转换到更大的“triangle *”
E:\Ziqi\external\triangle\triangle.c(13749): warning C4311: “类型转换”: 从“triangle”到“unsigned long”的指针截断
E:\Ziqi\external\triangle\triangle.c(13749): warning C4312: “类型转换”: 从“unsigned long”转换到更大的“triangle *”
E:\Ziqi\external\triangle\triangle.c(13765): warning C4311: “类型转换”: 从“subseg”到“unsigned long”的指针截断
E:\Ziqi\external\triangle\triangle.c(13765): warning C4312: “类型转换”: 从“unsigned long”转换到更大的“subseg *”
E:\Ziqi\external\triangle\triangle.c(14863): warning C4311: “类型转换”: 从“triangle”到“unsigned long”的指针截断
E:\Ziqi\external\triangle\triangle.c(14863): warning C4312: “类型转换”: 从“unsigned long”转换到更大的“triangle *”
E:\Ziqi\external\triangle\triangle.c(14881): warning C4311: “类型转换”: 从“subseg”到“unsigned long”的指针截断
E:\Ziqi\external\triangle\triangle.c(14881): warning C4312: “类型转换”: 从“unsigned long”转换到更大的“subseg *”
E:\Ziqi\external\triangle\triangle.c(15102): warning C4311: “类型转换”: 从“triangle”到“unsigned long”的指针截断
E:\Ziqi\external\triangle\triangle.c(15102): warning C4312: “类型转换”: 从“unsigned long”转换到更大的“triangle *”
E:\Ziqi\external\triangle\triangle.c(15225): warning C4311: “类型转换”: 从“triangle”到“unsigned long”的指针截断
E:\Ziqi\external\triangle\triangle.c(15225): warning C4312: “类型转换”: 从“unsigned long”转换到更大的“triangle *”
E:\Ziqi\external\triangle\triangle.c(15228): warning C4311: “类型转换”: 从“triangle”到“unsigned long”的指针截断
E:\Ziqi\external\triangle\triangle.c(15228): warning C4312: “类型转换”: 从“unsigned long”转换到更大的“triangle *”
E:\Ziqi\external\triangle\triangle.c(15231): warning C4311: “类型转换”: 从“triangle”到“unsigned long”的指针截断
E:\Ziqi\external\triangle\triangle.c(15231): warning C4312: “类型转换”: 从“unsigned long”转换到更大的“triangle *”
  triangle.vcxproj -> E:\Ziqi\vs2015\libigl\triangle\Debug\triangle.lib
