e:\ziqi\vs2015\libigl\nanogui\nanogui-obj.dir\debug\nanogui-obj.pdb
e:\ziqi\vs2015\libigl\nanogui\nanogui-obj.dir\debug\nanovg.obj
e:\ziqi\vs2015\libigl\nanogui\nanogui-obj.dir\debug\glad.obj
e:\ziqi\vs2015\libigl\nanogui\nanogui-obj.dir\debug\widget.obj
e:\ziqi\vs2015\libigl\nanogui\nanogui-obj.dir\debug\label.obj
e:\ziqi\vs2015\libigl\nanogui\nanogui-obj.dir\debug\checkbox.obj
e:\ziqi\vs2015\libigl\nanogui\nanogui-obj.dir\debug\progressbar.obj
e:\ziqi\vs2015\libigl\nanogui\nanogui-obj.dir\debug\imagepanel.obj
e:\ziqi\vs2015\libigl\nanogui\nanogui-obj.dir\debug\colorpicker.obj
e:\ziqi\vs2015\libigl\nanogui\nanogui-obj.dir\debug\tabheader.obj
e:\ziqi\vs2015\libigl\nanogui\nanogui-obj.dir\debug\nanogui_resources.obj
e:\ziqi\vs2015\libigl\nanogui\nanogui-obj.dir\debug\theme.obj
e:\ziqi\vs2015\libigl\nanogui\nanogui-obj.dir\debug\layout.obj
e:\ziqi\vs2015\libigl\nanogui\nanogui-obj.dir\debug\window.obj
e:\ziqi\vs2015\libigl\nanogui\nanogui-obj.dir\debug\combobox.obj
e:\ziqi\vs2015\libigl\nanogui\nanogui-obj.dir\debug\textbox.obj
e:\ziqi\vs2015\libigl\nanogui\nanogui-obj.dir\debug\colorwheel.obj
e:\ziqi\vs2015\libigl\nanogui\nanogui-obj.dir\debug\glutil.obj
e:\ziqi\vs2015\libigl\nanogui\nanogui-obj.dir\debug\popup.obj
e:\ziqi\vs2015\libigl\nanogui\nanogui-obj.dir\debug\popupbutton.obj
e:\ziqi\vs2015\libigl\nanogui\nanogui-obj.dir\debug\messagedialog.obj
e:\ziqi\vs2015\libigl\nanogui\nanogui-obj.dir\debug\vscrollpanel.obj
e:\ziqi\vs2015\libigl\nanogui\nanogui-obj.dir\debug\graph.obj
e:\ziqi\vs2015\libigl\nanogui\nanogui-obj.dir\debug\tabwidget.obj
e:\ziqi\vs2015\libigl\nanogui\nanogui-obj.dir\debug\serializer.obj
e:\ziqi\vs2015\libigl\nanogui\nanogui-obj.dir\debug\common.obj
e:\ziqi\vs2015\libigl\nanogui\nanogui-obj.dir\debug\screen.obj
e:\ziqi\vs2015\libigl\nanogui\nanogui-obj.dir\debug\button.obj
e:\ziqi\vs2015\libigl\nanogui\nanogui-obj.dir\debug\slider.obj
e:\ziqi\vs2015\libigl\nanogui\nanogui-obj.dir\debug\imageview.obj
e:\ziqi\vs2015\libigl\nanogui\nanogui-obj.dir\debug\stackedwidget.obj
e:\ziqi\vs2015\libigl\nanogui\nanogui-obj.dir\debug\glcanvas.obj
e:\ziqi\vs2015\libigl\nanogui\cmakefiles\generate.stamp
e:\ziqi\vs2015\libigl\nanogui\nanogui_resources.cpp
e:\ziqi\vs2015\libigl\nanogui\nanogui_resources.h
e:\ziqi\vs2015\libigl\nanogui\nanogui-obj.dir\debug\nanogui-obj.lib
e:\ziqi\vs2015\libigl\nanogui\nanogui-obj.dir\debug\nanogui-obj.tlog\cl.command.1.tlog
e:\ziqi\vs2015\libigl\nanogui\nanogui-obj.dir\debug\nanogui-obj.tlog\cl.read.1.tlog
e:\ziqi\vs2015\libigl\nanogui\nanogui-obj.dir\debug\nanogui-obj.tlog\cl.write.1.tlog
e:\ziqi\vs2015\libigl\nanogui\nanogui-obj.dir\debug\nanogui-obj.tlog\custombuild.command.1.tlog
e:\ziqi\vs2015\libigl\nanogui\nanogui-obj.dir\debug\nanogui-obj.tlog\custombuild.read.1.tlog
e:\ziqi\vs2015\libigl\nanogui\nanogui-obj.dir\debug\nanogui-obj.tlog\custombuild.write.1.tlog
e:\ziqi\vs2015\libigl\nanogui\nanogui-obj.dir\debug\nanogui-obj.tlog\lib-link.read.1.tlog
e:\ziqi\vs2015\libigl\nanogui\nanogui-obj.dir\debug\nanogui-obj.tlog\lib-link.write.1.tlog
e:\ziqi\vs2015\libigl\nanogui\nanogui-obj.dir\debug\nanogui-obj.tlog\lib.command.1.tlog
