e:\ziqi\vs2015\libigl\nanogui\ext_build\glfw\src\glfw_objects.dir\debug\glfw_objects.pdb
e:\ziqi\vs2015\libigl\nanogui\ext_build\glfw\src\glfw_objects.dir\debug\egl_context.obj
e:\ziqi\vs2015\libigl\nanogui\ext_build\glfw\src\glfw_objects.dir\debug\wgl_context.obj
e:\ziqi\vs2015\libigl\nanogui\ext_build\glfw\src\glfw_objects.dir\debug\win32_window.obj
e:\ziqi\vs2015\libigl\nanogui\ext_build\glfw\src\glfw_objects.dir\debug\win32_tls.obj
e:\ziqi\vs2015\libigl\nanogui\ext_build\glfw\src\glfw_objects.dir\debug\win32_time.obj
e:\ziqi\vs2015\libigl\nanogui\ext_build\glfw\src\glfw_objects.dir\debug\win32_monitor.obj
e:\ziqi\vs2015\libigl\nanogui\ext_build\glfw\src\glfw_objects.dir\debug\win32_joystick.obj
e:\ziqi\vs2015\libigl\nanogui\ext_build\glfw\src\glfw_objects.dir\debug\win32_init.obj
e:\ziqi\vs2015\libigl\nanogui\ext_build\glfw\src\glfw_objects.dir\debug\window.obj
e:\ziqi\vs2015\libigl\nanogui\ext_build\glfw\src\glfw_objects.dir\debug\vulkan.obj
e:\ziqi\vs2015\libigl\nanogui\ext_build\glfw\src\glfw_objects.dir\debug\monitor.obj
e:\ziqi\vs2015\libigl\nanogui\ext_build\glfw\src\glfw_objects.dir\debug\input.obj
e:\ziqi\vs2015\libigl\nanogui\ext_build\glfw\src\glfw_objects.dir\debug\init.obj
e:\ziqi\vs2015\libigl\nanogui\ext_build\glfw\src\glfw_objects.dir\debug\context.obj
e:\ziqi\vs2015\libigl\nanogui\ext_build\glfw\src\cmakefiles\generate.stamp
e:\ziqi\vs2015\libigl\nanogui\ext_build\glfw\src\glfw_objects.dir\debug\glfw_objects.lib
e:\ziqi\vs2015\libigl\nanogui\ext_build\glfw\src\glfw_objects.dir\debug\glfw_objects.tlog\cl.command.1.tlog
e:\ziqi\vs2015\libigl\nanogui\ext_build\glfw\src\glfw_objects.dir\debug\glfw_objects.tlog\cl.read.1.tlog
e:\ziqi\vs2015\libigl\nanogui\ext_build\glfw\src\glfw_objects.dir\debug\glfw_objects.tlog\cl.write.1.tlog
e:\ziqi\vs2015\libigl\nanogui\ext_build\glfw\src\glfw_objects.dir\debug\glfw_objects.tlog\custombuild.command.1.tlog
e:\ziqi\vs2015\libigl\nanogui\ext_build\glfw\src\glfw_objects.dir\debug\glfw_objects.tlog\custombuild.read.1.tlog
e:\ziqi\vs2015\libigl\nanogui\ext_build\glfw\src\glfw_objects.dir\debug\glfw_objects.tlog\custombuild.write.1.tlog
e:\ziqi\vs2015\libigl\nanogui\ext_build\glfw\src\glfw_objects.dir\debug\glfw_objects.tlog\lib-link.read.1.tlog
e:\ziqi\vs2015\libigl\nanogui\ext_build\glfw\src\glfw_objects.dir\debug\glfw_objects.tlog\lib-link.write.1.tlog
e:\ziqi\vs2015\libigl\nanogui\ext_build\glfw\src\glfw_objects.dir\debug\glfw_objects.tlog\lib.command.1.tlog
